[ 2016-09-14T13:40:46+08:00 ] ::1 /doing/index.php/doing/index.php/Admin/Activity/index/p/2
INFO: [ app_init ] --START--
INFO: Run Behavior\BuildLiteBehavior [ RunTime:0.000000s ]
INFO: [ app_init ] --END-- [ RunTime:0.000000s ]
ERR: 无法加载模块:Doing

[ 2016-09-14T13:40:56+08:00 ] 192.168.31.165 /index.php/index.php/Admin/Activity/index/p/3
INFO: [ app_init ] --START--
INFO: Run Behavior\BuildLiteBehavior [ RunTime:0.000000s ]
INFO: [ app_init ] --END-- [ RunTime:0.000000s ]
ERR: 无法加载模块:Index.php

[ 2016-09-14T13:40:59+08:00 ] 192.168.31.165 /index.php/index.php/Admin/Activity/index/p/4
INFO: [ app_init ] --START--
INFO: Run Behavior\BuildLiteBehavior [ RunTime:0.000000s ]
INFO: [ app_init ] --END-- [ RunTime:0.000000s ]
ERR: 无法加载模块:Index.php

[ 2016-09-14T13:41:00+08:00 ] 192.168.31.165 /index.php/index.php/Admin/Activity/index/p/1
INFO: [ app_init ] --START--
INFO: Run Behavior\BuildLiteBehavior [ RunTime:0.000000s ]
INFO: [ app_init ] --END-- [ RunTime:0.001000s ]
ERR: 无法加载模块:Index.php

[ 2016-09-14T13:41:01+08:00 ] ::1 /doing/index.php/doing/index.php/Admin/Activity/index/p/1
INFO: [ app_init ] --START--
INFO: Run Behavior\BuildLiteBehavior [ RunTime:0.000000s ]
INFO: [ app_init ] --END-- [ RunTime:0.001000s ]
ERR: 无法加载模块:Doing

[ 2016-09-14T13:41:03+08:00 ] 192.168.31.165 /index.php/index.php/Admin/Activity/index/p/3
INFO: [ app_init ] --START--
INFO: Run Behavior\BuildLiteBehavior [ RunTime:0.000000s ]
INFO: [ app_init ] --END-- [ RunTime:0.000000s ]
ERR: 无法加载模块:Index.php

[ 2016-09-14T13:41:15+08:00 ] ::1 /doing/index.php/doing/index.php/Admin/Activity/index/activity_period/0/activity_area/0/activity_duration/0/p/4
INFO: [ app_init ] --START--
INFO: Run Behavior\BuildLiteBehavior [ RunTime:0.000000s ]
INFO: [ app_init ] --END-- [ RunTime:0.001000s ]
ERR: 无法加载模块:Doing

[ 2016-09-14T13:42:18+08:00 ] ::1 /doing/index.php/doing/index.php/Admin/Activity/p/2
INFO: [ app_init ] --START--
INFO: Run Behavior\BuildLiteBehavior [ RunTime:0.000000s ]
INFO: [ app_init ] --END-- [ RunTime:0.000000s ]
ERR: 无法加载模块:Doing

[ 2016-09-14T13:48:30+08:00 ] 192.168.31.165 /index.php/index.php/Admin/Activity/index/p/3
INFO: [ app_init ] --START--
INFO: Run Behavior\BuildLiteBehavior [ RunTime:0.000000s ]
INFO: [ app_init ] --END-- [ RunTime:0.000000s ]
ERR: 无法加载模块:Index.php

