[ 2016-09-08T14:42:33+08:00 ] ::1 /doing/tpl/Public/js/laydate-v1.1/laydate.js
INFO: [ app_init ] --START--
INFO: Run Behavior\BuildLiteBehavior [ RunTime:0.000000s ]
INFO: [ app_init ] --END-- [ RunTime:0.000000s ]
ERR: 无法加载模块:Tpl

[ 2016-09-08T14:43:23+08:00 ] ::1 /doing/Public/laydate-v1.1/laydate.js
INFO: [ app_init ] --START--
INFO: Run Behavior\BuildLiteBehavior [ RunTime:0.000000s ]
INFO: [ app_init ] --END-- [ RunTime:0.000000s ]
ERR: 无法加载模块:Public

[ 2016-09-08T14:44:39+08:00 ] ::1 /doing/Public/laydate-v1.1/laydate.js
INFO: [ app_init ] --START--
INFO: Run Behavior\BuildLiteBehavior [ RunTime:0.000000s ]
INFO: [ app_init ] --END-- [ RunTime:0.000000s ]
ERR: 无法加载模块:Public

[ 2016-09-08T17:22:49+08:00 ] ::1 /doing/index.php/doing/index.php/Admin/Activity/index/p/1
INFO: [ app_init ] --START--
INFO: Run Behavior\BuildLiteBehavior [ RunTime:0.000000s ]
INFO: [ app_init ] --END-- [ RunTime:0.001000s ]
ERR: 无法加载模块:Doing

[ 2016-09-08T17:28:38+08:00 ] ::1 /doing/index.php/doing/index.php/Admin/Activity/index/p/1
INFO: [ app_init ] --START--
INFO: Run Behavior\BuildLiteBehavior [ RunTime:0.000000s ]
INFO: [ app_init ] --END-- [ RunTime:0.000000s ]
ERR: 无法加载模块:Doing

[ 2016-09-08T17:28:55+08:00 ] ::1 /doing/index.php/doing/index.php/Admin/Activity/index/p/1
INFO: [ app_init ] --START--
INFO: Run Behavior\BuildLiteBehavior [ RunTime:0.000000s ]
INFO: [ app_init ] --END-- [ RunTime:0.000000s ]
ERR: 无法加载模块:Doing

[ 2016-09-08T17:29:01+08:00 ] ::1 /doing/index.php/doing/index.php/Admin/Activity/index/p/1
INFO: [ app_init ] --START--
INFO: Run Behavior\BuildLiteBehavior [ RunTime:0.000000s ]
INFO: [ app_init ] --END-- [ RunTime:0.000000s ]
ERR: 无法加载模块:Doing

[ 2016-09-08T17:34:33+08:00 ] ::1 /doing/index.php/doing/index.php/Admin/Activity/index/p/2
INFO: [ app_init ] --START--
INFO: Run Behavior\BuildLiteBehavior [ RunTime:0.000000s ]
INFO: [ app_init ] --END-- [ RunTime:0.000000s ]
ERR: 无法加载模块:Doing

[ 2016-09-08T17:34:37+08:00 ] ::1 /doing/index.php/doing/index.php/Admin/Activity/index/p/2
INFO: [ app_init ] --START--
INFO: Run Behavior\BuildLiteBehavior [ RunTime:0.000000s ]
INFO: [ app_init ] --END-- [ RunTime:0.001000s ]
ERR: 无法加载模块:Doing

