[ 2016-09-12T10:19:23+08:00 ] ::1 /doing/index.php/doing/index.php/Admin/Activity/index/p/2
INFO: [ app_init ] --START--
INFO: Run Behavior\BuildLiteBehavior [ RunTime:0.000000s ]
INFO: [ app_init ] --END-- [ RunTime:0.001000s ]
ERR: 无法加载模块:Doing

[ 2016-09-12T10:19:30+08:00 ] ::1 /doing/index.php/doing/index.php/Admin/Activity/index/p/2
INFO: [ app_init ] --START--
INFO: Run Behavior\BuildLiteBehavior [ RunTime:0.000000s ]
INFO: [ app_init ] --END-- [ RunTime:0.001000s ]
ERR: 无法加载模块:Doing

[ 2016-09-12T10:19:32+08:00 ] ::1 /doing/index.php/doing/index.php/Admin/Activity/index/p/1
INFO: [ app_init ] --START--
INFO: Run Behavior\BuildLiteBehavior [ RunTime:0.000000s ]
INFO: [ app_init ] --END-- [ RunTime:0.000000s ]
ERR: 无法加载模块:Doing

[ 2016-09-12T10:22:31+08:00 ] ::1 /doing/index.php/doing/index.php/Admin/Activity/index/p/2
INFO: [ app_init ] --START--
INFO: Run Behavior\BuildLiteBehavior [ RunTime:0.000000s ]
INFO: [ app_init ] --END-- [ RunTime:0.001000s ]
ERR: 无法加载模块:Doing

[ 2016-09-12T10:25:45+08:00 ] ::1 /doing/index.php/doing/index.php/Admin/Activity/index/activity_date//p/1
INFO: [ app_init ] --START--
INFO: Run Behavior\BuildLiteBehavior [ RunTime:0.000000s ]
INFO: [ app_init ] --END-- [ RunTime:0.000000s ]
ERR: 无法加载模块:Doing

[ 2016-09-12T10:32:31+08:00 ] ::1 /doing/index.php/doing/index.php/Admin/Activity/index/activity_mode//p/1
INFO: [ app_init ] --START--
INFO: Run Behavior\BuildLiteBehavior [ RunTime:0.000000s ]
INFO: [ app_init ] --END-- [ RunTime:0.000000s ]
ERR: 无法加载模块:Doing

