[ 2016-09-30T09:44:47+08:00 ] ::1 /doing/index.php/Admin/Index/index
INFO: [ app_init ] --START--
INFO: Run Behavior\BuildLiteBehavior [ RunTime:0.000000s ]
INFO: [ app_init ] --END-- [ RunTime:0.000000s ]
INFO: [ app_begin ] --START--
INFO: Run Behavior\ReadHtmlCacheBehavior [ RunTime:0.000000s ]
INFO: [ app_begin ] --END-- [ RunTime:0.001000s ]
SQL: SHOW COLUMNS FROM `do_auth_group_access` [ RunTime:0.0160s ]
SQL: SELECT `uid`,`group_id`,`title`,`rules` FROM do_auth_group_access a INNER JOIN do_auth_group g on a.group_id=g.id  WHERE ( a.uid='88' and g.status='1' )  [ RunTime:0.0160s ]
SQL: SHOW COLUMNS FROM `do_auth_rule` [ RunTime:0.0050s ]
SQL: SELECT `condition`,`name` FROM `do_auth_rule` WHERE `id` IN ('6','96','20','1','2','3','4','5','64','21','7','8','9','10','11','12','13','14','15','16','19','137','138','139','140','141','134','135','136','104','105','106','107','108','118','109','110','111','112','117','127','128','129','130','131','132','133') AND `type` = 1 AND `status` = 1  [ RunTime:0.0010s ]
NOTIC: [2048] Declaration of Common\Model\AdminNavModel::getTreeData() should be compatible with Common\Model\BaseModel::getTreeData($type = 'tree', $order = '', $name = 'name', $child = 'id', $parent = 'pid') E:\phpstudy\WWW\doing\Application\Common\Model\AdminNavModel.class.php 第 7 行.
SQL: SHOW COLUMNS FROM `do_admin_nav` [ RunTime:0.0100s ]
SQL: SELECT * FROM `do_admin_nav` ORDER BY order_number is null,`order_number`,`id`  [ RunTime:0.0070s ]
INFO: [ view_parse ] --START--
INFO: [ template_filter ] --START--
INFO: Run Behavior\ContentReplaceBehavior [ RunTime:0.001000s ]
INFO: [ template_filter ] --END-- [ RunTime:0.001000s ]
INFO: Run Behavior\ParseTemplateBehavior [ RunTime:0.014000s ]
INFO: [ view_parse ] --END-- [ RunTime:0.014000s ]
INFO: [ view_filter ] --START--
INFO: Run Behavior\WriteHtmlCacheBehavior [ RunTime:0.001000s ]
INFO: [ view_filter ] --END-- [ RunTime:0.001000s ]
INFO: [ app_end ] --START--
INFO: Run Behavior\ShowPageTraceBehavior [ RunTime:0.000000s ]
INFO: [ app_end ] --END-- [ RunTime:0.000000s ]

[ 2016-09-30T09:44:47+08:00 ] ::1 /doing/index.php/Admin/Index/welcome
INFO: [ app_init ] --START--
INFO: Run Behavior\BuildLiteBehavior [ RunTime:0.000000s ]
INFO: [ app_init ] --END-- [ RunTime:0.000000s ]
INFO: [ app_begin ] --START--
INFO: Run Behavior\ReadHtmlCacheBehavior [ RunTime:0.000000s ]
INFO: [ app_begin ] --END-- [ RunTime:0.000000s ]
SQL: SHOW COLUMNS FROM `do_auth_group_access` [ RunTime:0.0030s ]
SQL: SELECT `uid`,`group_id`,`title`,`rules` FROM do_auth_group_access a INNER JOIN do_auth_group g on a.group_id=g.id  WHERE ( a.uid='88' and g.status='1' )  [ RunTime:0.0000s ]
SQL: SHOW COLUMNS FROM `do_auth_rule` [ RunTime:0.0030s ]
SQL: SELECT `condition`,`name` FROM `do_auth_rule` WHERE `id` IN ('6','96','20','1','2','3','4','5','64','21','7','8','9','10','11','12','13','14','15','16','19','137','138','139','140','141','134','135','136','104','105','106','107','108','118','109','110','111','112','117','127','128','129','130','131','132','133') AND `type` = 1 AND `status` = 1  [ RunTime:0.0000s ]
INFO: [ view_parse ] --START--
INFO: [ template_filter ] --START--
INFO: Run Behavior\ContentReplaceBehavior [ RunTime:0.000000s ]
INFO: [ template_filter ] --END-- [ RunTime:0.000000s ]
INFO: Run Behavior\ParseTemplateBehavior [ RunTime:0.001000s ]
INFO: [ view_parse ] --END-- [ RunTime:0.001000s ]
INFO: [ view_filter ] --START--
INFO: Run Behavior\WriteHtmlCacheBehavior [ RunTime:0.000000s ]
INFO: [ view_filter ] --END-- [ RunTime:0.000000s ]
INFO: [ app_end ] --START--
INFO: Run Behavior\ShowPageTraceBehavior [ RunTime:0.001000s ]
INFO: [ app_end ] --END-- [ RunTime:0.001000s ]

[ 2016-09-30T09:46:38+08:00 ] ::1 /doing/index.php/Admin/Activity/index
INFO: [ app_init ] --START--
INFO: Run Behavior\BuildLiteBehavior [ RunTime:0.000000s ]
INFO: [ app_init ] --END-- [ RunTime:0.000000s ]
INFO: [ app_begin ] --START--
INFO: Run Behavior\ReadHtmlCacheBehavior [ RunTime:0.000000s ]
INFO: [ app_begin ] --END-- [ RunTime:0.000000s ]
SQL: SHOW COLUMNS FROM `do_auth_group_access` [ RunTime:0.0030s ]
SQL: SELECT `uid`,`group_id`,`title`,`rules` FROM do_auth_group_access a INNER JOIN do_auth_group g on a.group_id=g.id  WHERE ( a.uid='88' and g.status='1' )  [ RunTime:0.0010s ]
SQL: SHOW COLUMNS FROM `do_auth_rule` [ RunTime:0.0020s ]
SQL: SELECT `condition`,`name` FROM `do_auth_rule` WHERE `id` IN ('6','96','20','1','2','3','4','5','64','21','7','8','9','10','11','12','13','14','15','16','19','137','138','139','140','141','134','135','136','104','105','106','107','108','118','109','110','111','112','117','127','128','129','130','131','132','133') AND `type` = 1 AND `status` = 1  [ RunTime:0.0000s ]
SQL: SHOW COLUMNS FROM `do_activity` [ RunTime:0.0150s ]
SQL: SELECT COUNT(*) AS tp_count FROM `do_activity` LIMIT 1   [ RunTime:0.0000s ]
NOTIC: [2048] Only variables should be passed by reference E:\phpstudy\WWW\doing\ThinkPHP\Library\Think\Db\Driver.class.php 第 769 行.
SQL: SELECT * FROM `do_activity` ORDER BY `create_time` desc LIMIT 0,15   [ RunTime:0.0010s ]
SQL: SHOW COLUMNS FROM `do_auth_group_access` [ RunTime:0.0030s ]
SQL: SELECT `uid` FROM `do_auth_group_access` WHERE `group_id` <> 1  [ RunTime:0.0000s ]
SQL: SHOW COLUMNS FROM `do_users` [ RunTime:0.0030s ]
SQL: SELECT `id`,`nikename` FROM `do_users` WHERE `id` IN (89,90,91,92,93,94,96)  [ RunTime:0.0010s ]
INFO: [ view_parse ] --START--
INFO: [ template_filter ] --START--
INFO: Run Behavior\ContentReplaceBehavior [ RunTime:0.000000s ]
INFO: [ template_filter ] --END-- [ RunTime:0.000000s ]
NOTIC: [8] Undefined index: activity_name E:\phpstudy\WWW\doing\Runtime\Cache\Admin\a6c5fefe53e91c9ab431404d001a6160.php 第 29 行.
NOTIC: [8] Undefined index: activity_location E:\phpstudy\WWW\doing\Runtime\Cache\Admin\a6c5fefe53e91c9ab431404d001a6160.php 第 31 行.
NOTIC: [8] Undefined index: activity_leader_id E:\phpstudy\WWW\doing\Runtime\Cache\Admin\a6c5fefe53e91c9ab431404d001a6160.php 第 36 行.
NOTIC: [8] Undefined index: activity_leader_id E:\phpstudy\WWW\doing\Runtime\Cache\Admin\a6c5fefe53e91c9ab431404d001a6160.php 第 36 行.
NOTIC: [8] Undefined index: activity_leader_id E:\phpstudy\WWW\doing\Runtime\Cache\Admin\a6c5fefe53e91c9ab431404d001a6160.php 第 36 行.
NOTIC: [8] Undefined index: activity_leader_id E:\phpstudy\WWW\doing\Runtime\Cache\Admin\a6c5fefe53e91c9ab431404d001a6160.php 第 36 行.
NOTIC: [8] Undefined index: activity_leader_id E:\phpstudy\WWW\doing\Runtime\Cache\Admin\a6c5fefe53e91c9ab431404d001a6160.php 第 36 行.
NOTIC: [8] Undefined index: activity_leader_id E:\phpstudy\WWW\doing\Runtime\Cache\Admin\a6c5fefe53e91c9ab431404d001a6160.php 第 36 行.
NOTIC: [8] Undefined index: activity_leader_id E:\phpstudy\WWW\doing\Runtime\Cache\Admin\a6c5fefe53e91c9ab431404d001a6160.php 第 36 行.
NOTIC: [8] Undefined index: activity_period E:\phpstudy\WWW\doing\Runtime\Cache\Admin\a6c5fefe53e91c9ab431404d001a6160.php 第 42 行.
NOTIC: [8] Undefined index: activity_period E:\phpstudy\WWW\doing\Runtime\Cache\Admin\a6c5fefe53e91c9ab431404d001a6160.php 第 42 行.
NOTIC: [8] Undefined index: activity_period E:\phpstudy\WWW\doing\Runtime\Cache\Admin\a6c5fefe53e91c9ab431404d001a6160.php 第 42 行.
NOTIC: [8] Undefined index: activity_period E:\phpstudy\WWW\doing\Runtime\Cache\Admin\a6c5fefe53e91c9ab431404d001a6160.php 第 42 行.
NOTIC: [8] Undefined index: business_name E:\phpstudy\WWW\doing\Runtime\Cache\Admin\a6c5fefe53e91c9ab431404d001a6160.php 第 49 行.
NOTIC: [8] Undefined index: business_deals E:\phpstudy\WWW\doing\Runtime\Cache\Admin\a6c5fefe53e91c9ab431404d001a6160.php 第 51 行.
NOTIC: [8] Undefined index: activity_area E:\phpstudy\WWW\doing\Runtime\Cache\Admin\a6c5fefe53e91c9ab431404d001a6160.php 第 55 行.
NOTIC: [8] Undefined index: activity_area E:\phpstudy\WWW\doing\Runtime\Cache\Admin\a6c5fefe53e91c9ab431404d001a6160.php 第 55 行.
NOTIC: [8] Undefined index: activity_area E:\phpstudy\WWW\doing\Runtime\Cache\Admin\a6c5fefe53e91c9ab431404d001a6160.php 第 55 行.
NOTIC: [8] Undefined index: activity_area E:\phpstudy\WWW\doing\Runtime\Cache\Admin\a6c5fefe53e91c9ab431404d001a6160.php 第 55 行.
NOTIC: [8] Undefined index: activity_area E:\phpstudy\WWW\doing\Runtime\Cache\Admin\a6c5fefe53e91c9ab431404d001a6160.php 第 55 行.
NOTIC: [8] Undefined index: activity_area E:\phpstudy\WWW\doing\Runtime\Cache\Admin\a6c5fefe53e91c9ab431404d001a6160.php 第 55 行.
NOTIC: [8] Undefined index: activity_area E:\phpstudy\WWW\doing\Runtime\Cache\Admin\a6c5fefe53e91c9ab431404d001a6160.php 第 55 行.
NOTIC: [8] Undefined index: activity_duration E:\phpstudy\WWW\doing\Runtime\Cache\Admin\a6c5fefe53e91c9ab431404d001a6160.php 第 61 行.
NOTIC: [8] Undefined index: activity_duration E:\phpstudy\WWW\doing\Runtime\Cache\Admin\a6c5fefe53e91c9ab431404d001a6160.php 第 61 行.
NOTIC: [8] Undefined index: activity_duration E:\phpstudy\WWW\doing\Runtime\Cache\Admin\a6c5fefe53e91c9ab431404d001a6160.php 第 61 行.
NOTIC: [8] Undefined index: activity_mode E:\phpstudy\WWW\doing\Runtime\Cache\Admin\a6c5fefe53e91c9ab431404d001a6160.php 第 67 行.
NOTIC: [8] Undefined index: start_date E:\phpstudy\WWW\doing\Runtime\Cache\Admin\a6c5fefe53e91c9ab431404d001a6160.php 第 69 行.
NOTIC: [8] Undefined index: end_date E:\phpstudy\WWW\doing\Runtime\Cache\Admin\a6c5fefe53e91c9ab431404d001a6160.php 第 71 行.
NOTIC: [8] Undefined index: activity_name E:\phpstudy\WWW\doing\Runtime\Cache\Admin\a6c5fefe53e91c9ab431404d001a6160.php 第 87 行.
NOTIC: [8] Undefined index: activity_location E:\phpstudy\WWW\doing\Runtime\Cache\Admin\a6c5fefe53e91c9ab431404d001a6160.php 第 87 行.
NOTIC: [8] Undefined index: activity_leader_id E:\phpstudy\WWW\doing\Runtime\Cache\Admin\a6c5fefe53e91c9ab431404d001a6160.php 第 87 行.
NOTIC: [8] Undefined index: activity_period E:\phpstudy\WWW\doing\Runtime\Cache\Admin\a6c5fefe53e91c9ab431404d001a6160.php 第 87 行.
NOTIC: [8] Undefined index: business_name E:\phpstudy\WWW\doing\Runtime\Cache\Admin\a6c5fefe53e91c9ab431404d001a6160.php 第 87 行.
NOTIC: [8] Undefined index: business_deals E:\phpstudy\WWW\doing\Runtime\Cache\Admin\a6c5fefe53e91c9ab431404d001a6160.php 第 87 行.
NOTIC: [8] Undefined index: activity_area E:\phpstudy\WWW\doing\Runtime\Cache\Admin\a6c5fefe53e91c9ab431404d001a6160.php 第 87 行.
NOTIC: [8] Undefined index: activity_duration E:\phpstudy\WWW\doing\Runtime\Cache\Admin\a6c5fefe53e91c9ab431404d001a6160.php 第 87 行.
NOTIC: [8] Undefined index: activity_mode E:\phpstudy\WWW\doing\Runtime\Cache\Admin\a6c5fefe53e91c9ab431404d001a6160.php 第 87 行.
NOTIC: [8] Undefined index: start_date E:\phpstudy\WWW\doing\Runtime\Cache\Admin\a6c5fefe53e91c9ab431404d001a6160.php 第 87 行.
NOTIC: [8] Undefined index: end_date E:\phpstudy\WWW\doing\Runtime\Cache\Admin\a6c5fefe53e91c9ab431404d001a6160.php 第 87 行.
INFO: Run Behavior\ParseTemplateBehavior [ RunTime:0.014000s ]
INFO: [ view_parse ] --END-- [ RunTime:0.014000s ]
INFO: [ view_filter ] --START--
INFO: Run Behavior\WriteHtmlCacheBehavior [ RunTime:0.000000s ]
INFO: [ view_filter ] --END-- [ RunTime:0.000000s ]
INFO: [ app_end ] --START--
INFO: Run Behavior\ShowPageTraceBehavior [ RunTime:0.001000s ]
INFO: [ app_end ] --END-- [ RunTime:0.001000s ]

[ 2016-09-30T10:15:47+08:00 ] ::1 /doing/index.php/Admin/Index/index
INFO: [ app_init ] --START--
INFO: Run Behavior\BuildLiteBehavior [ RunTime:0.000000s ]
INFO: [ app_init ] --END-- [ RunTime:0.001000s ]
INFO: [ app_begin ] --START--
INFO: Run Behavior\ReadHtmlCacheBehavior [ RunTime:0.000000s ]
INFO: [ app_begin ] --END-- [ RunTime:0.000000s ]
SQL: SHOW COLUMNS FROM `do_auth_group_access` [ RunTime:0.0030s ]
SQL: SELECT `uid`,`group_id`,`title`,`rules` FROM do_auth_group_access a INNER JOIN do_auth_group g on a.group_id=g.id  WHERE ( a.uid='88' and g.status='1' )  [ RunTime:0.0010s ]
SQL: SHOW COLUMNS FROM `do_auth_rule` [ RunTime:0.0020s ]
SQL: SELECT `condition`,`name` FROM `do_auth_rule` WHERE `id` IN ('6','96','20','1','2','3','4','5','64','21','7','8','9','10','11','12','13','14','15','16','19','137','138','139','140','141','134','135','136','104','105','106','107','108','118','109','110','111','112','117','127','128','129','130','131','132','133') AND `type` = 1 AND `status` = 1  [ RunTime:0.0000s ]
NOTIC: [2048] Declaration of Common\Model\AdminNavModel::getTreeData() should be compatible with Common\Model\BaseModel::getTreeData($type = 'tree', $order = '', $name = 'name', $child = 'id', $parent = 'pid') E:\phpstudy\WWW\doing\Application\Common\Model\AdminNavModel.class.php 第 7 行.
SQL: SHOW COLUMNS FROM `do_admin_nav` [ RunTime:0.0020s ]
SQL: SELECT * FROM `do_admin_nav` ORDER BY order_number is null,`order_number`,`id`  [ RunTime:0.0000s ]
INFO: [ view_parse ] --START--
INFO: [ template_filter ] --START--
INFO: Run Behavior\ContentReplaceBehavior [ RunTime:0.000000s ]
INFO: [ template_filter ] --END-- [ RunTime:0.000000s ]
INFO: Run Behavior\ParseTemplateBehavior [ RunTime:0.014000s ]
INFO: [ view_parse ] --END-- [ RunTime:0.014000s ]
INFO: [ view_filter ] --START--
INFO: Run Behavior\WriteHtmlCacheBehavior [ RunTime:0.000000s ]
INFO: [ view_filter ] --END-- [ RunTime:0.000000s ]
INFO: [ app_end ] --START--
INFO: Run Behavior\ShowPageTraceBehavior [ RunTime:0.001000s ]
INFO: [ app_end ] --END-- [ RunTime:0.001000s ]

[ 2016-09-30T10:15:48+08:00 ] ::1 /doing/index.php/Admin/Index/welcome
INFO: [ app_init ] --START--
INFO: Run Behavior\BuildLiteBehavior [ RunTime:0.000000s ]
INFO: [ app_init ] --END-- [ RunTime:0.000000s ]
INFO: [ app_begin ] --START--
INFO: Run Behavior\ReadHtmlCacheBehavior [ RunTime:0.000000s ]
INFO: [ app_begin ] --END-- [ RunTime:0.000000s ]
SQL: SHOW COLUMNS FROM `do_auth_group_access` [ RunTime:0.0030s ]
SQL: SELECT `uid`,`group_id`,`title`,`rules` FROM do_auth_group_access a INNER JOIN do_auth_group g on a.group_id=g.id  WHERE ( a.uid='88' and g.status='1' )  [ RunTime:0.0010s ]
SQL: SHOW COLUMNS FROM `do_auth_rule` [ RunTime:0.0020s ]
SQL: SELECT `condition`,`name` FROM `do_auth_rule` WHERE `id` IN ('6','96','20','1','2','3','4','5','64','21','7','8','9','10','11','12','13','14','15','16','19','137','138','139','140','141','134','135','136','104','105','106','107','108','118','109','110','111','112','117','127','128','129','130','131','132','133') AND `type` = 1 AND `status` = 1  [ RunTime:0.0000s ]
INFO: [ view_parse ] --START--
INFO: [ template_filter ] --START--
INFO: Run Behavior\ContentReplaceBehavior [ RunTime:0.000000s ]
INFO: [ template_filter ] --END-- [ RunTime:0.000000s ]
INFO: Run Behavior\ParseTemplateBehavior [ RunTime:0.001000s ]
INFO: [ view_parse ] --END-- [ RunTime:0.001000s ]
INFO: [ view_filter ] --START--
INFO: Run Behavior\WriteHtmlCacheBehavior [ RunTime:0.000000s ]
INFO: [ view_filter ] --END-- [ RunTime:0.000000s ]
INFO: [ app_end ] --START--
INFO: Run Behavior\ShowPageTraceBehavior [ RunTime:0.001000s ]
INFO: [ app_end ] --END-- [ RunTime:0.001000s ]

[ 2016-09-30T10:21:49+08:00 ] ::1 /doing/index.php/Admin/Activity/index
INFO: [ app_init ] --START--
INFO: Run Behavior\BuildLiteBehavior [ RunTime:0.000000s ]
INFO: [ app_init ] --END-- [ RunTime:0.001000s ]
INFO: [ app_begin ] --START--
INFO: Run Behavior\ReadHtmlCacheBehavior [ RunTime:0.000000s ]
INFO: [ app_begin ] --END-- [ RunTime:0.000000s ]
SQL: SHOW COLUMNS FROM `do_auth_group_access` [ RunTime:0.0020s ]
SQL: SELECT `uid`,`group_id`,`title`,`rules` FROM do_auth_group_access a INNER JOIN do_auth_group g on a.group_id=g.id  WHERE ( a.uid='88' and g.status='1' )  [ RunTime:0.0000s ]
SQL: SHOW COLUMNS FROM `do_auth_rule` [ RunTime:0.0020s ]
SQL: SELECT `condition`,`name` FROM `do_auth_rule` WHERE `id` IN ('6','96','20','1','2','3','4','5','64','21','7','8','9','10','11','12','13','14','15','16','19','137','138','139','140','141','134','135','136','104','105','106','107','108','118','109','110','111','112','117','127','128','129','130','131','132','133') AND `type` = 1 AND `status` = 1  [ RunTime:0.0010s ]
SQL: SHOW COLUMNS FROM `do_activity` [ RunTime:0.0030s ]
SQL: SELECT COUNT(*) AS tp_count FROM `do_activity` LIMIT 1   [ RunTime:0.0000s ]
NOTIC: [2048] Only variables should be passed by reference E:\phpstudy\WWW\doing\ThinkPHP\Library\Think\Db\Driver.class.php 第 769 行.
SQL: SELECT * FROM `do_activity` ORDER BY `create_time` desc LIMIT 0,15   [ RunTime:0.0000s ]
SQL: SHOW COLUMNS FROM `do_auth_group_access` [ RunTime:0.0030s ]
SQL: SELECT `uid` FROM `do_auth_group_access` WHERE `group_id` <> 1  [ RunTime:0.0000s ]
SQL: SHOW COLUMNS FROM `do_users` [ RunTime:0.0020s ]
SQL: SELECT `id`,`nikename` FROM `do_users` WHERE `id` IN (89,90,91,92,93,94,96)  [ RunTime:0.0000s ]
INFO: [ view_parse ] --START--
INFO: [ template_filter ] --START--
INFO: Run Behavior\ContentReplaceBehavior [ RunTime:0.001000s ]
INFO: [ template_filter ] --END-- [ RunTime:0.001000s ]
NOTIC: [8] Undefined index: activity_name E:\phpstudy\WWW\doing\Runtime\Cache\Admin\a6c5fefe53e91c9ab431404d001a6160.php 第 29 行.
NOTIC: [8] Undefined index: activity_location E:\phpstudy\WWW\doing\Runtime\Cache\Admin\a6c5fefe53e91c9ab431404d001a6160.php 第 31 行.
NOTIC: [8] Undefined index: activity_leader_id E:\phpstudy\WWW\doing\Runtime\Cache\Admin\a6c5fefe53e91c9ab431404d001a6160.php 第 36 行.
NOTIC: [8] Undefined index: activity_leader_id E:\phpstudy\WWW\doing\Runtime\Cache\Admin\a6c5fefe53e91c9ab431404d001a6160.php 第 36 行.
NOTIC: [8] Undefined index: activity_leader_id E:\phpstudy\WWW\doing\Runtime\Cache\Admin\a6c5fefe53e91c9ab431404d001a6160.php 第 36 行.
NOTIC: [8] Undefined index: activity_leader_id E:\phpstudy\WWW\doing\Runtime\Cache\Admin\a6c5fefe53e91c9ab431404d001a6160.php 第 36 行.
NOTIC: [8] Undefined index: activity_leader_id E:\phpstudy\WWW\doing\Runtime\Cache\Admin\a6c5fefe53e91c9ab431404d001a6160.php 第 36 行.
NOTIC: [8] Undefined index: activity_leader_id E:\phpstudy\WWW\doing\Runtime\Cache\Admin\a6c5fefe53e91c9ab431404d001a6160.php 第 36 行.
NOTIC: [8] Undefined index: activity_leader_id E:\phpstudy\WWW\doing\Runtime\Cache\Admin\a6c5fefe53e91c9ab431404d001a6160.php 第 36 行.
NOTIC: [8] Undefined index: activity_period E:\phpstudy\WWW\doing\Runtime\Cache\Admin\a6c5fefe53e91c9ab431404d001a6160.php 第 42 行.
NOTIC: [8] Undefined index: activity_period E:\phpstudy\WWW\doing\Runtime\Cache\Admin\a6c5fefe53e91c9ab431404d001a6160.php 第 42 行.
NOTIC: [8] Undefined index: activity_period E:\phpstudy\WWW\doing\Runtime\Cache\Admin\a6c5fefe53e91c9ab431404d001a6160.php 第 42 行.
NOTIC: [8] Undefined index: activity_period E:\phpstudy\WWW\doing\Runtime\Cache\Admin\a6c5fefe53e91c9ab431404d001a6160.php 第 42 行.
NOTIC: [8] Undefined index: business_name E:\phpstudy\WWW\doing\Runtime\Cache\Admin\a6c5fefe53e91c9ab431404d001a6160.php 第 49 行.
NOTIC: [8] Undefined index: business_deals E:\phpstudy\WWW\doing\Runtime\Cache\Admin\a6c5fefe53e91c9ab431404d001a6160.php 第 51 行.
NOTIC: [8] Undefined index: activity_area E:\phpstudy\WWW\doing\Runtime\Cache\Admin\a6c5fefe53e91c9ab431404d001a6160.php 第 55 行.
NOTIC: [8] Undefined index: activity_area E:\phpstudy\WWW\doing\Runtime\Cache\Admin\a6c5fefe53e91c9ab431404d001a6160.php 第 55 行.
NOTIC: [8] Undefined index: activity_area E:\phpstudy\WWW\doing\Runtime\Cache\Admin\a6c5fefe53e91c9ab431404d001a6160.php 第 55 行.
NOTIC: [8] Undefined index: activity_area E:\phpstudy\WWW\doing\Runtime\Cache\Admin\a6c5fefe53e91c9ab431404d001a6160.php 第 55 行.
NOTIC: [8] Undefined index: activity_area E:\phpstudy\WWW\doing\Runtime\Cache\Admin\a6c5fefe53e91c9ab431404d001a6160.php 第 55 行.
NOTIC: [8] Undefined index: activity_area E:\phpstudy\WWW\doing\Runtime\Cache\Admin\a6c5fefe53e91c9ab431404d001a6160.php 第 55 行.
NOTIC: [8] Undefined index: activity_area E:\phpstudy\WWW\doing\Runtime\Cache\Admin\a6c5fefe53e91c9ab431404d001a6160.php 第 55 行.
NOTIC: [8] Undefined index: activity_duration E:\phpstudy\WWW\doing\Runtime\Cache\Admin\a6c5fefe53e91c9ab431404d001a6160.php 第 61 行.
NOTIC: [8] Undefined index: activity_duration E:\phpstudy\WWW\doing\Runtime\Cache\Admin\a6c5fefe53e91c9ab431404d001a6160.php 第 61 行.
NOTIC: [8] Undefined index: activity_duration E:\phpstudy\WWW\doing\Runtime\Cache\Admin\a6c5fefe53e91c9ab431404d001a6160.php 第 61 行.
NOTIC: [8] Undefined index: activity_mode E:\phpstudy\WWW\doing\Runtime\Cache\Admin\a6c5fefe53e91c9ab431404d001a6160.php 第 67 行.
NOTIC: [8] Undefined index: start_date E:\phpstudy\WWW\doing\Runtime\Cache\Admin\a6c5fefe53e91c9ab431404d001a6160.php 第 69 行.
NOTIC: [8] Undefined index: end_date E:\phpstudy\WWW\doing\Runtime\Cache\Admin\a6c5fefe53e91c9ab431404d001a6160.php 第 71 行.
NOTIC: [8] Undefined index: activity_name E:\phpstudy\WWW\doing\Runtime\Cache\Admin\a6c5fefe53e91c9ab431404d001a6160.php 第 87 行.
NOTIC: [8] Undefined index: activity_location E:\phpstudy\WWW\doing\Runtime\Cache\Admin\a6c5fefe53e91c9ab431404d001a6160.php 第 87 行.
NOTIC: [8] Undefined index: activity_leader_id E:\phpstudy\WWW\doing\Runtime\Cache\Admin\a6c5fefe53e91c9ab431404d001a6160.php 第 87 行.
NOTIC: [8] Undefined index: activity_period E:\phpstudy\WWW\doing\Runtime\Cache\Admin\a6c5fefe53e91c9ab431404d001a6160.php 第 87 行.
NOTIC: [8] Undefined index: business_name E:\phpstudy\WWW\doing\Runtime\Cache\Admin\a6c5fefe53e91c9ab431404d001a6160.php 第 87 行.
NOTIC: [8] Undefined index: business_deals E:\phpstudy\WWW\doing\Runtime\Cache\Admin\a6c5fefe53e91c9ab431404d001a6160.php 第 87 行.
NOTIC: [8] Undefined index: activity_area E:\phpstudy\WWW\doing\Runtime\Cache\Admin\a6c5fefe53e91c9ab431404d001a6160.php 第 87 行.
NOTIC: [8] Undefined index: activity_duration E:\phpstudy\WWW\doing\Runtime\Cache\Admin\a6c5fefe53e91c9ab431404d001a6160.php 第 87 行.
NOTIC: [8] Undefined index: activity_mode E:\phpstudy\WWW\doing\Runtime\Cache\Admin\a6c5fefe53e91c9ab431404d001a6160.php 第 87 行.
NOTIC: [8] Undefined index: start_date E:\phpstudy\WWW\doing\Runtime\Cache\Admin\a6c5fefe53e91c9ab431404d001a6160.php 第 87 行.
NOTIC: [8] Undefined index: end_date E:\phpstudy\WWW\doing\Runtime\Cache\Admin\a6c5fefe53e91c9ab431404d001a6160.php 第 87 行.
INFO: Run Behavior\ParseTemplateBehavior [ RunTime:0.011000s ]
INFO: [ view_parse ] --END-- [ RunTime:0.012000s ]
INFO: [ view_filter ] --START--
INFO: Run Behavior\WriteHtmlCacheBehavior [ RunTime:0.000000s ]
INFO: [ view_filter ] --END-- [ RunTime:0.000000s ]
INFO: [ app_end ] --START--
INFO: Run Behavior\ShowPageTraceBehavior [ RunTime:0.000000s ]
INFO: [ app_end ] --END-- [ RunTime:0.000000s ]

[ 2016-09-30T11:15:53+08:00 ] ::1 /doing/index.php/Admin/Activity/edit/id/26
INFO: [ app_init ] --START--
INFO: Run Behavior\BuildLiteBehavior [ RunTime:0.000000s ]
INFO: [ app_init ] --END-- [ RunTime:0.001000s ]
INFO: [ app_begin ] --START--
INFO: Run Behavior\ReadHtmlCacheBehavior [ RunTime:0.000000s ]
INFO: [ app_begin ] --END-- [ RunTime:0.001000s ]
SQL: SHOW COLUMNS FROM `do_auth_group_access` [ RunTime:0.0030s ]
SQL: SELECT `uid`,`group_id`,`title`,`rules` FROM do_auth_group_access a INNER JOIN do_auth_group g on a.group_id=g.id  WHERE ( a.uid='88' and g.status='1' )  [ RunTime:0.0010s ]
SQL: SHOW COLUMNS FROM `do_auth_rule` [ RunTime:0.0030s ]
SQL: SELECT `condition`,`name` FROM `do_auth_rule` WHERE `id` IN ('6','96','20','1','2','3','4','5','64','21','7','8','9','10','11','12','13','14','15','16','19','137','138','139','140','141','134','135','136','104','105','106','107','108','118','109','110','111','112','117','127','128','129','130','131','132','133') AND `type` = 1 AND `status` = 1  [ RunTime:0.0010s ]
SQL: SHOW COLUMNS FROM `do_activity` [ RunTime:0.0030s ]
SQL: SELECT * FROM `do_activity` WHERE `id` = 26 LIMIT 1   [ RunTime:0.0000s ]
INFO: [ view_parse ] --START--
INFO: [ template_filter ] --START--
INFO: Run Behavior\ContentReplaceBehavior [ RunTime:0.000000s ]
INFO: [ template_filter ] --END-- [ RunTime:0.000000s ]
INFO: Run Behavior\ParseTemplateBehavior [ RunTime:0.034000s ]
INFO: [ view_parse ] --END-- [ RunTime:0.035000s ]
INFO: [ view_filter ] --START--
INFO: Run Behavior\WriteHtmlCacheBehavior [ RunTime:0.000000s ]
INFO: [ view_filter ] --END-- [ RunTime:0.000000s ]
INFO: [ app_end ] --START--
INFO: Run Behavior\ShowPageTraceBehavior [ RunTime:0.000000s ]
INFO: [ app_end ] --END-- [ RunTime:0.001000s ]

[ 2016-09-30T11:16:01+08:00 ] ::1 /doing/index.php/Admin/Activity/index
INFO: [ app_init ] --START--
INFO: Run Behavior\BuildLiteBehavior [ RunTime:0.000000s ]
INFO: [ app_init ] --END-- [ RunTime:0.001000s ]
INFO: [ app_begin ] --START--
INFO: Run Behavior\ReadHtmlCacheBehavior [ RunTime:0.001000s ]
INFO: [ app_begin ] --END-- [ RunTime:0.001000s ]
SQL: SHOW COLUMNS FROM `do_auth_group_access` [ RunTime:0.0030s ]
SQL: SELECT `uid`,`group_id`,`title`,`rules` FROM do_auth_group_access a INNER JOIN do_auth_group g on a.group_id=g.id  WHERE ( a.uid='88' and g.status='1' )  [ RunTime:0.0010s ]
SQL: SHOW COLUMNS FROM `do_auth_rule` [ RunTime:0.0030s ]
SQL: SELECT `condition`,`name` FROM `do_auth_rule` WHERE `id` IN ('6','96','20','1','2','3','4','5','64','21','7','8','9','10','11','12','13','14','15','16','19','137','138','139','140','141','134','135','136','104','105','106','107','108','118','109','110','111','112','117','127','128','129','130','131','132','133') AND `type` = 1 AND `status` = 1  [ RunTime:0.0000s ]
SQL: SHOW COLUMNS FROM `do_activity` [ RunTime:0.0030s ]
SQL: SELECT COUNT(*) AS tp_count FROM `do_activity` LIMIT 1   [ RunTime:0.0000s ]
NOTIC: [2048] Only variables should be passed by reference E:\phpstudy\WWW\doing\ThinkPHP\Library\Think\Db\Driver.class.php 第 769 行.
SQL: SELECT * FROM `do_activity` ORDER BY `create_time` desc LIMIT 0,15   [ RunTime:0.0000s ]
SQL: SHOW COLUMNS FROM `do_auth_group_access` [ RunTime:0.0020s ]
SQL: SELECT `uid` FROM `do_auth_group_access` WHERE `group_id` <> 1  [ RunTime:0.0000s ]
SQL: SHOW COLUMNS FROM `do_users` [ RunTime:0.0030s ]
SQL: SELECT `id`,`nikename` FROM `do_users` WHERE `id` IN (89,90,91,92,93,94,96)  [ RunTime:0.0000s ]
INFO: [ view_parse ] --START--
INFO: [ template_filter ] --START--
INFO: Run Behavior\ContentReplaceBehavior [ RunTime:0.000000s ]
INFO: [ template_filter ] --END-- [ RunTime:0.000000s ]
NOTIC: [8] Undefined index: activity_name E:\phpstudy\WWW\doing\Runtime\Cache\Admin\a6c5fefe53e91c9ab431404d001a6160.php 第 29 行.
NOTIC: [8] Undefined index: activity_location E:\phpstudy\WWW\doing\Runtime\Cache\Admin\a6c5fefe53e91c9ab431404d001a6160.php 第 31 行.
NOTIC: [8] Undefined index: activity_leader_id E:\phpstudy\WWW\doing\Runtime\Cache\Admin\a6c5fefe53e91c9ab431404d001a6160.php 第 36 行.
NOTIC: [8] Undefined index: activity_leader_id E:\phpstudy\WWW\doing\Runtime\Cache\Admin\a6c5fefe53e91c9ab431404d001a6160.php 第 36 行.
NOTIC: [8] Undefined index: activity_leader_id E:\phpstudy\WWW\doing\Runtime\Cache\Admin\a6c5fefe53e91c9ab431404d001a6160.php 第 36 行.
NOTIC: [8] Undefined index: activity_leader_id E:\phpstudy\WWW\doing\Runtime\Cache\Admin\a6c5fefe53e91c9ab431404d001a6160.php 第 36 行.
NOTIC: [8] Undefined index: activity_leader_id E:\phpstudy\WWW\doing\Runtime\Cache\Admin\a6c5fefe53e91c9ab431404d001a6160.php 第 36 行.
NOTIC: [8] Undefined index: activity_leader_id E:\phpstudy\WWW\doing\Runtime\Cache\Admin\a6c5fefe53e91c9ab431404d001a6160.php 第 36 行.
NOTIC: [8] Undefined index: activity_leader_id E:\phpstudy\WWW\doing\Runtime\Cache\Admin\a6c5fefe53e91c9ab431404d001a6160.php 第 36 行.
NOTIC: [8] Undefined index: activity_period E:\phpstudy\WWW\doing\Runtime\Cache\Admin\a6c5fefe53e91c9ab431404d001a6160.php 第 42 行.
NOTIC: [8] Undefined index: activity_period E:\phpstudy\WWW\doing\Runtime\Cache\Admin\a6c5fefe53e91c9ab431404d001a6160.php 第 42 行.
NOTIC: [8] Undefined index: activity_period E:\phpstudy\WWW\doing\Runtime\Cache\Admin\a6c5fefe53e91c9ab431404d001a6160.php 第 42 行.
NOTIC: [8] Undefined index: activity_period E:\phpstudy\WWW\doing\Runtime\Cache\Admin\a6c5fefe53e91c9ab431404d001a6160.php 第 42 行.
NOTIC: [8] Undefined index: business_name E:\phpstudy\WWW\doing\Runtime\Cache\Admin\a6c5fefe53e91c9ab431404d001a6160.php 第 49 行.
NOTIC: [8] Undefined index: business_deals E:\phpstudy\WWW\doing\Runtime\Cache\Admin\a6c5fefe53e91c9ab431404d001a6160.php 第 51 行.
NOTIC: [8] Undefined index: activity_area E:\phpstudy\WWW\doing\Runtime\Cache\Admin\a6c5fefe53e91c9ab431404d001a6160.php 第 55 行.
NOTIC: [8] Undefined index: activity_area E:\phpstudy\WWW\doing\Runtime\Cache\Admin\a6c5fefe53e91c9ab431404d001a6160.php 第 55 行.
NOTIC: [8] Undefined index: activity_area E:\phpstudy\WWW\doing\Runtime\Cache\Admin\a6c5fefe53e91c9ab431404d001a6160.php 第 55 行.
NOTIC: [8] Undefined index: activity_area E:\phpstudy\WWW\doing\Runtime\Cache\Admin\a6c5fefe53e91c9ab431404d001a6160.php 第 55 行.
NOTIC: [8] Undefined index: activity_area E:\phpstudy\WWW\doing\Runtime\Cache\Admin\a6c5fefe53e91c9ab431404d001a6160.php 第 55 行.
NOTIC: [8] Undefined index: activity_area E:\phpstudy\WWW\doing\Runtime\Cache\Admin\a6c5fefe53e91c9ab431404d001a6160.php 第 55 行.
NOTIC: [8] Undefined index: activity_area E:\phpstudy\WWW\doing\Runtime\Cache\Admin\a6c5fefe53e91c9ab431404d001a6160.php 第 55 行.
NOTIC: [8] Undefined index: activity_duration E:\phpstudy\WWW\doing\Runtime\Cache\Admin\a6c5fefe53e91c9ab431404d001a6160.php 第 61 行.
NOTIC: [8] Undefined index: activity_duration E:\phpstudy\WWW\doing\Runtime\Cache\Admin\a6c5fefe53e91c9ab431404d001a6160.php 第 61 行.
NOTIC: [8] Undefined index: activity_duration E:\phpstudy\WWW\doing\Runtime\Cache\Admin\a6c5fefe53e91c9ab431404d001a6160.php 第 61 行.
NOTIC: [8] Undefined index: activity_mode E:\phpstudy\WWW\doing\Runtime\Cache\Admin\a6c5fefe53e91c9ab431404d001a6160.php 第 67 行.
NOTIC: [8] Undefined index: start_date E:\phpstudy\WWW\doing\Runtime\Cache\Admin\a6c5fefe53e91c9ab431404d001a6160.php 第 69 行.
NOTIC: [8] Undefined index: end_date E:\phpstudy\WWW\doing\Runtime\Cache\Admin\a6c5fefe53e91c9ab431404d001a6160.php 第 71 行.
NOTIC: [8] Undefined index: activity_name E:\phpstudy\WWW\doing\Runtime\Cache\Admin\a6c5fefe53e91c9ab431404d001a6160.php 第 87 行.
NOTIC: [8] Undefined index: activity_location E:\phpstudy\WWW\doing\Runtime\Cache\Admin\a6c5fefe53e91c9ab431404d001a6160.php 第 87 行.
NOTIC: [8] Undefined index: activity_leader_id E:\phpstudy\WWW\doing\Runtime\Cache\Admin\a6c5fefe53e91c9ab431404d001a6160.php 第 87 行.
NOTIC: [8] Undefined index: activity_period E:\phpstudy\WWW\doing\Runtime\Cache\Admin\a6c5fefe53e91c9ab431404d001a6160.php 第 87 行.
NOTIC: [8] Undefined index: business_name E:\phpstudy\WWW\doing\Runtime\Cache\Admin\a6c5fefe53e91c9ab431404d001a6160.php 第 87 行.
NOTIC: [8] Undefined index: business_deals E:\phpstudy\WWW\doing\Runtime\Cache\Admin\a6c5fefe53e91c9ab431404d001a6160.php 第 87 行.
NOTIC: [8] Undefined index: activity_area E:\phpstudy\WWW\doing\Runtime\Cache\Admin\a6c5fefe53e91c9ab431404d001a6160.php 第 87 行.
NOTIC: [8] Undefined index: activity_duration E:\phpstudy\WWW\doing\Runtime\Cache\Admin\a6c5fefe53e91c9ab431404d001a6160.php 第 87 行.
NOTIC: [8] Undefined index: activity_mode E:\phpstudy\WWW\doing\Runtime\Cache\Admin\a6c5fefe53e91c9ab431404d001a6160.php 第 87 行.
NOTIC: [8] Undefined index: start_date E:\phpstudy\WWW\doing\Runtime\Cache\Admin\a6c5fefe53e91c9ab431404d001a6160.php 第 87 行.
NOTIC: [8] Undefined index: end_date E:\phpstudy\WWW\doing\Runtime\Cache\Admin\a6c5fefe53e91c9ab431404d001a6160.php 第 87 行.
INFO: Run Behavior\ParseTemplateBehavior [ RunTime:0.014000s ]
INFO: [ view_parse ] --END-- [ RunTime:0.014000s ]
INFO: [ view_filter ] --START--
INFO: Run Behavior\WriteHtmlCacheBehavior [ RunTime:0.000000s ]
INFO: [ view_filter ] --END-- [ RunTime:0.000000s ]
INFO: [ app_end ] --START--
INFO: Run Behavior\ShowPageTraceBehavior [ RunTime:0.000000s ]
INFO: [ app_end ] --END-- [ RunTime:0.000000s ]

[ 2016-09-30T11:16:06+08:00 ] ::1 /doing/index.php/Admin/Activity/index/p/2
INFO: [ app_init ] --START--
INFO: Run Behavior\BuildLiteBehavior [ RunTime:0.000000s ]
INFO: [ app_init ] --END-- [ RunTime:0.000000s ]
INFO: [ app_begin ] --START--
INFO: Run Behavior\ReadHtmlCacheBehavior [ RunTime:0.000000s ]
INFO: [ app_begin ] --END-- [ RunTime:0.000000s ]
SQL: SHOW COLUMNS FROM `do_auth_group_access` [ RunTime:0.0030s ]
SQL: SELECT `uid`,`group_id`,`title`,`rules` FROM do_auth_group_access a INNER JOIN do_auth_group g on a.group_id=g.id  WHERE ( a.uid='88' and g.status='1' )  [ RunTime:0.0000s ]
SQL: SHOW COLUMNS FROM `do_auth_rule` [ RunTime:0.0020s ]
SQL: SELECT `condition`,`name` FROM `do_auth_rule` WHERE `id` IN ('6','96','20','1','2','3','4','5','64','21','7','8','9','10','11','12','13','14','15','16','19','137','138','139','140','141','134','135','136','104','105','106','107','108','118','109','110','111','112','117','127','128','129','130','131','132','133') AND `type` = 1 AND `status` = 1  [ RunTime:0.0000s ]
SQL: SHOW COLUMNS FROM `do_activity` [ RunTime:0.0030s ]
SQL: SELECT COUNT(*) AS tp_count FROM `do_activity` LIMIT 1   [ RunTime:0.0000s ]
NOTIC: [2048] Only variables should be passed by reference E:\phpstudy\WWW\doing\ThinkPHP\Library\Think\Db\Driver.class.php 第 769 行.
SQL: SELECT * FROM `do_activity` ORDER BY `create_time` desc LIMIT 15,15   [ RunTime:0.0000s ]
SQL: SHOW COLUMNS FROM `do_auth_group_access` [ RunTime:0.0030s ]
SQL: SELECT `uid` FROM `do_auth_group_access` WHERE `group_id` <> 1  [ RunTime:0.0010s ]
SQL: SHOW COLUMNS FROM `do_users` [ RunTime:0.0030s ]
SQL: SELECT `id`,`nikename` FROM `do_users` WHERE `id` IN (89,90,91,92,93,94,96)  [ RunTime:0.0010s ]
INFO: [ view_parse ] --START--
INFO: [ template_filter ] --START--
INFO: Run Behavior\ContentReplaceBehavior [ RunTime:0.000000s ]
INFO: [ template_filter ] --END-- [ RunTime:0.000000s ]
NOTIC: [8] Undefined index: activity_name E:\phpstudy\WWW\doing\Runtime\Cache\Admin\a6c5fefe53e91c9ab431404d001a6160.php 第 29 行.
NOTIC: [8] Undefined index: activity_location E:\phpstudy\WWW\doing\Runtime\Cache\Admin\a6c5fefe53e91c9ab431404d001a6160.php 第 31 行.
NOTIC: [8] Undefined index: activity_leader_id E:\phpstudy\WWW\doing\Runtime\Cache\Admin\a6c5fefe53e91c9ab431404d001a6160.php 第 36 行.
NOTIC: [8] Undefined index: activity_leader_id E:\phpstudy\WWW\doing\Runtime\Cache\Admin\a6c5fefe53e91c9ab431404d001a6160.php 第 36 行.
NOTIC: [8] Undefined index: activity_leader_id E:\phpstudy\WWW\doing\Runtime\Cache\Admin\a6c5fefe53e91c9ab431404d001a6160.php 第 36 行.
NOTIC: [8] Undefined index: activity_leader_id E:\phpstudy\WWW\doing\Runtime\Cache\Admin\a6c5fefe53e91c9ab431404d001a6160.php 第 36 行.
NOTIC: [8] Undefined index: activity_leader_id E:\phpstudy\WWW\doing\Runtime\Cache\Admin\a6c5fefe53e91c9ab431404d001a6160.php 第 36 行.
NOTIC: [8] Undefined index: activity_leader_id E:\phpstudy\WWW\doing\Runtime\Cache\Admin\a6c5fefe53e91c9ab431404d001a6160.php 第 36 行.
NOTIC: [8] Undefined index: activity_leader_id E:\phpstudy\WWW\doing\Runtime\Cache\Admin\a6c5fefe53e91c9ab431404d001a6160.php 第 36 行.
NOTIC: [8] Undefined index: activity_period E:\phpstudy\WWW\doing\Runtime\Cache\Admin\a6c5fefe53e91c9ab431404d001a6160.php 第 42 行.
NOTIC: [8] Undefined index: activity_period E:\phpstudy\WWW\doing\Runtime\Cache\Admin\a6c5fefe53e91c9ab431404d001a6160.php 第 42 行.
NOTIC: [8] Undefined index: activity_period E:\phpstudy\WWW\doing\Runtime\Cache\Admin\a6c5fefe53e91c9ab431404d001a6160.php 第 42 行.
NOTIC: [8] Undefined index: activity_period E:\phpstudy\WWW\doing\Runtime\Cache\Admin\a6c5fefe53e91c9ab431404d001a6160.php 第 42 行.
NOTIC: [8] Undefined index: business_name E:\phpstudy\WWW\doing\Runtime\Cache\Admin\a6c5fefe53e91c9ab431404d001a6160.php 第 49 行.
NOTIC: [8] Undefined index: business_deals E:\phpstudy\WWW\doing\Runtime\Cache\Admin\a6c5fefe53e91c9ab431404d001a6160.php 第 51 行.
NOTIC: [8] Undefined index: activity_area E:\phpstudy\WWW\doing\Runtime\Cache\Admin\a6c5fefe53e91c9ab431404d001a6160.php 第 55 行.
NOTIC: [8] Undefined index: activity_area E:\phpstudy\WWW\doing\Runtime\Cache\Admin\a6c5fefe53e91c9ab431404d001a6160.php 第 55 行.
NOTIC: [8] Undefined index: activity_area E:\phpstudy\WWW\doing\Runtime\Cache\Admin\a6c5fefe53e91c9ab431404d001a6160.php 第 55 行.
NOTIC: [8] Undefined index: activity_area E:\phpstudy\WWW\doing\Runtime\Cache\Admin\a6c5fefe53e91c9ab431404d001a6160.php 第 55 行.
NOTIC: [8] Undefined index: activity_area E:\phpstudy\WWW\doing\Runtime\Cache\Admin\a6c5fefe53e91c9ab431404d001a6160.php 第 55 行.
NOTIC: [8] Undefined index: activity_area E:\phpstudy\WWW\doing\Runtime\Cache\Admin\a6c5fefe53e91c9ab431404d001a6160.php 第 55 行.
NOTIC: [8] Undefined index: activity_area E:\phpstudy\WWW\doing\Runtime\Cache\Admin\a6c5fefe53e91c9ab431404d001a6160.php 第 55 行.
NOTIC: [8] Undefined index: activity_duration E:\phpstudy\WWW\doing\Runtime\Cache\Admin\a6c5fefe53e91c9ab431404d001a6160.php 第 61 行.
NOTIC: [8] Undefined index: activity_duration E:\phpstudy\WWW\doing\Runtime\Cache\Admin\a6c5fefe53e91c9ab431404d001a6160.php 第 61 行.
NOTIC: [8] Undefined index: activity_duration E:\phpstudy\WWW\doing\Runtime\Cache\Admin\a6c5fefe53e91c9ab431404d001a6160.php 第 61 行.
NOTIC: [8] Undefined index: activity_mode E:\phpstudy\WWW\doing\Runtime\Cache\Admin\a6c5fefe53e91c9ab431404d001a6160.php 第 67 行.
NOTIC: [8] Undefined index: start_date E:\phpstudy\WWW\doing\Runtime\Cache\Admin\a6c5fefe53e91c9ab431404d001a6160.php 第 69 行.
NOTIC: [8] Undefined index: end_date E:\phpstudy\WWW\doing\Runtime\Cache\Admin\a6c5fefe53e91c9ab431404d001a6160.php 第 71 行.
NOTIC: [8] Undefined index: activity_name E:\phpstudy\WWW\doing\Runtime\Cache\Admin\a6c5fefe53e91c9ab431404d001a6160.php 第 87 行.
NOTIC: [8] Undefined index: activity_location E:\phpstudy\WWW\doing\Runtime\Cache\Admin\a6c5fefe53e91c9ab431404d001a6160.php 第 87 行.
NOTIC: [8] Undefined index: activity_leader_id E:\phpstudy\WWW\doing\Runtime\Cache\Admin\a6c5fefe53e91c9ab431404d001a6160.php 第 87 行.
NOTIC: [8] Undefined index: activity_period E:\phpstudy\WWW\doing\Runtime\Cache\Admin\a6c5fefe53e91c9ab431404d001a6160.php 第 87 行.
NOTIC: [8] Undefined index: business_name E:\phpstudy\WWW\doing\Runtime\Cache\Admin\a6c5fefe53e91c9ab431404d001a6160.php 第 87 行.
NOTIC: [8] Undefined index: business_deals E:\phpstudy\WWW\doing\Runtime\Cache\Admin\a6c5fefe53e91c9ab431404d001a6160.php 第 87 行.
NOTIC: [8] Undefined index: activity_area E:\phpstudy\WWW\doing\Runtime\Cache\Admin\a6c5fefe53e91c9ab431404d001a6160.php 第 87 行.
NOTIC: [8] Undefined index: activity_duration E:\phpstudy\WWW\doing\Runtime\Cache\Admin\a6c5fefe53e91c9ab431404d001a6160.php 第 87 行.
NOTIC: [8] Undefined index: activity_mode E:\phpstudy\WWW\doing\Runtime\Cache\Admin\a6c5fefe53e91c9ab431404d001a6160.php 第 87 行.
NOTIC: [8] Undefined index: start_date E:\phpstudy\WWW\doing\Runtime\Cache\Admin\a6c5fefe53e91c9ab431404d001a6160.php 第 87 行.
NOTIC: [8] Undefined index: end_date E:\phpstudy\WWW\doing\Runtime\Cache\Admin\a6c5fefe53e91c9ab431404d001a6160.php 第 87 行.
INFO: Run Behavior\ParseTemplateBehavior [ RunTime:0.012000s ]
INFO: [ view_parse ] --END-- [ RunTime:0.012000s ]
INFO: [ view_filter ] --START--
INFO: Run Behavior\WriteHtmlCacheBehavior [ RunTime:0.001000s ]
INFO: [ view_filter ] --END-- [ RunTime:0.001000s ]
INFO: [ app_end ] --START--
INFO: Run Behavior\ShowPageTraceBehavior [ RunTime:0.000000s ]
INFO: [ app_end ] --END-- [ RunTime:0.000000s ]

[ 2016-09-30T14:58:08+08:00 ] ::1 /doing/index.php/Admin/Nav/index
INFO: [ app_init ] --START--
INFO: Run Behavior\BuildLiteBehavior [ RunTime:0.000000s ]
INFO: [ app_init ] --END-- [ RunTime:0.001000s ]
INFO: [ app_begin ] --START--
INFO: Run Behavior\ReadHtmlCacheBehavior [ RunTime:0.001000s ]
INFO: [ app_begin ] --END-- [ RunTime:0.001000s ]
SQL: SHOW COLUMNS FROM `do_auth_group_access` [ RunTime:0.0030s ]
SQL: SELECT `uid`,`group_id`,`title`,`rules` FROM do_auth_group_access a INNER JOIN do_auth_group g on a.group_id=g.id  WHERE ( a.uid='88' and g.status='1' )  [ RunTime:0.0000s ]
SQL: SHOW COLUMNS FROM `do_auth_rule` [ RunTime:0.0020s ]
SQL: SELECT `condition`,`name` FROM `do_auth_rule` WHERE `id` IN ('6','96','20','1','2','3','4','5','64','21','7','8','9','10','11','12','13','14','15','16','19','137','138','139','140','141','134','135','136','104','105','106','107','108','118','109','110','111','112','117','127','128','129','130','131','132','133') AND `type` = 1 AND `status` = 1  [ RunTime:0.0010s ]
NOTIC: [2048] Declaration of Common\Model\AdminNavModel::getTreeData() should be compatible with Common\Model\BaseModel::getTreeData($type = 'tree', $order = '', $name = 'name', $child = 'id', $parent = 'pid') E:\phpstudy\WWW\doing\Application\Common\Model\AdminNavModel.class.php 第 7 行.
SQL: SHOW COLUMNS FROM `do_admin_nav` [ RunTime:0.0030s ]
SQL: SELECT * FROM `do_admin_nav` ORDER BY order_number is null,`order_number`,`id`  [ RunTime:0.0000s ]
INFO: [ view_parse ] --START--
INFO: [ template_filter ] --START--
INFO: Run Behavior\ContentReplaceBehavior [ RunTime:0.000000s ]
INFO: [ template_filter ] --END-- [ RunTime:0.000000s ]
INFO: Run Behavior\ParseTemplateBehavior [ RunTime:0.020000s ]
INFO: [ view_parse ] --END-- [ RunTime:0.020000s ]
INFO: [ view_filter ] --START--
INFO: Run Behavior\WriteHtmlCacheBehavior [ RunTime:0.000000s ]
INFO: [ view_filter ] --END-- [ RunTime:0.001000s ]
INFO: [ app_end ] --START--
INFO: Run Behavior\ShowPageTraceBehavior [ RunTime:0.000000s ]
INFO: [ app_end ] --END-- [ RunTime:0.000000s ]

[ 2016-09-30T17:30:41+08:00 ] ::1 /doing/index.php/Admin/Activity/index
INFO: [ app_init ] --START--
INFO: Run Behavior\BuildLiteBehavior [ RunTime:0.000000s ]
INFO: [ app_init ] --END-- [ RunTime:0.001000s ]
INFO: [ app_begin ] --START--
INFO: Run Behavior\ReadHtmlCacheBehavior [ RunTime:0.000000s ]
INFO: [ app_begin ] --END-- [ RunTime:0.001000s ]
SQL: SHOW COLUMNS FROM `do_auth_group_access` [ RunTime:0.0030s ]
SQL: SELECT `uid`,`group_id`,`title`,`rules` FROM do_auth_group_access a INNER JOIN do_auth_group g on a.group_id=g.id  WHERE ( a.uid='88' and g.status='1' )  [ RunTime:0.0000s ]
SQL: SHOW COLUMNS FROM `do_auth_rule` [ RunTime:0.0020s ]
SQL: SELECT `condition`,`name` FROM `do_auth_rule` WHERE `id` IN ('6','96','20','1','2','3','4','5','64','21','7','8','9','10','11','12','13','14','15','16','19','137','138','139','140','141','134','135','136','104','105','106','107','108','118','109','110','111','112','117','127','128','129','130','131','132','133') AND `type` = 1 AND `status` = 1  [ RunTime:0.0000s ]
SQL: SHOW COLUMNS FROM `do_activity` [ RunTime:0.0020s ]
SQL: SELECT COUNT(*) AS tp_count FROM `do_activity` LIMIT 1   [ RunTime:0.0000s ]
NOTIC: [2048] Only variables should be passed by reference E:\phpstudy\WWW\doing\ThinkPHP\Library\Think\Db\Driver.class.php 第 769 行.
SQL: SELECT * FROM `do_activity` ORDER BY `create_time` desc LIMIT 0,15   [ RunTime:0.0000s ]
SQL: SHOW COLUMNS FROM `do_auth_group_access` [ RunTime:0.0020s ]
SQL: SELECT `uid` FROM `do_auth_group_access` WHERE `group_id` <> 1  [ RunTime:0.0000s ]
SQL: SHOW COLUMNS FROM `do_users` [ RunTime:0.0020s ]
SQL: SELECT `id`,`nikename` FROM `do_users` WHERE `id` IN (89,90,91,92,93,94,96)  [ RunTime:0.0010s ]
INFO: [ view_parse ] --START--
INFO: [ template_filter ] --START--
INFO: Run Behavior\ContentReplaceBehavior [ RunTime:0.001000s ]
INFO: [ template_filter ] --END-- [ RunTime:0.001000s ]
NOTIC: [8] Undefined index: activity_name E:\phpstudy\WWW\doing\Runtime\Cache\Admin\a6c5fefe53e91c9ab431404d001a6160.php 第 29 行.
NOTIC: [8] Undefined index: activity_location E:\phpstudy\WWW\doing\Runtime\Cache\Admin\a6c5fefe53e91c9ab431404d001a6160.php 第 31 行.
NOTIC: [8] Undefined index: activity_leader_id E:\phpstudy\WWW\doing\Runtime\Cache\Admin\a6c5fefe53e91c9ab431404d001a6160.php 第 36 行.
NOTIC: [8] Undefined index: activity_leader_id E:\phpstudy\WWW\doing\Runtime\Cache\Admin\a6c5fefe53e91c9ab431404d001a6160.php 第 36 行.
NOTIC: [8] Undefined index: activity_leader_id E:\phpstudy\WWW\doing\Runtime\Cache\Admin\a6c5fefe53e91c9ab431404d001a6160.php 第 36 行.
NOTIC: [8] Undefined index: activity_leader_id E:\phpstudy\WWW\doing\Runtime\Cache\Admin\a6c5fefe53e91c9ab431404d001a6160.php 第 36 行.
NOTIC: [8] Undefined index: activity_leader_id E:\phpstudy\WWW\doing\Runtime\Cache\Admin\a6c5fefe53e91c9ab431404d001a6160.php 第 36 行.
NOTIC: [8] Undefined index: activity_leader_id E:\phpstudy\WWW\doing\Runtime\Cache\Admin\a6c5fefe53e91c9ab431404d001a6160.php 第 36 行.
NOTIC: [8] Undefined index: activity_leader_id E:\phpstudy\WWW\doing\Runtime\Cache\Admin\a6c5fefe53e91c9ab431404d001a6160.php 第 36 行.
NOTIC: [8] Undefined index: activity_period E:\phpstudy\WWW\doing\Runtime\Cache\Admin\a6c5fefe53e91c9ab431404d001a6160.php 第 42 行.
NOTIC: [8] Undefined index: activity_period E:\phpstudy\WWW\doing\Runtime\Cache\Admin\a6c5fefe53e91c9ab431404d001a6160.php 第 42 行.
NOTIC: [8] Undefined index: activity_period E:\phpstudy\WWW\doing\Runtime\Cache\Admin\a6c5fefe53e91c9ab431404d001a6160.php 第 42 行.
NOTIC: [8] Undefined index: activity_period E:\phpstudy\WWW\doing\Runtime\Cache\Admin\a6c5fefe53e91c9ab431404d001a6160.php 第 42 行.
NOTIC: [8] Undefined index: business_name E:\phpstudy\WWW\doing\Runtime\Cache\Admin\a6c5fefe53e91c9ab431404d001a6160.php 第 49 行.
NOTIC: [8] Undefined index: business_deals E:\phpstudy\WWW\doing\Runtime\Cache\Admin\a6c5fefe53e91c9ab431404d001a6160.php 第 51 行.
NOTIC: [8] Undefined index: activity_area E:\phpstudy\WWW\doing\Runtime\Cache\Admin\a6c5fefe53e91c9ab431404d001a6160.php 第 55 行.
NOTIC: [8] Undefined index: activity_area E:\phpstudy\WWW\doing\Runtime\Cache\Admin\a6c5fefe53e91c9ab431404d001a6160.php 第 55 行.
NOTIC: [8] Undefined index: activity_area E:\phpstudy\WWW\doing\Runtime\Cache\Admin\a6c5fefe53e91c9ab431404d001a6160.php 第 55 行.
NOTIC: [8] Undefined index: activity_area E:\phpstudy\WWW\doing\Runtime\Cache\Admin\a6c5fefe53e91c9ab431404d001a6160.php 第 55 行.
NOTIC: [8] Undefined index: activity_area E:\phpstudy\WWW\doing\Runtime\Cache\Admin\a6c5fefe53e91c9ab431404d001a6160.php 第 55 行.
NOTIC: [8] Undefined index: activity_area E:\phpstudy\WWW\doing\Runtime\Cache\Admin\a6c5fefe53e91c9ab431404d001a6160.php 第 55 行.
NOTIC: [8] Undefined index: activity_area E:\phpstudy\WWW\doing\Runtime\Cache\Admin\a6c5fefe53e91c9ab431404d001a6160.php 第 55 行.
NOTIC: [8] Undefined index: activity_duration E:\phpstudy\WWW\doing\Runtime\Cache\Admin\a6c5fefe53e91c9ab431404d001a6160.php 第 61 行.
NOTIC: [8] Undefined index: activity_duration E:\phpstudy\WWW\doing\Runtime\Cache\Admin\a6c5fefe53e91c9ab431404d001a6160.php 第 61 行.
NOTIC: [8] Undefined index: activity_duration E:\phpstudy\WWW\doing\Runtime\Cache\Admin\a6c5fefe53e91c9ab431404d001a6160.php 第 61 行.
NOTIC: [8] Undefined index: activity_mode E:\phpstudy\WWW\doing\Runtime\Cache\Admin\a6c5fefe53e91c9ab431404d001a6160.php 第 67 行.
NOTIC: [8] Undefined index: start_date E:\phpstudy\WWW\doing\Runtime\Cache\Admin\a6c5fefe53e91c9ab431404d001a6160.php 第 69 行.
NOTIC: [8] Undefined index: end_date E:\phpstudy\WWW\doing\Runtime\Cache\Admin\a6c5fefe53e91c9ab431404d001a6160.php 第 71 行.
NOTIC: [8] Undefined index: activity_name E:\phpstudy\WWW\doing\Runtime\Cache\Admin\a6c5fefe53e91c9ab431404d001a6160.php 第 87 行.
NOTIC: [8] Undefined index: activity_location E:\phpstudy\WWW\doing\Runtime\Cache\Admin\a6c5fefe53e91c9ab431404d001a6160.php 第 87 行.
NOTIC: [8] Undefined index: activity_leader_id E:\phpstudy\WWW\doing\Runtime\Cache\Admin\a6c5fefe53e91c9ab431404d001a6160.php 第 87 行.
NOTIC: [8] Undefined index: activity_period E:\phpstudy\WWW\doing\Runtime\Cache\Admin\a6c5fefe53e91c9ab431404d001a6160.php 第 87 行.
NOTIC: [8] Undefined index: business_name E:\phpstudy\WWW\doing\Runtime\Cache\Admin\a6c5fefe53e91c9ab431404d001a6160.php 第 87 行.
NOTIC: [8] Undefined index: business_deals E:\phpstudy\WWW\doing\Runtime\Cache\Admin\a6c5fefe53e91c9ab431404d001a6160.php 第 87 行.
NOTIC: [8] Undefined index: activity_area E:\phpstudy\WWW\doing\Runtime\Cache\Admin\a6c5fefe53e91c9ab431404d001a6160.php 第 87 行.
NOTIC: [8] Undefined index: activity_duration E:\phpstudy\WWW\doing\Runtime\Cache\Admin\a6c5fefe53e91c9ab431404d001a6160.php 第 87 行.
NOTIC: [8] Undefined index: activity_mode E:\phpstudy\WWW\doing\Runtime\Cache\Admin\a6c5fefe53e91c9ab431404d001a6160.php 第 87 行.
NOTIC: [8] Undefined index: start_date E:\phpstudy\WWW\doing\Runtime\Cache\Admin\a6c5fefe53e91c9ab431404d001a6160.php 第 87 行.
NOTIC: [8] Undefined index: end_date E:\phpstudy\WWW\doing\Runtime\Cache\Admin\a6c5fefe53e91c9ab431404d001a6160.php 第 87 行.
INFO: Run Behavior\ParseTemplateBehavior [ RunTime:0.018000s ]
INFO: [ view_parse ] --END-- [ RunTime:0.018000s ]
INFO: [ view_filter ] --START--
INFO: Run Behavior\WriteHtmlCacheBehavior [ RunTime:0.001000s ]
INFO: [ view_filter ] --END-- [ RunTime:0.001000s ]
INFO: [ app_end ] --START--
INFO: Run Behavior\ShowPageTraceBehavior [ RunTime:0.000000s ]
INFO: [ app_end ] --END-- [ RunTime:0.000000s ]

[ 2016-09-30T17:30:42+08:00 ] ::1 /doing/index.php/Admin/Rule/sector_list
INFO: [ app_init ] --START--
INFO: Run Behavior\BuildLiteBehavior [ RunTime:0.000000s ]
INFO: [ app_init ] --END-- [ RunTime:0.001000s ]
INFO: [ app_begin ] --START--
INFO: Run Behavior\ReadHtmlCacheBehavior [ RunTime:0.000000s ]
INFO: [ app_begin ] --END-- [ RunTime:0.000000s ]
SQL: SHOW COLUMNS FROM `do_auth_group_access` [ RunTime:0.0030s ]
SQL: SELECT `uid`,`group_id`,`title`,`rules` FROM do_auth_group_access a INNER JOIN do_auth_group g on a.group_id=g.id  WHERE ( a.uid='88' and g.status='1' )  [ RunTime:0.0000s ]
SQL: SHOW COLUMNS FROM `do_auth_rule` [ RunTime:0.0030s ]
SQL: SELECT `condition`,`name` FROM `do_auth_rule` WHERE `id` IN ('6','96','20','1','2','3','4','5','64','21','7','8','9','10','11','12','13','14','15','16','19','137','138','139','140','141','134','135','136','104','105','106','107','108','118','109','110','111','112','117','127','128','129','130','131','132','133') AND `type` = 1 AND `status` = 1  [ RunTime:0.0010s ]
SQL: SHOW COLUMNS FROM `do_sector` [ RunTime:0.0100s ]
SQL: SELECT `id`,`name`,`create_time` FROM `do_sector`  [ RunTime:0.0010s ]
INFO: [ view_parse ] --START--
INFO: [ template_filter ] --START--
INFO: Run Behavior\ContentReplaceBehavior [ RunTime:0.000000s ]
INFO: [ template_filter ] --END-- [ RunTime:0.000000s ]
INFO: Run Behavior\ParseTemplateBehavior [ RunTime:0.013000s ]
INFO: [ view_parse ] --END-- [ RunTime:0.013000s ]
INFO: [ view_filter ] --START--
INFO: Run Behavior\WriteHtmlCacheBehavior [ RunTime:0.001000s ]
INFO: [ view_filter ] --END-- [ RunTime:0.001000s ]
INFO: [ app_end ] --START--
INFO: Run Behavior\ShowPageTraceBehavior [ RunTime:0.000000s ]
INFO: [ app_end ] --END-- [ RunTime:0.000000s ]

[ 2016-09-30T17:30:43+08:00 ] ::1 /doing/index.php/Admin/Rule/sector_list
INFO: [ app_init ] --START--
INFO: Run Behavior\BuildLiteBehavior [ RunTime:0.000000s ]
INFO: [ app_init ] --END-- [ RunTime:0.000000s ]
INFO: [ app_begin ] --START--
INFO: Run Behavior\ReadHtmlCacheBehavior [ RunTime:0.000000s ]
INFO: [ app_begin ] --END-- [ RunTime:0.000000s ]
SQL: SHOW COLUMNS FROM `do_auth_group_access` [ RunTime:0.0030s ]
SQL: SELECT `uid`,`group_id`,`title`,`rules` FROM do_auth_group_access a INNER JOIN do_auth_group g on a.group_id=g.id  WHERE ( a.uid='88' and g.status='1' )  [ RunTime:0.0010s ]
SQL: SHOW COLUMNS FROM `do_auth_rule` [ RunTime:0.0030s ]
SQL: SELECT `condition`,`name` FROM `do_auth_rule` WHERE `id` IN ('6','96','20','1','2','3','4','5','64','21','7','8','9','10','11','12','13','14','15','16','19','137','138','139','140','141','134','135','136','104','105','106','107','108','118','109','110','111','112','117','127','128','129','130','131','132','133') AND `type` = 1 AND `status` = 1  [ RunTime:0.0000s ]
SQL: SHOW COLUMNS FROM `do_sector` [ RunTime:0.0030s ]
SQL: SELECT `id`,`name`,`create_time` FROM `do_sector`  [ RunTime:0.0000s ]
INFO: [ view_parse ] --START--
INFO: [ template_filter ] --START--
INFO: Run Behavior\ContentReplaceBehavior [ RunTime:0.000000s ]
INFO: [ template_filter ] --END-- [ RunTime:0.000000s ]
INFO: Run Behavior\ParseTemplateBehavior [ RunTime:0.007000s ]
INFO: [ view_parse ] --END-- [ RunTime:0.007000s ]
INFO: [ view_filter ] --START--
INFO: Run Behavior\WriteHtmlCacheBehavior [ RunTime:0.000000s ]
INFO: [ view_filter ] --END-- [ RunTime:0.000000s ]
INFO: [ app_end ] --START--
INFO: Run Behavior\ShowPageTraceBehavior [ RunTime:0.000000s ]
INFO: [ app_end ] --END-- [ RunTime:0.000000s ]

[ 2016-09-30T17:30:44+08:00 ] ::1 /doing/index.php/Admin/Rule/group
INFO: [ app_init ] --START--
INFO: Run Behavior\BuildLiteBehavior [ RunTime:0.000000s ]
INFO: [ app_init ] --END-- [ RunTime:0.000000s ]
INFO: [ app_begin ] --START--
INFO: Run Behavior\ReadHtmlCacheBehavior [ RunTime:0.000000s ]
INFO: [ app_begin ] --END-- [ RunTime:0.000000s ]
SQL: SHOW COLUMNS FROM `do_auth_group_access` [ RunTime:0.0020s ]
SQL: SELECT `uid`,`group_id`,`title`,`rules` FROM do_auth_group_access a INNER JOIN do_auth_group g on a.group_id=g.id  WHERE ( a.uid='88' and g.status='1' )  [ RunTime:0.0010s ]
SQL: SHOW COLUMNS FROM `do_auth_rule` [ RunTime:0.0020s ]
SQL: SELECT `condition`,`name` FROM `do_auth_rule` WHERE `id` IN ('6','96','20','1','2','3','4','5','64','21','7','8','9','10','11','12','13','14','15','16','19','137','138','139','140','141','134','135','136','104','105','106','107','108','118','109','110','111','112','117','127','128','129','130','131','132','133') AND `type` = 1 AND `status` = 1  [ RunTime:0.0000s ]
SQL: SHOW COLUMNS FROM `do_auth_group` [ RunTime:0.0020s ]
SQL: SELECT * FROM `do_auth_group`  [ RunTime:0.0000s ]
SQL: SHOW COLUMNS FROM `do_sector` [ RunTime:0.0020s ]
SQL: SELECT `id`,`name` FROM `do_sector`  [ RunTime:0.0000s ]
INFO: [ view_parse ] --START--
INFO: [ template_filter ] --START--
INFO: Run Behavior\ContentReplaceBehavior [ RunTime:0.000000s ]
INFO: [ template_filter ] --END-- [ RunTime:0.000000s ]
INFO: Run Behavior\ParseTemplateBehavior [ RunTime:0.013000s ]
INFO: [ view_parse ] --END-- [ RunTime:0.013000s ]
INFO: [ view_filter ] --START--
INFO: Run Behavior\WriteHtmlCacheBehavior [ RunTime:0.000000s ]
INFO: [ view_filter ] --END-- [ RunTime:0.000000s ]
INFO: [ app_end ] --START--
INFO: Run Behavior\ShowPageTraceBehavior [ RunTime:0.000000s ]
INFO: [ app_end ] --END-- [ RunTime:0.000000s ]

[ 2016-09-30T17:30:44+08:00 ] ::1 /doing/index.php/Admin/Rule/admin_user_list
INFO: [ app_init ] --START--
INFO: Run Behavior\BuildLiteBehavior [ RunTime:0.000000s ]
INFO: [ app_init ] --END-- [ RunTime:0.001000s ]
INFO: [ app_begin ] --START--
INFO: Run Behavior\ReadHtmlCacheBehavior [ RunTime:0.001000s ]
INFO: [ app_begin ] --END-- [ RunTime:0.001000s ]
SQL: SHOW COLUMNS FROM `do_auth_group_access` [ RunTime:0.0030s ]
SQL: SELECT `uid`,`group_id`,`title`,`rules` FROM do_auth_group_access a INNER JOIN do_auth_group g on a.group_id=g.id  WHERE ( a.uid='88' and g.status='1' )  [ RunTime:0.0000s ]
SQL: SHOW COLUMNS FROM `do_auth_rule` [ RunTime:0.0020s ]
SQL: SELECT `condition`,`name` FROM `do_auth_rule` WHERE `id` IN ('6','96','20','1','2','3','4','5','64','21','7','8','9','10','11','12','13','14','15','16','19','137','138','139','140','141','134','135','136','104','105','106','107','108','118','109','110','111','112','117','127','128','129','130','131','132','133') AND `type` = 1 AND `status` = 1  [ RunTime:0.0000s ]
SQL: SHOW COLUMNS FROM `do_auth_group_access` [ RunTime:0.0020s ]
SQL: SELECT u.id,u.username,u.nikename,u.status,u.email,aga.group_id,ag.title FROM do_auth_group_access aga RIGHT JOIN do_users u ON aga.uid=u.id LEFT JOIN do_auth_group ag ON aga.group_id=ag.id   [ RunTime:0.0000s ]
SQL: SHOW COLUMNS FROM `do_sector` [ RunTime:0.0030s ]
SQL: SELECT s.name FROM do_sector s INNER JOIN do_auth_group a ON s.id=a.pid  WHERE ( a.id=1 )  [ RunTime:0.0000s ]
SQL: SELECT s.name FROM do_sector s INNER JOIN do_auth_group a ON s.id=a.pid  WHERE ( a.id=2 )  [ RunTime:0.0010s ]
SQL: SELECT s.name FROM do_sector s INNER JOIN do_auth_group a ON s.id=a.pid  WHERE ( a.id=9 )  [ RunTime:0.0000s ]
SQL: SELECT s.name FROM do_sector s INNER JOIN do_auth_group a ON s.id=a.pid  WHERE ( a.id=10 )  [ RunTime:0.0000s ]
SQL: SELECT s.name FROM do_sector s INNER JOIN do_auth_group a ON s.id=a.pid  WHERE ( a.id=2 )  [ RunTime:0.0000s ]
SQL: SELECT s.name FROM do_sector s INNER JOIN do_auth_group a ON s.id=a.pid  WHERE ( a.id=2 )  [ RunTime:0.0000s ]
SQL: SELECT s.name FROM do_sector s INNER JOIN do_auth_group a ON s.id=a.pid  WHERE ( a.id=2 )  [ RunTime:0.0000s ]
SQL: SELECT s.name FROM do_sector s INNER JOIN do_auth_group a ON s.id=a.pid  WHERE ( a.id=1 )  [ RunTime:0.0000s ]
SQL: SELECT s.name FROM do_sector s INNER JOIN do_auth_group a ON s.id=a.pid  WHERE ( a.id=2 )  [ RunTime:0.0000s ]
INFO: [ view_parse ] --START--
INFO: [ template_filter ] --START--
INFO: Run Behavior\ContentReplaceBehavior [ RunTime:0.000000s ]
INFO: [ template_filter ] --END-- [ RunTime:0.000000s ]
INFO: Run Behavior\ParseTemplateBehavior [ RunTime:0.009000s ]
INFO: [ view_parse ] --END-- [ RunTime:0.009000s ]
INFO: [ view_filter ] --START--
INFO: Run Behavior\WriteHtmlCacheBehavior [ RunTime:0.000000s ]
INFO: [ view_filter ] --END-- [ RunTime:0.000000s ]
INFO: [ app_end ] --START--
INFO: Run Behavior\ShowPageTraceBehavior [ RunTime:0.000000s ]
INFO: [ app_end ] --END-- [ RunTime:0.000000s ]

[ 2016-09-30T17:30:45+08:00 ] ::1 /doing/index.php/Admin/Rule/index
INFO: [ app_init ] --START--
INFO: Run Behavior\BuildLiteBehavior [ RunTime:0.000000s ]
INFO: [ app_init ] --END-- [ RunTime:0.001000s ]
INFO: [ app_begin ] --START--
INFO: Run Behavior\ReadHtmlCacheBehavior [ RunTime:0.000000s ]
INFO: [ app_begin ] --END-- [ RunTime:0.000000s ]
SQL: SHOW COLUMNS FROM `do_auth_group_access` [ RunTime:0.0020s ]
SQL: SELECT `uid`,`group_id`,`title`,`rules` FROM do_auth_group_access a INNER JOIN do_auth_group g on a.group_id=g.id  WHERE ( a.uid='88' and g.status='1' )  [ RunTime:0.0000s ]
SQL: SHOW COLUMNS FROM `do_auth_rule` [ RunTime:0.0030s ]
SQL: SELECT `condition`,`name` FROM `do_auth_rule` WHERE `id` IN ('6','96','20','1','2','3','4','5','64','21','7','8','9','10','11','12','13','14','15','16','19','137','138','139','140','141','134','135','136','104','105','106','107','108','118','109','110','111','112','117','127','128','129','130','131','132','133') AND `type` = 1 AND `status` = 1  [ RunTime:0.0010s ]
SQL: SHOW COLUMNS FROM `do_auth_rule` [ RunTime:0.0020s ]
SQL: SELECT * FROM `do_auth_rule` ORDER BY id is null,`id`  [ RunTime:0.0010s ]
INFO: [ view_parse ] --START--
INFO: [ template_filter ] --START--
INFO: Run Behavior\ContentReplaceBehavior [ RunTime:0.000000s ]
INFO: [ template_filter ] --END-- [ RunTime:0.000000s ]
INFO: Run Behavior\ParseTemplateBehavior [ RunTime:0.018000s ]
INFO: [ view_parse ] --END-- [ RunTime:0.018000s ]
INFO: [ view_filter ] --START--
INFO: Run Behavior\WriteHtmlCacheBehavior [ RunTime:0.000000s ]
INFO: [ view_filter ] --END-- [ RunTime:0.000000s ]
INFO: [ app_end ] --START--
INFO: Run Behavior\ShowPageTraceBehavior [ RunTime:0.000000s ]
INFO: [ app_end ] --END-- [ RunTime:0.000000s ]

