[ 2016-09-21T13:50:58+08:00 ] ::1 /doing/index.php/Admin/Index/index
INFO: [ app_init ] --START--
INFO: Run Behavior\BuildLiteBehavior [ RunTime:0.000000s ]
INFO: [ app_init ] --END-- [ RunTime:0.000000s ]
INFO: [ app_begin ] --START--
INFO: Run Behavior\ReadHtmlCacheBehavior [ RunTime:0.000000s ]
INFO: [ app_begin ] --END-- [ RunTime:0.000000s ]
SQL: SHOW COLUMNS FROM `do_auth_group_access` [ RunTime:0.0110s ]
SQL: SELECT `uid`,`group_id`,`title`,`rules` FROM do_auth_group_access a INNER JOIN do_auth_group g on a.group_id=g.id  WHERE ( a.uid='88' and g.status='1' )  [ RunTime:0.0150s ]
SQL: SHOW COLUMNS FROM `do_auth_rule` [ RunTime:0.0050s ]
SQL: SELECT `condition`,`name` FROM `do_auth_rule` WHERE `id` IN ('6','96','20','1','2','3','4','5','64','21','7','8','9','10','11','12','13','14','15','16','19','137','138','139','140','141','134','135','136','104','105','106','107','108','118','109','110','111','112','117','127','128','129','130','131','132','133') AND `type` = 1 AND `status` = 1  [ RunTime:0.0150s ]
NOTIC: [2048] Declaration of Common\Model\AdminNavModel::getTreeData() should be compatible with Common\Model\BaseModel::getTreeData($type = 'tree', $order = '', $name = 'name', $child = 'id', $parent = 'pid') E:\phpstudy\WWW\doing\Application\Common\Model\AdminNavModel.class.php 第 7 行.
SQL: SHOW COLUMNS FROM `do_admin_nav` [ RunTime:0.0040s ]
SQL: SELECT * FROM `do_admin_nav` ORDER BY order_number is null,`order_number`,`id`  [ RunTime:0.0030s ]
INFO: [ view_parse ] --START--
INFO: [ template_filter ] --START--
INFO: Run Behavior\ContentReplaceBehavior [ RunTime:0.000000s ]
INFO: [ template_filter ] --END-- [ RunTime:0.000000s ]
INFO: Run Behavior\ParseTemplateBehavior [ RunTime:0.010000s ]
INFO: [ view_parse ] --END-- [ RunTime:0.010000s ]
INFO: [ view_filter ] --START--
INFO: Run Behavior\WriteHtmlCacheBehavior [ RunTime:0.001000s ]
INFO: [ view_filter ] --END-- [ RunTime:0.001000s ]
INFO: [ app_end ] --START--
INFO: Run Behavior\ShowPageTraceBehavior [ RunTime:0.000000s ]
INFO: [ app_end ] --END-- [ RunTime:0.000000s ]

[ 2016-09-21T13:50:58+08:00 ] ::1 /doing/index.php/Admin/Index/welcome
INFO: [ app_init ] --START--
INFO: Run Behavior\BuildLiteBehavior [ RunTime:0.000000s ]
INFO: [ app_init ] --END-- [ RunTime:0.000000s ]
INFO: [ app_begin ] --START--
INFO: Run Behavior\ReadHtmlCacheBehavior [ RunTime:0.000000s ]
INFO: [ app_begin ] --END-- [ RunTime:0.000000s ]
SQL: SHOW COLUMNS FROM `do_auth_group_access` [ RunTime:0.0020s ]
SQL: SELECT `uid`,`group_id`,`title`,`rules` FROM do_auth_group_access a INNER JOIN do_auth_group g on a.group_id=g.id  WHERE ( a.uid='88' and g.status='1' )  [ RunTime:0.0010s ]
SQL: SHOW COLUMNS FROM `do_auth_rule` [ RunTime:0.0020s ]
SQL: SELECT `condition`,`name` FROM `do_auth_rule` WHERE `id` IN ('6','96','20','1','2','3','4','5','64','21','7','8','9','10','11','12','13','14','15','16','19','137','138','139','140','141','134','135','136','104','105','106','107','108','118','109','110','111','112','117','127','128','129','130','131','132','133') AND `type` = 1 AND `status` = 1  [ RunTime:0.0010s ]
INFO: [ view_parse ] --START--
INFO: [ template_filter ] --START--
INFO: Run Behavior\ContentReplaceBehavior [ RunTime:0.000000s ]
INFO: [ template_filter ] --END-- [ RunTime:0.000000s ]
INFO: Run Behavior\ParseTemplateBehavior [ RunTime:0.001000s ]
INFO: [ view_parse ] --END-- [ RunTime:0.001000s ]
INFO: [ view_filter ] --START--
INFO: Run Behavior\WriteHtmlCacheBehavior [ RunTime:0.000000s ]
INFO: [ view_filter ] --END-- [ RunTime:0.000000s ]
INFO: [ app_end ] --START--
INFO: Run Behavior\ShowPageTraceBehavior [ RunTime:0.001000s ]
INFO: [ app_end ] --END-- [ RunTime:0.001000s ]

[ 2016-09-21T13:51:02+08:00 ] ::1 /doing/index.php/Admin/Rule/sector_list
INFO: [ app_init ] --START--
INFO: Run Behavior\BuildLiteBehavior [ RunTime:0.000000s ]
INFO: [ app_init ] --END-- [ RunTime:0.001000s ]
INFO: [ app_begin ] --START--
INFO: Run Behavior\ReadHtmlCacheBehavior [ RunTime:0.000000s ]
INFO: [ app_begin ] --END-- [ RunTime:0.000000s ]
SQL: SHOW COLUMNS FROM `do_auth_group_access` [ RunTime:0.0030s ]
SQL: SELECT `uid`,`group_id`,`title`,`rules` FROM do_auth_group_access a INNER JOIN do_auth_group g on a.group_id=g.id  WHERE ( a.uid='88' and g.status='1' )  [ RunTime:0.0000s ]
SQL: SHOW COLUMNS FROM `do_auth_rule` [ RunTime:0.0040s ]
SQL: SELECT `condition`,`name` FROM `do_auth_rule` WHERE `id` IN ('6','96','20','1','2','3','4','5','64','21','7','8','9','10','11','12','13','14','15','16','19','137','138','139','140','141','134','135','136','104','105','106','107','108','118','109','110','111','112','117','127','128','129','130','131','132','133') AND `type` = 1 AND `status` = 1  [ RunTime:0.0000s ]
SQL: SHOW COLUMNS FROM `do_sector` [ RunTime:0.0090s ]
SQL: SELECT `id`,`name`,`create_time` FROM `do_sector`  [ RunTime:0.0000s ]
INFO: [ view_parse ] --START--
INFO: [ template_filter ] --START--
INFO: Run Behavior\ContentReplaceBehavior [ RunTime:0.000000s ]
INFO: [ template_filter ] --END-- [ RunTime:0.000000s ]
INFO: Run Behavior\ParseTemplateBehavior [ RunTime:0.006000s ]
INFO: [ view_parse ] --END-- [ RunTime:0.006000s ]
INFO: [ view_filter ] --START--
INFO: Run Behavior\WriteHtmlCacheBehavior [ RunTime:0.000000s ]
INFO: [ view_filter ] --END-- [ RunTime:0.000000s ]
INFO: [ app_end ] --START--
INFO: Run Behavior\ShowPageTraceBehavior [ RunTime:0.000000s ]
INFO: [ app_end ] --END-- [ RunTime:0.000000s ]

[ 2016-09-21T13:51:03+08:00 ] ::1 /doing/index.php/Admin/Activity/index
INFO: [ app_init ] --START--
INFO: Run Behavior\BuildLiteBehavior [ RunTime:0.000000s ]
INFO: [ app_init ] --END-- [ RunTime:0.000000s ]
INFO: [ app_begin ] --START--
INFO: Run Behavior\ReadHtmlCacheBehavior [ RunTime:0.001000s ]
INFO: [ app_begin ] --END-- [ RunTime:0.001000s ]
SQL: SHOW COLUMNS FROM `do_auth_group_access` [ RunTime:0.0030s ]
SQL: SELECT `uid`,`group_id`,`title`,`rules` FROM do_auth_group_access a INNER JOIN do_auth_group g on a.group_id=g.id  WHERE ( a.uid='88' and g.status='1' )  [ RunTime:0.0000s ]
SQL: SHOW COLUMNS FROM `do_auth_rule` [ RunTime:0.0020s ]
SQL: SELECT `condition`,`name` FROM `do_auth_rule` WHERE `id` IN ('6','96','20','1','2','3','4','5','64','21','7','8','9','10','11','12','13','14','15','16','19','137','138','139','140','141','134','135','136','104','105','106','107','108','118','109','110','111','112','117','127','128','129','130','131','132','133') AND `type` = 1 AND `status` = 1  [ RunTime:0.0000s ]
SQL: SHOW COLUMNS FROM `do_activity` [ RunTime:0.0120s ]
SQL: SELECT COUNT(*) AS tp_count FROM `do_activity` LIMIT 1   [ RunTime:0.0010s ]
NOTIC: [2048] Only variables should be passed by reference E:\phpstudy\WWW\doing\ThinkPHP\Library\Think\Db\Driver.class.php 第 769 行.
SQL: SELECT * FROM `do_activity` ORDER BY `create_time` desc LIMIT 0,15   [ RunTime:0.0010s ]
SQL: SHOW COLUMNS FROM `do_auth_group_access` [ RunTime:0.0020s ]
SQL: SELECT `uid` FROM `do_auth_group_access` WHERE `group_id` <> 1  [ RunTime:0.0000s ]
SQL: SHOW COLUMNS FROM `do_users` [ RunTime:0.0030s ]
SQL: SELECT `id`,`nikename` FROM `do_users` WHERE `id` IN (89,90,91)  [ RunTime:0.0000s ]
INFO: [ view_parse ] --START--
INFO: [ template_filter ] --START--
INFO: Run Behavior\ContentReplaceBehavior [ RunTime:0.000000s ]
INFO: [ template_filter ] --END-- [ RunTime:0.000000s ]
NOTIC: [8] Undefined index: activity_name E:\phpstudy\WWW\doing\Runtime\Cache\Admin\a6c5fefe53e91c9ab431404d001a6160.php 第 29 行.
NOTIC: [8] Undefined index: activity_location E:\phpstudy\WWW\doing\Runtime\Cache\Admin\a6c5fefe53e91c9ab431404d001a6160.php 第 31 行.
NOTIC: [8] Undefined index: activity_leader_id E:\phpstudy\WWW\doing\Runtime\Cache\Admin\a6c5fefe53e91c9ab431404d001a6160.php 第 36 行.
NOTIC: [8] Undefined index: activity_leader_id E:\phpstudy\WWW\doing\Runtime\Cache\Admin\a6c5fefe53e91c9ab431404d001a6160.php 第 36 行.
NOTIC: [8] Undefined index: activity_leader_id E:\phpstudy\WWW\doing\Runtime\Cache\Admin\a6c5fefe53e91c9ab431404d001a6160.php 第 36 行.
NOTIC: [8] Undefined index: activity_period E:\phpstudy\WWW\doing\Runtime\Cache\Admin\a6c5fefe53e91c9ab431404d001a6160.php 第 42 行.
NOTIC: [8] Undefined index: activity_period E:\phpstudy\WWW\doing\Runtime\Cache\Admin\a6c5fefe53e91c9ab431404d001a6160.php 第 42 行.
NOTIC: [8] Undefined index: activity_period E:\phpstudy\WWW\doing\Runtime\Cache\Admin\a6c5fefe53e91c9ab431404d001a6160.php 第 42 行.
NOTIC: [8] Undefined index: activity_period E:\phpstudy\WWW\doing\Runtime\Cache\Admin\a6c5fefe53e91c9ab431404d001a6160.php 第 42 行.
NOTIC: [8] Undefined index: business_name E:\phpstudy\WWW\doing\Runtime\Cache\Admin\a6c5fefe53e91c9ab431404d001a6160.php 第 49 行.
NOTIC: [8] Undefined index: business_deals E:\phpstudy\WWW\doing\Runtime\Cache\Admin\a6c5fefe53e91c9ab431404d001a6160.php 第 51 行.
NOTIC: [8] Undefined index: activity_area E:\phpstudy\WWW\doing\Runtime\Cache\Admin\a6c5fefe53e91c9ab431404d001a6160.php 第 55 行.
NOTIC: [8] Undefined index: activity_area E:\phpstudy\WWW\doing\Runtime\Cache\Admin\a6c5fefe53e91c9ab431404d001a6160.php 第 55 行.
NOTIC: [8] Undefined index: activity_area E:\phpstudy\WWW\doing\Runtime\Cache\Admin\a6c5fefe53e91c9ab431404d001a6160.php 第 55 行.
NOTIC: [8] Undefined index: activity_area E:\phpstudy\WWW\doing\Runtime\Cache\Admin\a6c5fefe53e91c9ab431404d001a6160.php 第 55 行.
NOTIC: [8] Undefined index: activity_area E:\phpstudy\WWW\doing\Runtime\Cache\Admin\a6c5fefe53e91c9ab431404d001a6160.php 第 55 行.
NOTIC: [8] Undefined index: activity_area E:\phpstudy\WWW\doing\Runtime\Cache\Admin\a6c5fefe53e91c9ab431404d001a6160.php 第 55 行.
NOTIC: [8] Undefined index: activity_area E:\phpstudy\WWW\doing\Runtime\Cache\Admin\a6c5fefe53e91c9ab431404d001a6160.php 第 55 行.
NOTIC: [8] Undefined index: activity_duration E:\phpstudy\WWW\doing\Runtime\Cache\Admin\a6c5fefe53e91c9ab431404d001a6160.php 第 61 行.
NOTIC: [8] Undefined index: activity_duration E:\phpstudy\WWW\doing\Runtime\Cache\Admin\a6c5fefe53e91c9ab431404d001a6160.php 第 61 行.
NOTIC: [8] Undefined index: activity_duration E:\phpstudy\WWW\doing\Runtime\Cache\Admin\a6c5fefe53e91c9ab431404d001a6160.php 第 61 行.
NOTIC: [8] Undefined index: activity_mode E:\phpstudy\WWW\doing\Runtime\Cache\Admin\a6c5fefe53e91c9ab431404d001a6160.php 第 67 行.
NOTIC: [8] Undefined index: start_date E:\phpstudy\WWW\doing\Runtime\Cache\Admin\a6c5fefe53e91c9ab431404d001a6160.php 第 69 行.
NOTIC: [8] Undefined index: end_date E:\phpstudy\WWW\doing\Runtime\Cache\Admin\a6c5fefe53e91c9ab431404d001a6160.php 第 71 行.
NOTIC: [8] Undefined index: activity_name E:\phpstudy\WWW\doing\Runtime\Cache\Admin\a6c5fefe53e91c9ab431404d001a6160.php 第 87 行.
NOTIC: [8] Undefined index: activity_location E:\phpstudy\WWW\doing\Runtime\Cache\Admin\a6c5fefe53e91c9ab431404d001a6160.php 第 87 行.
NOTIC: [8] Undefined index: activity_leader_id E:\phpstudy\WWW\doing\Runtime\Cache\Admin\a6c5fefe53e91c9ab431404d001a6160.php 第 87 行.
NOTIC: [8] Undefined index: activity_period E:\phpstudy\WWW\doing\Runtime\Cache\Admin\a6c5fefe53e91c9ab431404d001a6160.php 第 87 行.
NOTIC: [8] Undefined index: business_name E:\phpstudy\WWW\doing\Runtime\Cache\Admin\a6c5fefe53e91c9ab431404d001a6160.php 第 87 行.
NOTIC: [8] Undefined index: business_deals E:\phpstudy\WWW\doing\Runtime\Cache\Admin\a6c5fefe53e91c9ab431404d001a6160.php 第 87 行.
NOTIC: [8] Undefined index: activity_area E:\phpstudy\WWW\doing\Runtime\Cache\Admin\a6c5fefe53e91c9ab431404d001a6160.php 第 87 行.
NOTIC: [8] Undefined index: activity_duration E:\phpstudy\WWW\doing\Runtime\Cache\Admin\a6c5fefe53e91c9ab431404d001a6160.php 第 87 行.
NOTIC: [8] Undefined index: activity_mode E:\phpstudy\WWW\doing\Runtime\Cache\Admin\a6c5fefe53e91c9ab431404d001a6160.php 第 87 行.
NOTIC: [8] Undefined index: start_date E:\phpstudy\WWW\doing\Runtime\Cache\Admin\a6c5fefe53e91c9ab431404d001a6160.php 第 87 行.
NOTIC: [8] Undefined index: end_date E:\phpstudy\WWW\doing\Runtime\Cache\Admin\a6c5fefe53e91c9ab431404d001a6160.php 第 87 行.
INFO: Run Behavior\ParseTemplateBehavior [ RunTime:0.011000s ]
INFO: [ view_parse ] --END-- [ RunTime:0.011000s ]
INFO: [ view_filter ] --START--
INFO: Run Behavior\WriteHtmlCacheBehavior [ RunTime:0.000000s ]
INFO: [ view_filter ] --END-- [ RunTime:0.000000s ]
INFO: [ app_end ] --START--
INFO: Run Behavior\ShowPageTraceBehavior [ RunTime:0.000000s ]
INFO: [ app_end ] --END-- [ RunTime:0.000000s ]

[ 2016-09-21T13:51:07+08:00 ] ::1 /doing/index.php/Admin/Activity/search?activity_name=&activity_location=&activity_leader_id=&activity_period=0&business_name=&business_deals=&activity_area=1&activity_duration=0&activity_mode=&start_date=&end_date=
INFO: [ app_init ] --START--
INFO: Run Behavior\BuildLiteBehavior [ RunTime:0.000000s ]
INFO: [ app_init ] --END-- [ RunTime:0.000000s ]
INFO: [ app_begin ] --START--
INFO: Run Behavior\ReadHtmlCacheBehavior [ RunTime:0.000000s ]
INFO: [ app_begin ] --END-- [ RunTime:0.001000s ]
SQL: SHOW COLUMNS FROM `do_auth_group_access` [ RunTime:0.0030s ]
SQL: SELECT `uid`,`group_id`,`title`,`rules` FROM do_auth_group_access a INNER JOIN do_auth_group g on a.group_id=g.id  WHERE ( a.uid='88' and g.status='1' )  [ RunTime:0.0010s ]
SQL: SHOW COLUMNS FROM `do_auth_rule` [ RunTime:0.0020s ]
SQL: SELECT `condition`,`name` FROM `do_auth_rule` WHERE `id` IN ('6','96','20','1','2','3','4','5','64','21','7','8','9','10','11','12','13','14','15','16','19','137','138','139','140','141','134','135','136','104','105','106','107','108','118','109','110','111','112','117','127','128','129','130','131','132','133') AND `type` = 1 AND `status` = 1  [ RunTime:0.0010s ]
SQL: SHOW COLUMNS FROM `do_activity` [ RunTime:0.0030s ]
SQL: SELECT COUNT(*) AS tp_count FROM `do_activity` WHERE `activity_area` = 1 LIMIT 1   [ RunTime:0.0000s ]
NOTIC: [2048] Only variables should be passed by reference E:\phpstudy\WWW\doing\ThinkPHP\Library\Think\Db\Driver.class.php 第 769 行.
SQL: SELECT * FROM `do_activity` WHERE `activity_area` = 1 ORDER BY `create_time` desc LIMIT 0,15   [ RunTime:0.0000s ]
SQL: SHOW COLUMNS FROM `do_auth_group_access` [ RunTime:0.0030s ]
SQL: SELECT `uid` FROM `do_auth_group_access` WHERE `group_id` <> 1  [ RunTime:0.0000s ]
SQL: SHOW COLUMNS FROM `do_users` [ RunTime:0.0030s ]
SQL: SELECT `id`,`nikename` FROM `do_users` WHERE `id` IN (89,90,91)  [ RunTime:0.0000s ]
INFO: [ view_parse ] --START--
INFO: [ template_filter ] --START--
INFO: Run Behavior\ContentReplaceBehavior [ RunTime:0.001000s ]
INFO: [ template_filter ] --END-- [ RunTime:0.001000s ]
INFO: Run Behavior\ParseTemplateBehavior [ RunTime:0.011000s ]
INFO: [ view_parse ] --END-- [ RunTime:0.011000s ]
INFO: [ view_filter ] --START--
INFO: Run Behavior\WriteHtmlCacheBehavior [ RunTime:0.000000s ]
INFO: [ view_filter ] --END-- [ RunTime:0.000000s ]
INFO: [ app_end ] --START--
INFO: Run Behavior\ShowPageTraceBehavior [ RunTime:0.000000s ]
INFO: [ app_end ] --END-- [ RunTime:0.001000s ]

[ 2016-09-21T13:51:10+08:00 ] ::1 /doing/index.php/Admin/Activity/search/activity_area/1/p/1
INFO: [ app_init ] --START--
INFO: Run Behavior\BuildLiteBehavior [ RunTime:0.000000s ]
INFO: [ app_init ] --END-- [ RunTime:0.001000s ]
INFO: [ app_begin ] --START--
INFO: Run Behavior\ReadHtmlCacheBehavior [ RunTime:0.000000s ]
INFO: [ app_begin ] --END-- [ RunTime:0.000000s ]
SQL: SHOW COLUMNS FROM `do_auth_group_access` [ RunTime:0.0030s ]
SQL: SELECT `uid`,`group_id`,`title`,`rules` FROM do_auth_group_access a INNER JOIN do_auth_group g on a.group_id=g.id  WHERE ( a.uid='88' and g.status='1' )  [ RunTime:0.0000s ]
SQL: SHOW COLUMNS FROM `do_auth_rule` [ RunTime:0.0030s ]
SQL: SELECT `condition`,`name` FROM `do_auth_rule` WHERE `id` IN ('6','96','20','1','2','3','4','5','64','21','7','8','9','10','11','12','13','14','15','16','19','137','138','139','140','141','134','135','136','104','105','106','107','108','118','109','110','111','112','117','127','128','129','130','131','132','133') AND `type` = 1 AND `status` = 1  [ RunTime:0.0000s ]
SQL: SHOW COLUMNS FROM `do_activity` [ RunTime:0.0020s ]
SQL: SELECT COUNT(*) AS tp_count FROM `do_activity` WHERE `activity_area` = 1 LIMIT 1   [ RunTime:0.0010s ]
NOTIC: [2048] Only variables should be passed by reference E:\phpstudy\WWW\doing\ThinkPHP\Library\Think\Db\Driver.class.php 第 769 行.
SQL: SELECT * FROM `do_activity` WHERE `activity_area` = 1 ORDER BY `create_time` desc LIMIT 0,15   [ RunTime:0.0000s ]
SQL: SHOW COLUMNS FROM `do_auth_group_access` [ RunTime:0.0020s ]
SQL: SELECT `uid` FROM `do_auth_group_access` WHERE `group_id` <> 1  [ RunTime:0.0000s ]
SQL: SHOW COLUMNS FROM `do_users` [ RunTime:0.0030s ]
SQL: SELECT `id`,`nikename` FROM `do_users` WHERE `id` IN (89,90,91)  [ RunTime:0.0000s ]
INFO: [ view_parse ] --START--
INFO: [ template_filter ] --START--
INFO: Run Behavior\ContentReplaceBehavior [ RunTime:0.000000s ]
INFO: [ template_filter ] --END-- [ RunTime:0.000000s ]
NOTIC: [8] Undefined index: activity_name E:\phpstudy\WWW\doing\Runtime\Cache\Admin\a6c5fefe53e91c9ab431404d001a6160.php 第 29 行.
NOTIC: [8] Undefined index: activity_location E:\phpstudy\WWW\doing\Runtime\Cache\Admin\a6c5fefe53e91c9ab431404d001a6160.php 第 31 行.
NOTIC: [8] Undefined index: activity_leader_id E:\phpstudy\WWW\doing\Runtime\Cache\Admin\a6c5fefe53e91c9ab431404d001a6160.php 第 36 行.
NOTIC: [8] Undefined index: activity_leader_id E:\phpstudy\WWW\doing\Runtime\Cache\Admin\a6c5fefe53e91c9ab431404d001a6160.php 第 36 行.
NOTIC: [8] Undefined index: activity_leader_id E:\phpstudy\WWW\doing\Runtime\Cache\Admin\a6c5fefe53e91c9ab431404d001a6160.php 第 36 行.
NOTIC: [8] Undefined index: activity_period E:\phpstudy\WWW\doing\Runtime\Cache\Admin\a6c5fefe53e91c9ab431404d001a6160.php 第 42 行.
NOTIC: [8] Undefined index: activity_period E:\phpstudy\WWW\doing\Runtime\Cache\Admin\a6c5fefe53e91c9ab431404d001a6160.php 第 42 行.
NOTIC: [8] Undefined index: activity_period E:\phpstudy\WWW\doing\Runtime\Cache\Admin\a6c5fefe53e91c9ab431404d001a6160.php 第 42 行.
NOTIC: [8] Undefined index: activity_period E:\phpstudy\WWW\doing\Runtime\Cache\Admin\a6c5fefe53e91c9ab431404d001a6160.php 第 42 行.
NOTIC: [8] Undefined index: business_name E:\phpstudy\WWW\doing\Runtime\Cache\Admin\a6c5fefe53e91c9ab431404d001a6160.php 第 49 行.
NOTIC: [8] Undefined index: business_deals E:\phpstudy\WWW\doing\Runtime\Cache\Admin\a6c5fefe53e91c9ab431404d001a6160.php 第 51 行.
NOTIC: [8] Undefined index: activity_duration E:\phpstudy\WWW\doing\Runtime\Cache\Admin\a6c5fefe53e91c9ab431404d001a6160.php 第 61 行.
NOTIC: [8] Undefined index: activity_duration E:\phpstudy\WWW\doing\Runtime\Cache\Admin\a6c5fefe53e91c9ab431404d001a6160.php 第 61 行.
NOTIC: [8] Undefined index: activity_duration E:\phpstudy\WWW\doing\Runtime\Cache\Admin\a6c5fefe53e91c9ab431404d001a6160.php 第 61 行.
NOTIC: [8] Undefined index: activity_mode E:\phpstudy\WWW\doing\Runtime\Cache\Admin\a6c5fefe53e91c9ab431404d001a6160.php 第 67 行.
NOTIC: [8] Undefined index: start_date E:\phpstudy\WWW\doing\Runtime\Cache\Admin\a6c5fefe53e91c9ab431404d001a6160.php 第 69 行.
NOTIC: [8] Undefined index: end_date E:\phpstudy\WWW\doing\Runtime\Cache\Admin\a6c5fefe53e91c9ab431404d001a6160.php 第 71 行.
NOTIC: [8] Undefined index: activity_name E:\phpstudy\WWW\doing\Runtime\Cache\Admin\a6c5fefe53e91c9ab431404d001a6160.php 第 87 行.
NOTIC: [8] Undefined index: activity_location E:\phpstudy\WWW\doing\Runtime\Cache\Admin\a6c5fefe53e91c9ab431404d001a6160.php 第 87 行.
NOTIC: [8] Undefined index: activity_leader_id E:\phpstudy\WWW\doing\Runtime\Cache\Admin\a6c5fefe53e91c9ab431404d001a6160.php 第 87 行.
NOTIC: [8] Undefined index: activity_period E:\phpstudy\WWW\doing\Runtime\Cache\Admin\a6c5fefe53e91c9ab431404d001a6160.php 第 87 行.
NOTIC: [8] Undefined index: business_name E:\phpstudy\WWW\doing\Runtime\Cache\Admin\a6c5fefe53e91c9ab431404d001a6160.php 第 87 行.
NOTIC: [8] Undefined index: business_deals E:\phpstudy\WWW\doing\Runtime\Cache\Admin\a6c5fefe53e91c9ab431404d001a6160.php 第 87 行.
NOTIC: [8] Undefined index: activity_duration E:\phpstudy\WWW\doing\Runtime\Cache\Admin\a6c5fefe53e91c9ab431404d001a6160.php 第 87 行.
NOTIC: [8] Undefined index: activity_mode E:\phpstudy\WWW\doing\Runtime\Cache\Admin\a6c5fefe53e91c9ab431404d001a6160.php 第 87 行.
NOTIC: [8] Undefined index: start_date E:\phpstudy\WWW\doing\Runtime\Cache\Admin\a6c5fefe53e91c9ab431404d001a6160.php 第 87 行.
NOTIC: [8] Undefined index: end_date E:\phpstudy\WWW\doing\Runtime\Cache\Admin\a6c5fefe53e91c9ab431404d001a6160.php 第 87 行.
INFO: Run Behavior\ParseTemplateBehavior [ RunTime:0.011000s ]
INFO: [ view_parse ] --END-- [ RunTime:0.011000s ]
INFO: [ view_filter ] --START--
INFO: Run Behavior\WriteHtmlCacheBehavior [ RunTime:0.000000s ]
INFO: [ view_filter ] --END-- [ RunTime:0.000000s ]
INFO: [ app_end ] --START--
INFO: Run Behavior\ShowPageTraceBehavior [ RunTime:0.001000s ]
INFO: [ app_end ] --END-- [ RunTime:0.001000s ]

