[ 2016-10-07T11:29:18+08:00 ] ::1 /doing/index.php/Admin/Index/index
INFO: [ app_init ] --START--
INFO: Run Behavior\BuildLiteBehavior [ RunTime:0.000000s ]
INFO: [ app_init ] --END-- [ RunTime:0.001000s ]
INFO: [ app_begin ] --START--
INFO: Run Behavior\ReadHtmlCacheBehavior [ RunTime:0.001000s ]
INFO: [ app_begin ] --END-- [ RunTime:0.001000s ]
SQL: SHOW COLUMNS FROM `do_auth_group_access` [ RunTime:0.0030s ]
SQL: SELECT `uid`,`group_id`,`title`,`rules` FROM do_auth_group_access a INNER JOIN do_auth_group g on a.group_id=g.id  WHERE ( a.uid='88' and g.status='1' )  [ RunTime:0.0010s ]
SQL: SHOW COLUMNS FROM `do_auth_rule` [ RunTime:0.0040s ]
SQL: SELECT `condition`,`name` FROM `do_auth_rule` WHERE `id` IN ('6','96','20','1','2','3','4','5','64','21','7','8','9','10','11','12','13','14','15','16','19','137','138','139','140','141','134','135','136','104','105','106','107','108','118','109','110','111','112','117','127','128','129','130','131','132','133') AND `type` = 1 AND `status` = 1  [ RunTime:0.0000s ]
NOTIC: [2048] Declaration of Common\Model\AdminNavModel::getTreeData() should be compatible with Common\Model\BaseModel::getTreeData($type = 'tree', $order = '', $name = 'name', $child = 'id', $parent = 'pid') E:\phpstudy\WWW\doing\Application\Common\Model\AdminNavModel.class.php 第 7 行.
SQL: SHOW COLUMNS FROM `do_admin_nav` [ RunTime:0.0030s ]
SQL: SELECT * FROM `do_admin_nav` ORDER BY order_number is null,`order_number`,`id`  [ RunTime:0.0000s ]
INFO: [ view_parse ] --START--
INFO: [ template_filter ] --START--
INFO: Run Behavior\ContentReplaceBehavior [ RunTime:0.000000s ]
INFO: [ template_filter ] --END-- [ RunTime:0.000000s ]
INFO: Run Behavior\ParseTemplateBehavior [ RunTime:0.011000s ]
INFO: [ view_parse ] --END-- [ RunTime:0.012000s ]
INFO: [ view_filter ] --START--
INFO: Run Behavior\WriteHtmlCacheBehavior [ RunTime:0.000000s ]
INFO: [ view_filter ] --END-- [ RunTime:0.000000s ]
INFO: [ app_end ] --START--
INFO: Run Behavior\ShowPageTraceBehavior [ RunTime:0.000000s ]
INFO: [ app_end ] --END-- [ RunTime:0.000000s ]

[ 2016-10-07T11:29:18+08:00 ] ::1 /doing/index.php/Admin/Index/welcome
INFO: [ app_init ] --START--
INFO: Run Behavior\BuildLiteBehavior [ RunTime:0.000000s ]
INFO: [ app_init ] --END-- [ RunTime:0.000000s ]
INFO: [ app_begin ] --START--
INFO: Run Behavior\ReadHtmlCacheBehavior [ RunTime:0.000000s ]
INFO: [ app_begin ] --END-- [ RunTime:0.000000s ]
SQL: SHOW COLUMNS FROM `do_auth_group_access` [ RunTime:0.0020s ]
SQL: SELECT `uid`,`group_id`,`title`,`rules` FROM do_auth_group_access a INNER JOIN do_auth_group g on a.group_id=g.id  WHERE ( a.uid='88' and g.status='1' )  [ RunTime:0.0010s ]
SQL: SHOW COLUMNS FROM `do_auth_rule` [ RunTime:0.0020s ]
SQL: SELECT `condition`,`name` FROM `do_auth_rule` WHERE `id` IN ('6','96','20','1','2','3','4','5','64','21','7','8','9','10','11','12','13','14','15','16','19','137','138','139','140','141','134','135','136','104','105','106','107','108','118','109','110','111','112','117','127','128','129','130','131','132','133') AND `type` = 1 AND `status` = 1  [ RunTime:0.0010s ]
INFO: [ view_parse ] --START--
INFO: [ template_filter ] --START--
INFO: Run Behavior\ContentReplaceBehavior [ RunTime:0.000000s ]
INFO: [ template_filter ] --END-- [ RunTime:0.000000s ]
INFO: Run Behavior\ParseTemplateBehavior [ RunTime:0.002000s ]
INFO: [ view_parse ] --END-- [ RunTime:0.002000s ]
INFO: [ view_filter ] --START--
INFO: Run Behavior\WriteHtmlCacheBehavior [ RunTime:0.000000s ]
INFO: [ view_filter ] --END-- [ RunTime:0.000000s ]
INFO: [ app_end ] --START--
INFO: Run Behavior\ShowPageTraceBehavior [ RunTime:0.000000s ]
INFO: [ app_end ] --END-- [ RunTime:0.000000s ]

[ 2016-10-07T15:07:39+08:00 ] ::1 /doing/index.php/Admin/Activity/index
INFO: [ app_init ] --START--
INFO: Run Behavior\BuildLiteBehavior [ RunTime:0.000000s ]
INFO: [ app_init ] --END-- [ RunTime:0.000000s ]
INFO: [ app_begin ] --START--
INFO: Run Behavior\ReadHtmlCacheBehavior [ RunTime:0.001000s ]
INFO: [ app_begin ] --END-- [ RunTime:0.001000s ]
SQL: SHOW COLUMNS FROM `do_auth_group_access` [ RunTime:0.0020s ]
SQL: SELECT `uid`,`group_id`,`title`,`rules` FROM do_auth_group_access a INNER JOIN do_auth_group g on a.group_id=g.id  WHERE ( a.uid='88' and g.status='1' )  [ RunTime:0.0010s ]
SQL: SHOW COLUMNS FROM `do_auth_rule` [ RunTime:0.0030s ]
SQL: SELECT `condition`,`name` FROM `do_auth_rule` WHERE `id` IN ('6','96','20','1','2','3','4','5','64','21','7','8','9','10','11','12','13','14','15','16','19','137','138','139','140','141','134','135','136','104','105','106','107','108','118','109','110','111','112','117','127','128','129','130','131','132','133') AND `type` = 1 AND `status` = 1  [ RunTime:0.0000s ]
SQL: SHOW COLUMNS FROM `do_activity` [ RunTime:0.0020s ]
SQL: SELECT COUNT(*) AS tp_count FROM `do_activity` LIMIT 1   [ RunTime:0.0010s ]
NOTIC: [2048] Only variables should be passed by reference E:\phpstudy\WWW\doing\ThinkPHP\Library\Think\Db\Driver.class.php 第 769 行.
SQL: SELECT * FROM `do_activity` ORDER BY `create_time` desc LIMIT 0,15   [ RunTime:0.0010s ]
SQL: SHOW COLUMNS FROM `do_auth_group_access` [ RunTime:0.0020s ]
SQL: SELECT `uid` FROM `do_auth_group_access` WHERE `group_id` <> 1  [ RunTime:0.0000s ]
SQL: SHOW COLUMNS FROM `do_users` [ RunTime:0.0020s ]
SQL: SELECT `id`,`nikename` FROM `do_users` WHERE `id` IN (89,90,91,92,93,94,96)  [ RunTime:0.0000s ]
INFO: [ view_parse ] --START--
INFO: [ template_filter ] --START--
INFO: Run Behavior\ContentReplaceBehavior [ RunTime:0.000000s ]
INFO: [ template_filter ] --END-- [ RunTime:0.000000s ]
NOTIC: [8] Undefined index: activity_name E:\phpstudy\WWW\doing\Runtime\Cache\Admin\a6c5fefe53e91c9ab431404d001a6160.php 第 29 行.
NOTIC: [8] Undefined index: activity_location E:\phpstudy\WWW\doing\Runtime\Cache\Admin\a6c5fefe53e91c9ab431404d001a6160.php 第 31 行.
NOTIC: [8] Undefined index: activity_leader_id E:\phpstudy\WWW\doing\Runtime\Cache\Admin\a6c5fefe53e91c9ab431404d001a6160.php 第 36 行.
NOTIC: [8] Undefined index: activity_leader_id E:\phpstudy\WWW\doing\Runtime\Cache\Admin\a6c5fefe53e91c9ab431404d001a6160.php 第 36 行.
NOTIC: [8] Undefined index: activity_leader_id E:\phpstudy\WWW\doing\Runtime\Cache\Admin\a6c5fefe53e91c9ab431404d001a6160.php 第 36 行.
NOTIC: [8] Undefined index: activity_leader_id E:\phpstudy\WWW\doing\Runtime\Cache\Admin\a6c5fefe53e91c9ab431404d001a6160.php 第 36 行.
NOTIC: [8] Undefined index: activity_leader_id E:\phpstudy\WWW\doing\Runtime\Cache\Admin\a6c5fefe53e91c9ab431404d001a6160.php 第 36 行.
NOTIC: [8] Undefined index: activity_leader_id E:\phpstudy\WWW\doing\Runtime\Cache\Admin\a6c5fefe53e91c9ab431404d001a6160.php 第 36 行.
NOTIC: [8] Undefined index: activity_leader_id E:\phpstudy\WWW\doing\Runtime\Cache\Admin\a6c5fefe53e91c9ab431404d001a6160.php 第 36 行.
NOTIC: [8] Undefined index: activity_period E:\phpstudy\WWW\doing\Runtime\Cache\Admin\a6c5fefe53e91c9ab431404d001a6160.php 第 42 行.
NOTIC: [8] Undefined index: activity_period E:\phpstudy\WWW\doing\Runtime\Cache\Admin\a6c5fefe53e91c9ab431404d001a6160.php 第 42 行.
NOTIC: [8] Undefined index: activity_period E:\phpstudy\WWW\doing\Runtime\Cache\Admin\a6c5fefe53e91c9ab431404d001a6160.php 第 42 行.
NOTIC: [8] Undefined index: activity_period E:\phpstudy\WWW\doing\Runtime\Cache\Admin\a6c5fefe53e91c9ab431404d001a6160.php 第 42 行.
NOTIC: [8] Undefined index: business_name E:\phpstudy\WWW\doing\Runtime\Cache\Admin\a6c5fefe53e91c9ab431404d001a6160.php 第 49 行.
NOTIC: [8] Undefined index: business_deals E:\phpstudy\WWW\doing\Runtime\Cache\Admin\a6c5fefe53e91c9ab431404d001a6160.php 第 51 行.
NOTIC: [8] Undefined index: activity_area E:\phpstudy\WWW\doing\Runtime\Cache\Admin\a6c5fefe53e91c9ab431404d001a6160.php 第 55 行.
NOTIC: [8] Undefined index: activity_area E:\phpstudy\WWW\doing\Runtime\Cache\Admin\a6c5fefe53e91c9ab431404d001a6160.php 第 55 行.
NOTIC: [8] Undefined index: activity_area E:\phpstudy\WWW\doing\Runtime\Cache\Admin\a6c5fefe53e91c9ab431404d001a6160.php 第 55 行.
NOTIC: [8] Undefined index: activity_area E:\phpstudy\WWW\doing\Runtime\Cache\Admin\a6c5fefe53e91c9ab431404d001a6160.php 第 55 行.
NOTIC: [8] Undefined index: activity_area E:\phpstudy\WWW\doing\Runtime\Cache\Admin\a6c5fefe53e91c9ab431404d001a6160.php 第 55 行.
NOTIC: [8] Undefined index: activity_area E:\phpstudy\WWW\doing\Runtime\Cache\Admin\a6c5fefe53e91c9ab431404d001a6160.php 第 55 行.
NOTIC: [8] Undefined index: activity_area E:\phpstudy\WWW\doing\Runtime\Cache\Admin\a6c5fefe53e91c9ab431404d001a6160.php 第 55 行.
NOTIC: [8] Undefined index: activity_duration E:\phpstudy\WWW\doing\Runtime\Cache\Admin\a6c5fefe53e91c9ab431404d001a6160.php 第 61 行.
NOTIC: [8] Undefined index: activity_duration E:\phpstudy\WWW\doing\Runtime\Cache\Admin\a6c5fefe53e91c9ab431404d001a6160.php 第 61 行.
NOTIC: [8] Undefined index: activity_duration E:\phpstudy\WWW\doing\Runtime\Cache\Admin\a6c5fefe53e91c9ab431404d001a6160.php 第 61 行.
NOTIC: [8] Undefined index: activity_mode E:\phpstudy\WWW\doing\Runtime\Cache\Admin\a6c5fefe53e91c9ab431404d001a6160.php 第 67 行.
NOTIC: [8] Undefined index: start_date E:\phpstudy\WWW\doing\Runtime\Cache\Admin\a6c5fefe53e91c9ab431404d001a6160.php 第 69 行.
NOTIC: [8] Undefined index: end_date E:\phpstudy\WWW\doing\Runtime\Cache\Admin\a6c5fefe53e91c9ab431404d001a6160.php 第 71 行.
NOTIC: [8] Undefined index: activity_name E:\phpstudy\WWW\doing\Runtime\Cache\Admin\a6c5fefe53e91c9ab431404d001a6160.php 第 87 行.
NOTIC: [8] Undefined index: activity_location E:\phpstudy\WWW\doing\Runtime\Cache\Admin\a6c5fefe53e91c9ab431404d001a6160.php 第 87 行.
NOTIC: [8] Undefined index: activity_leader_id E:\phpstudy\WWW\doing\Runtime\Cache\Admin\a6c5fefe53e91c9ab431404d001a6160.php 第 87 行.
NOTIC: [8] Undefined index: activity_period E:\phpstudy\WWW\doing\Runtime\Cache\Admin\a6c5fefe53e91c9ab431404d001a6160.php 第 87 行.
NOTIC: [8] Undefined index: business_name E:\phpstudy\WWW\doing\Runtime\Cache\Admin\a6c5fefe53e91c9ab431404d001a6160.php 第 87 行.
NOTIC: [8] Undefined index: business_deals E:\phpstudy\WWW\doing\Runtime\Cache\Admin\a6c5fefe53e91c9ab431404d001a6160.php 第 87 行.
NOTIC: [8] Undefined index: activity_area E:\phpstudy\WWW\doing\Runtime\Cache\Admin\a6c5fefe53e91c9ab431404d001a6160.php 第 87 行.
NOTIC: [8] Undefined index: activity_duration E:\phpstudy\WWW\doing\Runtime\Cache\Admin\a6c5fefe53e91c9ab431404d001a6160.php 第 87 行.
NOTIC: [8] Undefined index: activity_mode E:\phpstudy\WWW\doing\Runtime\Cache\Admin\a6c5fefe53e91c9ab431404d001a6160.php 第 87 行.
NOTIC: [8] Undefined index: start_date E:\phpstudy\WWW\doing\Runtime\Cache\Admin\a6c5fefe53e91c9ab431404d001a6160.php 第 87 行.
NOTIC: [8] Undefined index: end_date E:\phpstudy\WWW\doing\Runtime\Cache\Admin\a6c5fefe53e91c9ab431404d001a6160.php 第 87 行.
INFO: Run Behavior\ParseTemplateBehavior [ RunTime:0.018000s ]
INFO: [ view_parse ] --END-- [ RunTime:0.018000s ]
INFO: [ view_filter ] --START--
INFO: Run Behavior\WriteHtmlCacheBehavior [ RunTime:0.001000s ]
INFO: [ view_filter ] --END-- [ RunTime:0.001000s ]
INFO: [ app_end ] --START--
INFO: Run Behavior\ShowPageTraceBehavior [ RunTime:0.000000s ]
INFO: [ app_end ] --END-- [ RunTime:0.000000s ]

[ 2016-10-07T17:11:16+08:00 ] ::1 /doing/index.php/Admin/Activity/add
INFO: [ app_init ] --START--
INFO: Run Behavior\BuildLiteBehavior [ RunTime:0.000000s ]
INFO: [ app_init ] --END-- [ RunTime:0.000000s ]
INFO: [ app_begin ] --START--
INFO: Run Behavior\ReadHtmlCacheBehavior [ RunTime:0.000000s ]
INFO: [ app_begin ] --END-- [ RunTime:0.000000s ]
SQL: SHOW COLUMNS FROM `do_auth_group_access` [ RunTime:0.0030s ]
SQL: SELECT `uid`,`group_id`,`title`,`rules` FROM do_auth_group_access a INNER JOIN do_auth_group g on a.group_id=g.id  WHERE ( a.uid='88' and g.status='1' )  [ RunTime:0.0010s ]
SQL: SHOW COLUMNS FROM `do_auth_rule` [ RunTime:0.0030s ]
SQL: SELECT `condition`,`name` FROM `do_auth_rule` WHERE `id` IN ('6','96','20','1','2','3','4','5','64','21','7','8','9','10','11','12','13','14','15','16','19','137','138','139','140','141','134','135','136','104','105','106','107','108','118','109','110','111','112','117','127','128','129','130','131','132','133') AND `type` = 1 AND `status` = 1  [ RunTime:0.0010s ]
INFO: [ view_parse ] --START--
INFO: [ template_filter ] --START--
INFO: Run Behavior\ContentReplaceBehavior [ RunTime:0.000000s ]
INFO: [ template_filter ] --END-- [ RunTime:0.000000s ]
INFO: Run Behavior\ParseTemplateBehavior [ RunTime:0.016000s ]
INFO: [ view_parse ] --END-- [ RunTime:0.016000s ]
INFO: [ view_filter ] --START--
INFO: Run Behavior\WriteHtmlCacheBehavior [ RunTime:0.000000s ]
INFO: [ view_filter ] --END-- [ RunTime:0.000000s ]
INFO: [ app_end ] --START--
INFO: Run Behavior\ShowPageTraceBehavior [ RunTime:0.000000s ]
INFO: [ app_end ] --END-- [ RunTime:0.000000s ]

[ 2016-10-07T17:11:18+08:00 ] ::1 /doing/index.php/Admin/Activity/index
INFO: [ app_init ] --START--
INFO: Run Behavior\BuildLiteBehavior [ RunTime:0.000000s ]
INFO: [ app_init ] --END-- [ RunTime:0.001000s ]
INFO: [ app_begin ] --START--
INFO: Run Behavior\ReadHtmlCacheBehavior [ RunTime:0.001000s ]
INFO: [ app_begin ] --END-- [ RunTime:0.001000s ]
SQL: SHOW COLUMNS FROM `do_auth_group_access` [ RunTime:0.0040s ]
SQL: SELECT `uid`,`group_id`,`title`,`rules` FROM do_auth_group_access a INNER JOIN do_auth_group g on a.group_id=g.id  WHERE ( a.uid='88' and g.status='1' )  [ RunTime:0.0000s ]
SQL: SHOW COLUMNS FROM `do_auth_rule` [ RunTime:0.0030s ]
SQL: SELECT `condition`,`name` FROM `do_auth_rule` WHERE `id` IN ('6','96','20','1','2','3','4','5','64','21','7','8','9','10','11','12','13','14','15','16','19','137','138','139','140','141','134','135','136','104','105','106','107','108','118','109','110','111','112','117','127','128','129','130','131','132','133') AND `type` = 1 AND `status` = 1  [ RunTime:0.0000s ]
SQL: SHOW COLUMNS FROM `do_activity` [ RunTime:0.0040s ]
SQL: SELECT COUNT(*) AS tp_count FROM `do_activity` LIMIT 1   [ RunTime:0.0000s ]
NOTIC: [2048] Only variables should be passed by reference E:\phpstudy\WWW\doing\ThinkPHP\Library\Think\Db\Driver.class.php 第 769 行.
SQL: SELECT * FROM `do_activity` ORDER BY `create_time` desc LIMIT 0,15   [ RunTime:0.0010s ]
SQL: SHOW COLUMNS FROM `do_auth_group_access` [ RunTime:0.0030s ]
SQL: SELECT `uid` FROM `do_auth_group_access` WHERE `group_id` <> 1  [ RunTime:0.0010s ]
SQL: SHOW COLUMNS FROM `do_users` [ RunTime:0.0040s ]
SQL: SELECT `id`,`nikename` FROM `do_users` WHERE `id` IN (89,90,91,92,93,94,96)  [ RunTime:0.0010s ]
INFO: [ view_parse ] --START--
INFO: [ template_filter ] --START--
INFO: Run Behavior\ContentReplaceBehavior [ RunTime:0.000000s ]
INFO: [ template_filter ] --END-- [ RunTime:0.000000s ]
NOTIC: [8] Undefined index: activity_name E:\phpstudy\WWW\doing\Runtime\Cache\Admin\a6c5fefe53e91c9ab431404d001a6160.php 第 29 行.
NOTIC: [8] Undefined index: activity_location E:\phpstudy\WWW\doing\Runtime\Cache\Admin\a6c5fefe53e91c9ab431404d001a6160.php 第 31 行.
NOTIC: [8] Undefined index: activity_leader_id E:\phpstudy\WWW\doing\Runtime\Cache\Admin\a6c5fefe53e91c9ab431404d001a6160.php 第 36 行.
NOTIC: [8] Undefined index: activity_leader_id E:\phpstudy\WWW\doing\Runtime\Cache\Admin\a6c5fefe53e91c9ab431404d001a6160.php 第 36 行.
NOTIC: [8] Undefined index: activity_leader_id E:\phpstudy\WWW\doing\Runtime\Cache\Admin\a6c5fefe53e91c9ab431404d001a6160.php 第 36 行.
NOTIC: [8] Undefined index: activity_leader_id E:\phpstudy\WWW\doing\Runtime\Cache\Admin\a6c5fefe53e91c9ab431404d001a6160.php 第 36 行.
NOTIC: [8] Undefined index: activity_leader_id E:\phpstudy\WWW\doing\Runtime\Cache\Admin\a6c5fefe53e91c9ab431404d001a6160.php 第 36 行.
NOTIC: [8] Undefined index: activity_leader_id E:\phpstudy\WWW\doing\Runtime\Cache\Admin\a6c5fefe53e91c9ab431404d001a6160.php 第 36 行.
NOTIC: [8] Undefined index: activity_leader_id E:\phpstudy\WWW\doing\Runtime\Cache\Admin\a6c5fefe53e91c9ab431404d001a6160.php 第 36 行.
NOTIC: [8] Undefined index: activity_period E:\phpstudy\WWW\doing\Runtime\Cache\Admin\a6c5fefe53e91c9ab431404d001a6160.php 第 42 行.
NOTIC: [8] Undefined index: activity_period E:\phpstudy\WWW\doing\Runtime\Cache\Admin\a6c5fefe53e91c9ab431404d001a6160.php 第 42 行.
NOTIC: [8] Undefined index: activity_period E:\phpstudy\WWW\doing\Runtime\Cache\Admin\a6c5fefe53e91c9ab431404d001a6160.php 第 42 行.
NOTIC: [8] Undefined index: activity_period E:\phpstudy\WWW\doing\Runtime\Cache\Admin\a6c5fefe53e91c9ab431404d001a6160.php 第 42 行.
NOTIC: [8] Undefined index: business_name E:\phpstudy\WWW\doing\Runtime\Cache\Admin\a6c5fefe53e91c9ab431404d001a6160.php 第 49 行.
NOTIC: [8] Undefined index: business_deals E:\phpstudy\WWW\doing\Runtime\Cache\Admin\a6c5fefe53e91c9ab431404d001a6160.php 第 51 行.
NOTIC: [8] Undefined index: activity_area E:\phpstudy\WWW\doing\Runtime\Cache\Admin\a6c5fefe53e91c9ab431404d001a6160.php 第 55 行.
NOTIC: [8] Undefined index: activity_area E:\phpstudy\WWW\doing\Runtime\Cache\Admin\a6c5fefe53e91c9ab431404d001a6160.php 第 55 行.
NOTIC: [8] Undefined index: activity_area E:\phpstudy\WWW\doing\Runtime\Cache\Admin\a6c5fefe53e91c9ab431404d001a6160.php 第 55 行.
NOTIC: [8] Undefined index: activity_area E:\phpstudy\WWW\doing\Runtime\Cache\Admin\a6c5fefe53e91c9ab431404d001a6160.php 第 55 行.
NOTIC: [8] Undefined index: activity_area E:\phpstudy\WWW\doing\Runtime\Cache\Admin\a6c5fefe53e91c9ab431404d001a6160.php 第 55 行.
NOTIC: [8] Undefined index: activity_area E:\phpstudy\WWW\doing\Runtime\Cache\Admin\a6c5fefe53e91c9ab431404d001a6160.php 第 55 行.
NOTIC: [8] Undefined index: activity_area E:\phpstudy\WWW\doing\Runtime\Cache\Admin\a6c5fefe53e91c9ab431404d001a6160.php 第 55 行.
NOTIC: [8] Undefined index: activity_duration E:\phpstudy\WWW\doing\Runtime\Cache\Admin\a6c5fefe53e91c9ab431404d001a6160.php 第 61 行.
NOTIC: [8] Undefined index: activity_duration E:\phpstudy\WWW\doing\Runtime\Cache\Admin\a6c5fefe53e91c9ab431404d001a6160.php 第 61 行.
NOTIC: [8] Undefined index: activity_duration E:\phpstudy\WWW\doing\Runtime\Cache\Admin\a6c5fefe53e91c9ab431404d001a6160.php 第 61 行.
NOTIC: [8] Undefined index: activity_mode E:\phpstudy\WWW\doing\Runtime\Cache\Admin\a6c5fefe53e91c9ab431404d001a6160.php 第 67 行.
NOTIC: [8] Undefined index: start_date E:\phpstudy\WWW\doing\Runtime\Cache\Admin\a6c5fefe53e91c9ab431404d001a6160.php 第 69 行.
NOTIC: [8] Undefined index: end_date E:\phpstudy\WWW\doing\Runtime\Cache\Admin\a6c5fefe53e91c9ab431404d001a6160.php 第 71 行.
NOTIC: [8] Undefined index: activity_name E:\phpstudy\WWW\doing\Runtime\Cache\Admin\a6c5fefe53e91c9ab431404d001a6160.php 第 87 行.
NOTIC: [8] Undefined index: activity_location E:\phpstudy\WWW\doing\Runtime\Cache\Admin\a6c5fefe53e91c9ab431404d001a6160.php 第 87 行.
NOTIC: [8] Undefined index: activity_leader_id E:\phpstudy\WWW\doing\Runtime\Cache\Admin\a6c5fefe53e91c9ab431404d001a6160.php 第 87 行.
NOTIC: [8] Undefined index: activity_period E:\phpstudy\WWW\doing\Runtime\Cache\Admin\a6c5fefe53e91c9ab431404d001a6160.php 第 87 行.
NOTIC: [8] Undefined index: business_name E:\phpstudy\WWW\doing\Runtime\Cache\Admin\a6c5fefe53e91c9ab431404d001a6160.php 第 87 行.
NOTIC: [8] Undefined index: business_deals E:\phpstudy\WWW\doing\Runtime\Cache\Admin\a6c5fefe53e91c9ab431404d001a6160.php 第 87 行.
NOTIC: [8] Undefined index: activity_area E:\phpstudy\WWW\doing\Runtime\Cache\Admin\a6c5fefe53e91c9ab431404d001a6160.php 第 87 行.
NOTIC: [8] Undefined index: activity_duration E:\phpstudy\WWW\doing\Runtime\Cache\Admin\a6c5fefe53e91c9ab431404d001a6160.php 第 87 行.
NOTIC: [8] Undefined index: activity_mode E:\phpstudy\WWW\doing\Runtime\Cache\Admin\a6c5fefe53e91c9ab431404d001a6160.php 第 87 行.
NOTIC: [8] Undefined index: start_date E:\phpstudy\WWW\doing\Runtime\Cache\Admin\a6c5fefe53e91c9ab431404d001a6160.php 第 87 行.
NOTIC: [8] Undefined index: end_date E:\phpstudy\WWW\doing\Runtime\Cache\Admin\a6c5fefe53e91c9ab431404d001a6160.php 第 87 行.
INFO: Run Behavior\ParseTemplateBehavior [ RunTime:0.016000s ]
INFO: [ view_parse ] --END-- [ RunTime:0.016000s ]
INFO: [ view_filter ] --START--
INFO: Run Behavior\WriteHtmlCacheBehavior [ RunTime:0.000000s ]
INFO: [ view_filter ] --END-- [ RunTime:0.000000s ]
INFO: [ app_end ] --START--
INFO: Run Behavior\ShowPageTraceBehavior [ RunTime:0.001000s ]
INFO: [ app_end ] --END-- [ RunTime:0.001000s ]

[ 2016-10-07T17:11:22+08:00 ] ::1 /doing/index.php/Admin/Activity/edit/id/28
INFO: [ app_init ] --START--
INFO: Run Behavior\BuildLiteBehavior [ RunTime:0.000000s ]
INFO: [ app_init ] --END-- [ RunTime:0.000000s ]
INFO: [ app_begin ] --START--
INFO: Run Behavior\ReadHtmlCacheBehavior [ RunTime:0.001000s ]
INFO: [ app_begin ] --END-- [ RunTime:0.001000s ]
SQL: SHOW COLUMNS FROM `do_auth_group_access` [ RunTime:0.0040s ]
SQL: SELECT `uid`,`group_id`,`title`,`rules` FROM do_auth_group_access a INNER JOIN do_auth_group g on a.group_id=g.id  WHERE ( a.uid='88' and g.status='1' )  [ RunTime:0.0000s ]
SQL: SHOW COLUMNS FROM `do_auth_rule` [ RunTime:0.0020s ]
SQL: SELECT `condition`,`name` FROM `do_auth_rule` WHERE `id` IN ('6','96','20','1','2','3','4','5','64','21','7','8','9','10','11','12','13','14','15','16','19','137','138','139','140','141','134','135','136','104','105','106','107','108','118','109','110','111','112','117','127','128','129','130','131','132','133') AND `type` = 1 AND `status` = 1  [ RunTime:0.0010s ]
SQL: SHOW COLUMNS FROM `do_activity` [ RunTime:0.0020s ]
SQL: SELECT * FROM `do_activity` WHERE `id` = 28 LIMIT 1   [ RunTime:0.0010s ]
INFO: [ view_parse ] --START--
INFO: [ template_filter ] --START--
INFO: Run Behavior\ContentReplaceBehavior [ RunTime:0.001000s ]
INFO: [ template_filter ] --END-- [ RunTime:0.001000s ]
INFO: Run Behavior\ParseTemplateBehavior [ RunTime:0.007000s ]
INFO: [ view_parse ] --END-- [ RunTime:0.007000s ]
INFO: [ view_filter ] --START--
INFO: Run Behavior\WriteHtmlCacheBehavior [ RunTime:0.000000s ]
INFO: [ view_filter ] --END-- [ RunTime:0.000000s ]
INFO: [ app_end ] --START--
INFO: Run Behavior\ShowPageTraceBehavior [ RunTime:0.000000s ]
INFO: [ app_end ] --END-- [ RunTime:0.000000s ]

[ 2016-10-07T17:11:25+08:00 ] ::1 /doing/index.php/Admin/Index/index
INFO: [ app_init ] --START--
INFO: Run Behavior\BuildLiteBehavior [ RunTime:0.000000s ]
INFO: [ app_init ] --END-- [ RunTime:0.001000s ]
INFO: [ app_begin ] --START--
INFO: Run Behavior\ReadHtmlCacheBehavior [ RunTime:0.001000s ]
INFO: [ app_begin ] --END-- [ RunTime:0.001000s ]
SQL: SHOW COLUMNS FROM `do_auth_group_access` [ RunTime:0.0040s ]
SQL: SELECT `uid`,`group_id`,`title`,`rules` FROM do_auth_group_access a INNER JOIN do_auth_group g on a.group_id=g.id  WHERE ( a.uid='88' and g.status='1' )  [ RunTime:0.0000s ]
SQL: SHOW COLUMNS FROM `do_auth_rule` [ RunTime:0.0030s ]
SQL: SELECT `condition`,`name` FROM `do_auth_rule` WHERE `id` IN ('6','96','20','1','2','3','4','5','64','21','7','8','9','10','11','12','13','14','15','16','19','137','138','139','140','141','134','135','136','104','105','106','107','108','118','109','110','111','112','117','127','128','129','130','131','132','133') AND `type` = 1 AND `status` = 1  [ RunTime:0.0000s ]
NOTIC: [2048] Declaration of Common\Model\AdminNavModel::getTreeData() should be compatible with Common\Model\BaseModel::getTreeData($type = 'tree', $order = '', $name = 'name', $child = 'id', $parent = 'pid') E:\phpstudy\WWW\doing\Application\Common\Model\AdminNavModel.class.php 第 7 行.
SQL: SHOW COLUMNS FROM `do_admin_nav` [ RunTime:0.0020s ]
SQL: SELECT * FROM `do_admin_nav` ORDER BY order_number is null,`order_number`,`id`  [ RunTime:0.0010s ]
INFO: [ view_parse ] --START--
INFO: [ template_filter ] --START--
INFO: Run Behavior\ContentReplaceBehavior [ RunTime:0.000000s ]
INFO: [ template_filter ] --END-- [ RunTime:0.000000s ]
INFO: Run Behavior\ParseTemplateBehavior [ RunTime:0.008000s ]
INFO: [ view_parse ] --END-- [ RunTime:0.008000s ]
INFO: [ view_filter ] --START--
INFO: Run Behavior\WriteHtmlCacheBehavior [ RunTime:0.000000s ]
INFO: [ view_filter ] --END-- [ RunTime:0.000000s ]
INFO: [ app_end ] --START--
INFO: Run Behavior\ShowPageTraceBehavior [ RunTime:0.001000s ]
INFO: [ app_end ] --END-- [ RunTime:0.001000s ]

[ 2016-10-07T17:11:25+08:00 ] ::1 /doing/index.php/Admin/Index/welcome
INFO: [ app_init ] --START--
INFO: Run Behavior\BuildLiteBehavior [ RunTime:0.000000s ]
INFO: [ app_init ] --END-- [ RunTime:0.000000s ]
INFO: [ app_begin ] --START--
INFO: Run Behavior\ReadHtmlCacheBehavior [ RunTime:0.000000s ]
INFO: [ app_begin ] --END-- [ RunTime:0.000000s ]
SQL: SHOW COLUMNS FROM `do_auth_group_access` [ RunTime:0.0020s ]
SQL: SELECT `uid`,`group_id`,`title`,`rules` FROM do_auth_group_access a INNER JOIN do_auth_group g on a.group_id=g.id  WHERE ( a.uid='88' and g.status='1' )  [ RunTime:0.0000s ]
SQL: SHOW COLUMNS FROM `do_auth_rule` [ RunTime:0.0020s ]
SQL: SELECT `condition`,`name` FROM `do_auth_rule` WHERE `id` IN ('6','96','20','1','2','3','4','5','64','21','7','8','9','10','11','12','13','14','15','16','19','137','138','139','140','141','134','135','136','104','105','106','107','108','118','109','110','111','112','117','127','128','129','130','131','132','133') AND `type` = 1 AND `status` = 1  [ RunTime:0.0000s ]
INFO: [ view_parse ] --START--
INFO: [ template_filter ] --START--
INFO: Run Behavior\ContentReplaceBehavior [ RunTime:0.000000s ]
INFO: [ template_filter ] --END-- [ RunTime:0.000000s ]
INFO: Run Behavior\ParseTemplateBehavior [ RunTime:0.002000s ]
INFO: [ view_parse ] --END-- [ RunTime:0.002000s ]
INFO: [ view_filter ] --START--
INFO: Run Behavior\WriteHtmlCacheBehavior [ RunTime:0.000000s ]
INFO: [ view_filter ] --END-- [ RunTime:0.000000s ]
INFO: [ app_end ] --START--
INFO: Run Behavior\ShowPageTraceBehavior [ RunTime:0.001000s ]
INFO: [ app_end ] --END-- [ RunTime:0.001000s ]

[ 2016-10-07T17:11:25+08:00 ] ::1 /doing/index.php/Admin/Index/index
INFO: [ app_init ] --START--
INFO: Run Behavior\BuildLiteBehavior [ RunTime:0.000000s ]
INFO: [ app_init ] --END-- [ RunTime:0.001000s ]
INFO: [ app_begin ] --START--
INFO: Run Behavior\ReadHtmlCacheBehavior [ RunTime:0.000000s ]
INFO: [ app_begin ] --END-- [ RunTime:0.000000s ]
SQL: SHOW COLUMNS FROM `do_auth_group_access` [ RunTime:0.0020s ]
SQL: SELECT `uid`,`group_id`,`title`,`rules` FROM do_auth_group_access a INNER JOIN do_auth_group g on a.group_id=g.id  WHERE ( a.uid='88' and g.status='1' )  [ RunTime:0.0000s ]
SQL: SHOW COLUMNS FROM `do_auth_rule` [ RunTime:0.0020s ]
SQL: SELECT `condition`,`name` FROM `do_auth_rule` WHERE `id` IN ('6','96','20','1','2','3','4','5','64','21','7','8','9','10','11','12','13','14','15','16','19','137','138','139','140','141','134','135','136','104','105','106','107','108','118','109','110','111','112','117','127','128','129','130','131','132','133') AND `type` = 1 AND `status` = 1  [ RunTime:0.0000s ]
NOTIC: [2048] Declaration of Common\Model\AdminNavModel::getTreeData() should be compatible with Common\Model\BaseModel::getTreeData($type = 'tree', $order = '', $name = 'name', $child = 'id', $parent = 'pid') E:\phpstudy\WWW\doing\Application\Common\Model\AdminNavModel.class.php 第 7 行.
SQL: SHOW COLUMNS FROM `do_admin_nav` [ RunTime:0.0020s ]
SQL: SELECT * FROM `do_admin_nav` ORDER BY order_number is null,`order_number`,`id`  [ RunTime:0.0000s ]
INFO: [ view_parse ] --START--
INFO: [ template_filter ] --START--
INFO: Run Behavior\ContentReplaceBehavior [ RunTime:0.000000s ]
INFO: [ template_filter ] --END-- [ RunTime:0.000000s ]
INFO: Run Behavior\ParseTemplateBehavior [ RunTime:0.006000s ]
INFO: [ view_parse ] --END-- [ RunTime:0.006000s ]
INFO: [ view_filter ] --START--
INFO: Run Behavior\WriteHtmlCacheBehavior [ RunTime:0.000000s ]
INFO: [ view_filter ] --END-- [ RunTime:0.000000s ]
INFO: [ app_end ] --START--
INFO: Run Behavior\ShowPageTraceBehavior [ RunTime:0.001000s ]
INFO: [ app_end ] --END-- [ RunTime:0.001000s ]

[ 2016-10-07T17:11:25+08:00 ] ::1 /doing/index.php/Admin/Index/index
INFO: [ app_init ] --START--
INFO: Run Behavior\BuildLiteBehavior [ RunTime:0.000000s ]
INFO: [ app_init ] --END-- [ RunTime:0.000000s ]
INFO: [ app_begin ] --START--
INFO: Run Behavior\ReadHtmlCacheBehavior [ RunTime:0.000000s ]
INFO: [ app_begin ] --END-- [ RunTime:0.000000s ]
SQL: SHOW COLUMNS FROM `do_auth_group_access` [ RunTime:0.0020s ]
SQL: SELECT `uid`,`group_id`,`title`,`rules` FROM do_auth_group_access a INNER JOIN do_auth_group g on a.group_id=g.id  WHERE ( a.uid='88' and g.status='1' )  [ RunTime:0.0000s ]
SQL: SHOW COLUMNS FROM `do_auth_rule` [ RunTime:0.0020s ]
SQL: SELECT `condition`,`name` FROM `do_auth_rule` WHERE `id` IN ('6','96','20','1','2','3','4','5','64','21','7','8','9','10','11','12','13','14','15','16','19','137','138','139','140','141','134','135','136','104','105','106','107','108','118','109','110','111','112','117','127','128','129','130','131','132','133') AND `type` = 1 AND `status` = 1  [ RunTime:0.0000s ]
NOTIC: [2048] Declaration of Common\Model\AdminNavModel::getTreeData() should be compatible with Common\Model\BaseModel::getTreeData($type = 'tree', $order = '', $name = 'name', $child = 'id', $parent = 'pid') E:\phpstudy\WWW\doing\Application\Common\Model\AdminNavModel.class.php 第 7 行.
SQL: SHOW COLUMNS FROM `do_admin_nav` [ RunTime:0.0020s ]
SQL: SELECT * FROM `do_admin_nav` ORDER BY order_number is null,`order_number`,`id`  [ RunTime:0.0000s ]
INFO: [ view_parse ] --START--
INFO: [ template_filter ] --START--
INFO: Run Behavior\ContentReplaceBehavior [ RunTime:0.000000s ]
INFO: [ template_filter ] --END-- [ RunTime:0.000000s ]
INFO: Run Behavior\ParseTemplateBehavior [ RunTime:0.007000s ]
INFO: [ view_parse ] --END-- [ RunTime:0.007000s ]
INFO: [ view_filter ] --START--
INFO: Run Behavior\WriteHtmlCacheBehavior [ RunTime:0.000000s ]
INFO: [ view_filter ] --END-- [ RunTime:0.000000s ]
INFO: [ app_end ] --START--
INFO: Run Behavior\ShowPageTraceBehavior [ RunTime:0.000000s ]
INFO: [ app_end ] --END-- [ RunTime:0.000000s ]

[ 2016-10-07T17:11:25+08:00 ] ::1 /doing/index.php/Admin/Index/welcome
INFO: [ app_init ] --START--
INFO: Run Behavior\BuildLiteBehavior [ RunTime:0.000000s ]
INFO: [ app_init ] --END-- [ RunTime:0.000000s ]
INFO: [ app_begin ] --START--
INFO: Run Behavior\ReadHtmlCacheBehavior [ RunTime:0.000000s ]
INFO: [ app_begin ] --END-- [ RunTime:0.000000s ]
SQL: SHOW COLUMNS FROM `do_auth_group_access` [ RunTime:0.0020s ]
SQL: SELECT `uid`,`group_id`,`title`,`rules` FROM do_auth_group_access a INNER JOIN do_auth_group g on a.group_id=g.id  WHERE ( a.uid='88' and g.status='1' )  [ RunTime:0.0000s ]
SQL: SHOW COLUMNS FROM `do_auth_rule` [ RunTime:0.0030s ]
SQL: SELECT `condition`,`name` FROM `do_auth_rule` WHERE `id` IN ('6','96','20','1','2','3','4','5','64','21','7','8','9','10','11','12','13','14','15','16','19','137','138','139','140','141','134','135','136','104','105','106','107','108','118','109','110','111','112','117','127','128','129','130','131','132','133') AND `type` = 1 AND `status` = 1  [ RunTime:0.0000s ]
INFO: [ view_parse ] --START--
INFO: [ template_filter ] --START--
INFO: Run Behavior\ContentReplaceBehavior [ RunTime:0.000000s ]
INFO: [ template_filter ] --END-- [ RunTime:0.000000s ]
INFO: Run Behavior\ParseTemplateBehavior [ RunTime:0.001000s ]
INFO: [ view_parse ] --END-- [ RunTime:0.001000s ]
INFO: [ view_filter ] --START--
INFO: Run Behavior\WriteHtmlCacheBehavior [ RunTime:0.000000s ]
INFO: [ view_filter ] --END-- [ RunTime:0.000000s ]
INFO: [ app_end ] --START--
INFO: Run Behavior\ShowPageTraceBehavior [ RunTime:0.000000s ]
INFO: [ app_end ] --END-- [ RunTime:0.000000s ]

[ 2016-10-07T17:11:30+08:00 ] ::1 /doing/index.php/Admin/Index/index
INFO: [ app_init ] --START--
INFO: Run Behavior\BuildLiteBehavior [ RunTime:0.000000s ]
INFO: [ app_init ] --END-- [ RunTime:0.001000s ]
INFO: [ app_begin ] --START--
INFO: Run Behavior\ReadHtmlCacheBehavior [ RunTime:0.001000s ]
INFO: [ app_begin ] --END-- [ RunTime:0.001000s ]
SQL: SHOW COLUMNS FROM `do_auth_group_access` [ RunTime:0.0040s ]
SQL: SELECT `uid`,`group_id`,`title`,`rules` FROM do_auth_group_access a INNER JOIN do_auth_group g on a.group_id=g.id  WHERE ( a.uid='88' and g.status='1' )  [ RunTime:0.0010s ]
SQL: SHOW COLUMNS FROM `do_auth_rule` [ RunTime:0.0030s ]
SQL: SELECT `condition`,`name` FROM `do_auth_rule` WHERE `id` IN ('6','96','20','1','2','3','4','5','64','21','7','8','9','10','11','12','13','14','15','16','19','137','138','139','140','141','134','135','136','104','105','106','107','108','118','109','110','111','112','117','127','128','129','130','131','132','133') AND `type` = 1 AND `status` = 1  [ RunTime:0.0000s ]
NOTIC: [2048] Declaration of Common\Model\AdminNavModel::getTreeData() should be compatible with Common\Model\BaseModel::getTreeData($type = 'tree', $order = '', $name = 'name', $child = 'id', $parent = 'pid') E:\phpstudy\WWW\doing\Application\Common\Model\AdminNavModel.class.php 第 7 行.
SQL: SHOW COLUMNS FROM `do_admin_nav` [ RunTime:0.0020s ]
SQL: SELECT * FROM `do_admin_nav` ORDER BY order_number is null,`order_number`,`id`  [ RunTime:0.0000s ]
INFO: [ view_parse ] --START--
INFO: [ template_filter ] --START--
INFO: Run Behavior\ContentReplaceBehavior [ RunTime:0.000000s ]
INFO: [ template_filter ] --END-- [ RunTime:0.000000s ]
INFO: Run Behavior\ParseTemplateBehavior [ RunTime:0.009000s ]
INFO: [ view_parse ] --END-- [ RunTime:0.009000s ]
INFO: [ view_filter ] --START--
INFO: Run Behavior\WriteHtmlCacheBehavior [ RunTime:0.000000s ]
INFO: [ view_filter ] --END-- [ RunTime:0.000000s ]
INFO: [ app_end ] --START--
INFO: Run Behavior\ShowPageTraceBehavior [ RunTime:0.001000s ]
INFO: [ app_end ] --END-- [ RunTime:0.001000s ]

[ 2016-10-07T17:11:30+08:00 ] ::1 /doing/index.php/Admin/Index/welcome
INFO: [ app_init ] --START--
INFO: Run Behavior\BuildLiteBehavior [ RunTime:0.000000s ]
INFO: [ app_init ] --END-- [ RunTime:0.001000s ]
INFO: [ app_begin ] --START--
INFO: Run Behavior\ReadHtmlCacheBehavior [ RunTime:0.000000s ]
INFO: [ app_begin ] --END-- [ RunTime:0.000000s ]
SQL: SHOW COLUMNS FROM `do_auth_group_access` [ RunTime:0.0030s ]
SQL: SELECT `uid`,`group_id`,`title`,`rules` FROM do_auth_group_access a INNER JOIN do_auth_group g on a.group_id=g.id  WHERE ( a.uid='88' and g.status='1' )  [ RunTime:0.0000s ]
SQL: SHOW COLUMNS FROM `do_auth_rule` [ RunTime:0.0020s ]
SQL: SELECT `condition`,`name` FROM `do_auth_rule` WHERE `id` IN ('6','96','20','1','2','3','4','5','64','21','7','8','9','10','11','12','13','14','15','16','19','137','138','139','140','141','134','135','136','104','105','106','107','108','118','109','110','111','112','117','127','128','129','130','131','132','133') AND `type` = 1 AND `status` = 1  [ RunTime:0.0000s ]
INFO: [ view_parse ] --START--
INFO: [ template_filter ] --START--
INFO: Run Behavior\ContentReplaceBehavior [ RunTime:0.000000s ]
INFO: [ template_filter ] --END-- [ RunTime:0.000000s ]
INFO: Run Behavior\ParseTemplateBehavior [ RunTime:0.002000s ]
INFO: [ view_parse ] --END-- [ RunTime:0.002000s ]
INFO: [ view_filter ] --START--
INFO: Run Behavior\WriteHtmlCacheBehavior [ RunTime:0.000000s ]
INFO: [ view_filter ] --END-- [ RunTime:0.000000s ]
INFO: [ app_end ] --START--
INFO: Run Behavior\ShowPageTraceBehavior [ RunTime:0.000000s ]
INFO: [ app_end ] --END-- [ RunTime:0.000000s ]

[ 2016-10-07T17:11:31+08:00 ] ::1 /doing/index.php/Admin/Activity/index
INFO: [ app_init ] --START--
INFO: Run Behavior\BuildLiteBehavior [ RunTime:0.000000s ]
INFO: [ app_init ] --END-- [ RunTime:0.000000s ]
INFO: [ app_begin ] --START--
INFO: Run Behavior\ReadHtmlCacheBehavior [ RunTime:0.001000s ]
INFO: [ app_begin ] --END-- [ RunTime:0.001000s ]
SQL: SHOW COLUMNS FROM `do_auth_group_access` [ RunTime:0.0040s ]
SQL: SELECT `uid`,`group_id`,`title`,`rules` FROM do_auth_group_access a INNER JOIN do_auth_group g on a.group_id=g.id  WHERE ( a.uid='88' and g.status='1' )  [ RunTime:0.0010s ]
SQL: SHOW COLUMNS FROM `do_auth_rule` [ RunTime:0.0030s ]
SQL: SELECT `condition`,`name` FROM `do_auth_rule` WHERE `id` IN ('6','96','20','1','2','3','4','5','64','21','7','8','9','10','11','12','13','14','15','16','19','137','138','139','140','141','134','135','136','104','105','106','107','108','118','109','110','111','112','117','127','128','129','130','131','132','133') AND `type` = 1 AND `status` = 1  [ RunTime:0.0010s ]
SQL: SHOW COLUMNS FROM `do_activity` [ RunTime:0.0040s ]
SQL: SELECT COUNT(*) AS tp_count FROM `do_activity` LIMIT 1   [ RunTime:0.0010s ]
NOTIC: [2048] Only variables should be passed by reference E:\phpstudy\WWW\doing\ThinkPHP\Library\Think\Db\Driver.class.php 第 769 行.
SQL: SELECT * FROM `do_activity` ORDER BY `create_time` desc LIMIT 0,15   [ RunTime:0.0010s ]
SQL: SHOW COLUMNS FROM `do_auth_group_access` [ RunTime:0.0040s ]
SQL: SELECT `uid` FROM `do_auth_group_access` WHERE `group_id` <> 1  [ RunTime:0.0000s ]
SQL: SHOW COLUMNS FROM `do_users` [ RunTime:0.0030s ]
SQL: SELECT `id`,`nikename` FROM `do_users` WHERE `id` IN (89,90,91,92,93,94,96)  [ RunTime:0.0010s ]
INFO: [ view_parse ] --START--
INFO: [ template_filter ] --START--
INFO: Run Behavior\ContentReplaceBehavior [ RunTime:0.000000s ]
INFO: [ template_filter ] --END-- [ RunTime:0.000000s ]
NOTIC: [8] Undefined index: activity_name E:\phpstudy\WWW\doing\Runtime\Cache\Admin\a6c5fefe53e91c9ab431404d001a6160.php 第 29 行.
NOTIC: [8] Undefined index: activity_location E:\phpstudy\WWW\doing\Runtime\Cache\Admin\a6c5fefe53e91c9ab431404d001a6160.php 第 31 行.
NOTIC: [8] Undefined index: activity_leader_id E:\phpstudy\WWW\doing\Runtime\Cache\Admin\a6c5fefe53e91c9ab431404d001a6160.php 第 36 行.
NOTIC: [8] Undefined index: activity_leader_id E:\phpstudy\WWW\doing\Runtime\Cache\Admin\a6c5fefe53e91c9ab431404d001a6160.php 第 36 行.
NOTIC: [8] Undefined index: activity_leader_id E:\phpstudy\WWW\doing\Runtime\Cache\Admin\a6c5fefe53e91c9ab431404d001a6160.php 第 36 行.
NOTIC: [8] Undefined index: activity_leader_id E:\phpstudy\WWW\doing\Runtime\Cache\Admin\a6c5fefe53e91c9ab431404d001a6160.php 第 36 行.
NOTIC: [8] Undefined index: activity_leader_id E:\phpstudy\WWW\doing\Runtime\Cache\Admin\a6c5fefe53e91c9ab431404d001a6160.php 第 36 行.
NOTIC: [8] Undefined index: activity_leader_id E:\phpstudy\WWW\doing\Runtime\Cache\Admin\a6c5fefe53e91c9ab431404d001a6160.php 第 36 行.
NOTIC: [8] Undefined index: activity_leader_id E:\phpstudy\WWW\doing\Runtime\Cache\Admin\a6c5fefe53e91c9ab431404d001a6160.php 第 36 行.
NOTIC: [8] Undefined index: activity_period E:\phpstudy\WWW\doing\Runtime\Cache\Admin\a6c5fefe53e91c9ab431404d001a6160.php 第 42 行.
NOTIC: [8] Undefined index: activity_period E:\phpstudy\WWW\doing\Runtime\Cache\Admin\a6c5fefe53e91c9ab431404d001a6160.php 第 42 行.
NOTIC: [8] Undefined index: activity_period E:\phpstudy\WWW\doing\Runtime\Cache\Admin\a6c5fefe53e91c9ab431404d001a6160.php 第 42 行.
NOTIC: [8] Undefined index: activity_period E:\phpstudy\WWW\doing\Runtime\Cache\Admin\a6c5fefe53e91c9ab431404d001a6160.php 第 42 行.
NOTIC: [8] Undefined index: business_name E:\phpstudy\WWW\doing\Runtime\Cache\Admin\a6c5fefe53e91c9ab431404d001a6160.php 第 49 行.
NOTIC: [8] Undefined index: business_deals E:\phpstudy\WWW\doing\Runtime\Cache\Admin\a6c5fefe53e91c9ab431404d001a6160.php 第 51 行.
NOTIC: [8] Undefined index: activity_area E:\phpstudy\WWW\doing\Runtime\Cache\Admin\a6c5fefe53e91c9ab431404d001a6160.php 第 55 行.
NOTIC: [8] Undefined index: activity_area E:\phpstudy\WWW\doing\Runtime\Cache\Admin\a6c5fefe53e91c9ab431404d001a6160.php 第 55 行.
NOTIC: [8] Undefined index: activity_area E:\phpstudy\WWW\doing\Runtime\Cache\Admin\a6c5fefe53e91c9ab431404d001a6160.php 第 55 行.
NOTIC: [8] Undefined index: activity_area E:\phpstudy\WWW\doing\Runtime\Cache\Admin\a6c5fefe53e91c9ab431404d001a6160.php 第 55 行.
NOTIC: [8] Undefined index: activity_area E:\phpstudy\WWW\doing\Runtime\Cache\Admin\a6c5fefe53e91c9ab431404d001a6160.php 第 55 行.
NOTIC: [8] Undefined index: activity_area E:\phpstudy\WWW\doing\Runtime\Cache\Admin\a6c5fefe53e91c9ab431404d001a6160.php 第 55 行.
NOTIC: [8] Undefined index: activity_area E:\phpstudy\WWW\doing\Runtime\Cache\Admin\a6c5fefe53e91c9ab431404d001a6160.php 第 55 行.
NOTIC: [8] Undefined index: activity_duration E:\phpstudy\WWW\doing\Runtime\Cache\Admin\a6c5fefe53e91c9ab431404d001a6160.php 第 61 行.
NOTIC: [8] Undefined index: activity_duration E:\phpstudy\WWW\doing\Runtime\Cache\Admin\a6c5fefe53e91c9ab431404d001a6160.php 第 61 行.
NOTIC: [8] Undefined index: activity_duration E:\phpstudy\WWW\doing\Runtime\Cache\Admin\a6c5fefe53e91c9ab431404d001a6160.php 第 61 行.
NOTIC: [8] Undefined index: activity_mode E:\phpstudy\WWW\doing\Runtime\Cache\Admin\a6c5fefe53e91c9ab431404d001a6160.php 第 67 行.
NOTIC: [8] Undefined index: start_date E:\phpstudy\WWW\doing\Runtime\Cache\Admin\a6c5fefe53e91c9ab431404d001a6160.php 第 69 行.
NOTIC: [8] Undefined index: end_date E:\phpstudy\WWW\doing\Runtime\Cache\Admin\a6c5fefe53e91c9ab431404d001a6160.php 第 71 行.
NOTIC: [8] Undefined index: activity_name E:\phpstudy\WWW\doing\Runtime\Cache\Admin\a6c5fefe53e91c9ab431404d001a6160.php 第 87 行.
NOTIC: [8] Undefined index: activity_location E:\phpstudy\WWW\doing\Runtime\Cache\Admin\a6c5fefe53e91c9ab431404d001a6160.php 第 87 行.
NOTIC: [8] Undefined index: activity_leader_id E:\phpstudy\WWW\doing\Runtime\Cache\Admin\a6c5fefe53e91c9ab431404d001a6160.php 第 87 行.
NOTIC: [8] Undefined index: activity_period E:\phpstudy\WWW\doing\Runtime\Cache\Admin\a6c5fefe53e91c9ab431404d001a6160.php 第 87 行.
NOTIC: [8] Undefined index: business_name E:\phpstudy\WWW\doing\Runtime\Cache\Admin\a6c5fefe53e91c9ab431404d001a6160.php 第 87 行.
NOTIC: [8] Undefined index: business_deals E:\phpstudy\WWW\doing\Runtime\Cache\Admin\a6c5fefe53e91c9ab431404d001a6160.php 第 87 行.
NOTIC: [8] Undefined index: activity_area E:\phpstudy\WWW\doing\Runtime\Cache\Admin\a6c5fefe53e91c9ab431404d001a6160.php 第 87 行.
NOTIC: [8] Undefined index: activity_duration E:\phpstudy\WWW\doing\Runtime\Cache\Admin\a6c5fefe53e91c9ab431404d001a6160.php 第 87 行.
NOTIC: [8] Undefined index: activity_mode E:\phpstudy\WWW\doing\Runtime\Cache\Admin\a6c5fefe53e91c9ab431404d001a6160.php 第 87 行.
NOTIC: [8] Undefined index: start_date E:\phpstudy\WWW\doing\Runtime\Cache\Admin\a6c5fefe53e91c9ab431404d001a6160.php 第 87 行.
NOTIC: [8] Undefined index: end_date E:\phpstudy\WWW\doing\Runtime\Cache\Admin\a6c5fefe53e91c9ab431404d001a6160.php 第 87 行.
INFO: Run Behavior\ParseTemplateBehavior [ RunTime:0.016000s ]
INFO: [ view_parse ] --END-- [ RunTime:0.016000s ]
INFO: [ view_filter ] --START--
INFO: Run Behavior\WriteHtmlCacheBehavior [ RunTime:0.000000s ]
INFO: [ view_filter ] --END-- [ RunTime:0.000000s ]
INFO: [ app_end ] --START--
INFO: Run Behavior\ShowPageTraceBehavior [ RunTime:0.001000s ]
INFO: [ app_end ] --END-- [ RunTime:0.001000s ]

[ 2016-10-07T17:11:34+08:00 ] ::1 /doing/index.php/Admin/Activity/edit/id/14
INFO: [ app_init ] --START--
INFO: Run Behavior\BuildLiteBehavior [ RunTime:0.000000s ]
INFO: [ app_init ] --END-- [ RunTime:0.001000s ]
INFO: [ app_begin ] --START--
INFO: Run Behavior\ReadHtmlCacheBehavior [ RunTime:0.000000s ]
INFO: [ app_begin ] --END-- [ RunTime:0.000000s ]
SQL: SHOW COLUMNS FROM `do_auth_group_access` [ RunTime:0.0020s ]
SQL: SELECT `uid`,`group_id`,`title`,`rules` FROM do_auth_group_access a INNER JOIN do_auth_group g on a.group_id=g.id  WHERE ( a.uid='88' and g.status='1' )  [ RunTime:0.0010s ]
SQL: SHOW COLUMNS FROM `do_auth_rule` [ RunTime:0.0020s ]
SQL: SELECT `condition`,`name` FROM `do_auth_rule` WHERE `id` IN ('6','96','20','1','2','3','4','5','64','21','7','8','9','10','11','12','13','14','15','16','19','137','138','139','140','141','134','135','136','104','105','106','107','108','118','109','110','111','112','117','127','128','129','130','131','132','133') AND `type` = 1 AND `status` = 1  [ RunTime:0.0000s ]
SQL: SHOW COLUMNS FROM `do_activity` [ RunTime:0.0030s ]
SQL: SELECT * FROM `do_activity` WHERE `id` = 14 LIMIT 1   [ RunTime:0.0000s ]
INFO: [ view_parse ] --START--
INFO: [ template_filter ] --START--
INFO: Run Behavior\ContentReplaceBehavior [ RunTime:0.000000s ]
INFO: [ template_filter ] --END-- [ RunTime:0.000000s ]
INFO: Run Behavior\ParseTemplateBehavior [ RunTime:0.007000s ]
INFO: [ view_parse ] --END-- [ RunTime:0.007000s ]
INFO: [ view_filter ] --START--
INFO: Run Behavior\WriteHtmlCacheBehavior [ RunTime:0.001000s ]
INFO: [ view_filter ] --END-- [ RunTime:0.001000s ]
INFO: [ app_end ] --START--
INFO: Run Behavior\ShowPageTraceBehavior [ RunTime:0.000000s ]
INFO: [ app_end ] --END-- [ RunTime:0.000000s ]

[ 2016-10-07T17:11:35+08:00 ] ::1 /doing/index.php/Admin/Activity/edit/id/14
INFO: [ app_init ] --START--
INFO: Run Behavior\BuildLiteBehavior [ RunTime:0.000000s ]
INFO: [ app_init ] --END-- [ RunTime:0.000000s ]
INFO: [ app_begin ] --START--
INFO: Run Behavior\ReadHtmlCacheBehavior [ RunTime:0.000000s ]
INFO: [ app_begin ] --END-- [ RunTime:0.000000s ]
SQL: SHOW COLUMNS FROM `do_auth_group_access` [ RunTime:0.0020s ]
SQL: SELECT `uid`,`group_id`,`title`,`rules` FROM do_auth_group_access a INNER JOIN do_auth_group g on a.group_id=g.id  WHERE ( a.uid='88' and g.status='1' )  [ RunTime:0.0010s ]
SQL: SHOW COLUMNS FROM `do_auth_rule` [ RunTime:0.0020s ]
SQL: SELECT `condition`,`name` FROM `do_auth_rule` WHERE `id` IN ('6','96','20','1','2','3','4','5','64','21','7','8','9','10','11','12','13','14','15','16','19','137','138','139','140','141','134','135','136','104','105','106','107','108','118','109','110','111','112','117','127','128','129','130','131','132','133') AND `type` = 1 AND `status` = 1  [ RunTime:0.0010s ]
SQL: SHOW COLUMNS FROM `do_activity` [ RunTime:0.0030s ]
SQL: UPDATE `do_activity` SET `id`='14',`activity_name`='6',`activity_area`='2',`activity_date`='1472486400',`activity_period`='1',`activity_mode`='6',`activity_duration`='1',`business_deals`='0',`activity_location`='6',`business_name`='6',`business_address`='6',`business_contacts`='6',`business_tel`='6',`new_user_number`='0',`old_user_number`='0',`flyer_number`='0',`poster_number`='0',`part_number`='0',`gift_number`='0',`part_time`='0',`staff_costs`='0.00',`feedback`='',`modify_uid`='88',`modify_time`='1475831495' WHERE (  `id` = '14' ) [ RunTime:0.0380s ]
INFO: [ view_parse ] --START--
INFO: [ template_filter ] --START--
INFO: Run Behavior\ContentReplaceBehavior [ RunTime:0.000000s ]
INFO: [ template_filter ] --END-- [ RunTime:0.000000s ]
INFO: Run Behavior\ParseTemplateBehavior [ RunTime:0.003000s ]
INFO: [ view_parse ] --END-- [ RunTime:0.003000s ]
INFO: [ view_filter ] --START--
INFO: Run Behavior\WriteHtmlCacheBehavior [ RunTime:0.000000s ]
INFO: [ view_filter ] --END-- [ RunTime:0.000000s ]
INFO: [ app_end ] --START--
INFO: Run Behavior\ShowPageTraceBehavior [ RunTime:0.000000s ]
INFO: [ app_end ] --END-- [ RunTime:0.000000s ]

[ 2016-10-07T17:11:36+08:00 ] ::1 /doing/index.php/Admin/Activity/index
INFO: [ app_init ] --START--
INFO: Run Behavior\BuildLiteBehavior [ RunTime:0.000000s ]
INFO: [ app_init ] --END-- [ RunTime:0.001000s ]
INFO: [ app_begin ] --START--
INFO: Run Behavior\ReadHtmlCacheBehavior [ RunTime:0.001000s ]
INFO: [ app_begin ] --END-- [ RunTime:0.001000s ]
SQL: SHOW COLUMNS FROM `do_auth_group_access` [ RunTime:0.0030s ]
SQL: SELECT `uid`,`group_id`,`title`,`rules` FROM do_auth_group_access a INNER JOIN do_auth_group g on a.group_id=g.id  WHERE ( a.uid='88' and g.status='1' )  [ RunTime:0.0000s ]
SQL: SHOW COLUMNS FROM `do_auth_rule` [ RunTime:0.0030s ]
SQL: SELECT `condition`,`name` FROM `do_auth_rule` WHERE `id` IN ('6','96','20','1','2','3','4','5','64','21','7','8','9','10','11','12','13','14','15','16','19','137','138','139','140','141','134','135','136','104','105','106','107','108','118','109','110','111','112','117','127','128','129','130','131','132','133') AND `type` = 1 AND `status` = 1  [ RunTime:0.0000s ]
SQL: SHOW COLUMNS FROM `do_activity` [ RunTime:0.0020s ]
SQL: SELECT COUNT(*) AS tp_count FROM `do_activity` LIMIT 1   [ RunTime:0.0000s ]
NOTIC: [2048] Only variables should be passed by reference E:\phpstudy\WWW\doing\ThinkPHP\Library\Think\Db\Driver.class.php 第 769 行.
SQL: SELECT * FROM `do_activity` ORDER BY `create_time` desc LIMIT 0,15   [ RunTime:0.0010s ]
SQL: SHOW COLUMNS FROM `do_auth_group_access` [ RunTime:0.0030s ]
SQL: SELECT `uid` FROM `do_auth_group_access` WHERE `group_id` <> 1  [ RunTime:0.0000s ]
SQL: SHOW COLUMNS FROM `do_users` [ RunTime:0.0030s ]
SQL: SELECT `id`,`nikename` FROM `do_users` WHERE `id` IN (89,90,91,92,93,94,96)  [ RunTime:0.0000s ]
INFO: [ view_parse ] --START--
INFO: [ template_filter ] --START--
INFO: Run Behavior\ContentReplaceBehavior [ RunTime:0.000000s ]
INFO: [ template_filter ] --END-- [ RunTime:0.000000s ]
NOTIC: [8] Undefined index: activity_name E:\phpstudy\WWW\doing\Runtime\Cache\Admin\a6c5fefe53e91c9ab431404d001a6160.php 第 29 行.
NOTIC: [8] Undefined index: activity_location E:\phpstudy\WWW\doing\Runtime\Cache\Admin\a6c5fefe53e91c9ab431404d001a6160.php 第 31 行.
NOTIC: [8] Undefined index: activity_leader_id E:\phpstudy\WWW\doing\Runtime\Cache\Admin\a6c5fefe53e91c9ab431404d001a6160.php 第 36 行.
NOTIC: [8] Undefined index: activity_leader_id E:\phpstudy\WWW\doing\Runtime\Cache\Admin\a6c5fefe53e91c9ab431404d001a6160.php 第 36 行.
NOTIC: [8] Undefined index: activity_leader_id E:\phpstudy\WWW\doing\Runtime\Cache\Admin\a6c5fefe53e91c9ab431404d001a6160.php 第 36 行.
NOTIC: [8] Undefined index: activity_leader_id E:\phpstudy\WWW\doing\Runtime\Cache\Admin\a6c5fefe53e91c9ab431404d001a6160.php 第 36 行.
NOTIC: [8] Undefined index: activity_leader_id E:\phpstudy\WWW\doing\Runtime\Cache\Admin\a6c5fefe53e91c9ab431404d001a6160.php 第 36 行.
NOTIC: [8] Undefined index: activity_leader_id E:\phpstudy\WWW\doing\Runtime\Cache\Admin\a6c5fefe53e91c9ab431404d001a6160.php 第 36 行.
NOTIC: [8] Undefined index: activity_leader_id E:\phpstudy\WWW\doing\Runtime\Cache\Admin\a6c5fefe53e91c9ab431404d001a6160.php 第 36 行.
NOTIC: [8] Undefined index: activity_period E:\phpstudy\WWW\doing\Runtime\Cache\Admin\a6c5fefe53e91c9ab431404d001a6160.php 第 42 行.
NOTIC: [8] Undefined index: activity_period E:\phpstudy\WWW\doing\Runtime\Cache\Admin\a6c5fefe53e91c9ab431404d001a6160.php 第 42 行.
NOTIC: [8] Undefined index: activity_period E:\phpstudy\WWW\doing\Runtime\Cache\Admin\a6c5fefe53e91c9ab431404d001a6160.php 第 42 行.
NOTIC: [8] Undefined index: activity_period E:\phpstudy\WWW\doing\Runtime\Cache\Admin\a6c5fefe53e91c9ab431404d001a6160.php 第 42 行.
NOTIC: [8] Undefined index: business_name E:\phpstudy\WWW\doing\Runtime\Cache\Admin\a6c5fefe53e91c9ab431404d001a6160.php 第 49 行.
NOTIC: [8] Undefined index: business_deals E:\phpstudy\WWW\doing\Runtime\Cache\Admin\a6c5fefe53e91c9ab431404d001a6160.php 第 51 行.
NOTIC: [8] Undefined index: activity_area E:\phpstudy\WWW\doing\Runtime\Cache\Admin\a6c5fefe53e91c9ab431404d001a6160.php 第 55 行.
NOTIC: [8] Undefined index: activity_area E:\phpstudy\WWW\doing\Runtime\Cache\Admin\a6c5fefe53e91c9ab431404d001a6160.php 第 55 行.
NOTIC: [8] Undefined index: activity_area E:\phpstudy\WWW\doing\Runtime\Cache\Admin\a6c5fefe53e91c9ab431404d001a6160.php 第 55 行.
NOTIC: [8] Undefined index: activity_area E:\phpstudy\WWW\doing\Runtime\Cache\Admin\a6c5fefe53e91c9ab431404d001a6160.php 第 55 行.
NOTIC: [8] Undefined index: activity_area E:\phpstudy\WWW\doing\Runtime\Cache\Admin\a6c5fefe53e91c9ab431404d001a6160.php 第 55 行.
NOTIC: [8] Undefined index: activity_area E:\phpstudy\WWW\doing\Runtime\Cache\Admin\a6c5fefe53e91c9ab431404d001a6160.php 第 55 行.
NOTIC: [8] Undefined index: activity_area E:\phpstudy\WWW\doing\Runtime\Cache\Admin\a6c5fefe53e91c9ab431404d001a6160.php 第 55 行.
NOTIC: [8] Undefined index: activity_duration E:\phpstudy\WWW\doing\Runtime\Cache\Admin\a6c5fefe53e91c9ab431404d001a6160.php 第 61 行.
NOTIC: [8] Undefined index: activity_duration E:\phpstudy\WWW\doing\Runtime\Cache\Admin\a6c5fefe53e91c9ab431404d001a6160.php 第 61 行.
NOTIC: [8] Undefined index: activity_duration E:\phpstudy\WWW\doing\Runtime\Cache\Admin\a6c5fefe53e91c9ab431404d001a6160.php 第 61 行.
NOTIC: [8] Undefined index: activity_mode E:\phpstudy\WWW\doing\Runtime\Cache\Admin\a6c5fefe53e91c9ab431404d001a6160.php 第 67 行.
NOTIC: [8] Undefined index: start_date E:\phpstudy\WWW\doing\Runtime\Cache\Admin\a6c5fefe53e91c9ab431404d001a6160.php 第 69 行.
NOTIC: [8] Undefined index: end_date E:\phpstudy\WWW\doing\Runtime\Cache\Admin\a6c5fefe53e91c9ab431404d001a6160.php 第 71 行.
NOTIC: [8] Undefined index: activity_name E:\phpstudy\WWW\doing\Runtime\Cache\Admin\a6c5fefe53e91c9ab431404d001a6160.php 第 87 行.
NOTIC: [8] Undefined index: activity_location E:\phpstudy\WWW\doing\Runtime\Cache\Admin\a6c5fefe53e91c9ab431404d001a6160.php 第 87 行.
NOTIC: [8] Undefined index: activity_leader_id E:\phpstudy\WWW\doing\Runtime\Cache\Admin\a6c5fefe53e91c9ab431404d001a6160.php 第 87 行.
NOTIC: [8] Undefined index: activity_period E:\phpstudy\WWW\doing\Runtime\Cache\Admin\a6c5fefe53e91c9ab431404d001a6160.php 第 87 行.
NOTIC: [8] Undefined index: business_name E:\phpstudy\WWW\doing\Runtime\Cache\Admin\a6c5fefe53e91c9ab431404d001a6160.php 第 87 行.
NOTIC: [8] Undefined index: business_deals E:\phpstudy\WWW\doing\Runtime\Cache\Admin\a6c5fefe53e91c9ab431404d001a6160.php 第 87 行.
NOTIC: [8] Undefined index: activity_area E:\phpstudy\WWW\doing\Runtime\Cache\Admin\a6c5fefe53e91c9ab431404d001a6160.php 第 87 行.
NOTIC: [8] Undefined index: activity_duration E:\phpstudy\WWW\doing\Runtime\Cache\Admin\a6c5fefe53e91c9ab431404d001a6160.php 第 87 行.
NOTIC: [8] Undefined index: activity_mode E:\phpstudy\WWW\doing\Runtime\Cache\Admin\a6c5fefe53e91c9ab431404d001a6160.php 第 87 行.
NOTIC: [8] Undefined index: start_date E:\phpstudy\WWW\doing\Runtime\Cache\Admin\a6c5fefe53e91c9ab431404d001a6160.php 第 87 行.
NOTIC: [8] Undefined index: end_date E:\phpstudy\WWW\doing\Runtime\Cache\Admin\a6c5fefe53e91c9ab431404d001a6160.php 第 87 行.
INFO: Run Behavior\ParseTemplateBehavior [ RunTime:0.012000s ]
INFO: [ view_parse ] --END-- [ RunTime:0.012000s ]
INFO: [ view_filter ] --START--
INFO: Run Behavior\WriteHtmlCacheBehavior [ RunTime:0.000000s ]
INFO: [ view_filter ] --END-- [ RunTime:0.000000s ]
INFO: [ app_end ] --START--
INFO: Run Behavior\ShowPageTraceBehavior [ RunTime:0.000000s ]
INFO: [ app_end ] --END-- [ RunTime:0.000000s ]

[ 2016-10-07T17:11:55+08:00 ] ::1 /doing/index.php/Admin/Index/index
INFO: [ app_init ] --START--
INFO: Run Behavior\BuildLiteBehavior [ RunTime:0.000000s ]
INFO: [ app_init ] --END-- [ RunTime:0.000000s ]
INFO: [ app_begin ] --START--
INFO: Run Behavior\ReadHtmlCacheBehavior [ RunTime:0.000000s ]
INFO: [ app_begin ] --END-- [ RunTime:0.001000s ]
INFO: [ view_parse ] --START--
INFO: [ template_filter ] --START--
INFO: Run Behavior\ContentReplaceBehavior [ RunTime:0.000000s ]
INFO: [ template_filter ] --END-- [ RunTime:0.000000s ]
INFO: Run Behavior\ParseTemplateBehavior [ RunTime:0.007000s ]
INFO: [ view_parse ] --END-- [ RunTime:0.007000s ]
INFO: [ view_filter ] --START--
INFO: Run Behavior\WriteHtmlCacheBehavior [ RunTime:0.000000s ]
INFO: [ view_filter ] --END-- [ RunTime:0.000000s ]

[ 2016-10-07T17:11:55+08:00 ] ::1 /doing/index.php/Admin/Index/index
INFO: [ app_init ] --START--
INFO: Run Behavior\BuildLiteBehavior [ RunTime:0.000000s ]
INFO: [ app_init ] --END-- [ RunTime:0.000000s ]
INFO: [ app_begin ] --START--
INFO: Run Behavior\ReadHtmlCacheBehavior [ RunTime:0.000000s ]
INFO: [ app_begin ] --END-- [ RunTime:0.000000s ]
INFO: [ view_parse ] --START--
INFO: [ template_filter ] --START--
INFO: Run Behavior\ContentReplaceBehavior [ RunTime:0.000000s ]
INFO: [ template_filter ] --END-- [ RunTime:0.000000s ]
INFO: Run Behavior\ParseTemplateBehavior [ RunTime:0.005000s ]
INFO: [ view_parse ] --END-- [ RunTime:0.005000s ]
INFO: [ view_filter ] --START--
INFO: Run Behavior\WriteHtmlCacheBehavior [ RunTime:0.000000s ]
INFO: [ view_filter ] --END-- [ RunTime:0.000000s ]

[ 2016-10-07T17:11:58+08:00 ] ::1 /doing/index.php/Admin/Index/index.php
INFO: [ app_init ] --START--
INFO: Run Behavior\BuildLiteBehavior [ RunTime:0.000000s ]
INFO: [ app_init ] --END-- [ RunTime:0.001000s ]
INFO: [ app_begin ] --START--
INFO: Run Behavior\ReadHtmlCacheBehavior [ RunTime:0.000000s ]
INFO: [ app_begin ] --END-- [ RunTime:0.000000s ]
INFO: [ view_parse ] --START--
INFO: [ template_filter ] --START--
INFO: Run Behavior\ContentReplaceBehavior [ RunTime:0.000000s ]
INFO: [ template_filter ] --END-- [ RunTime:0.000000s ]
INFO: Run Behavior\ParseTemplateBehavior [ RunTime:0.007000s ]
INFO: [ view_parse ] --END-- [ RunTime:0.007000s ]
INFO: [ view_filter ] --START--
INFO: Run Behavior\WriteHtmlCacheBehavior [ RunTime:0.000000s ]
INFO: [ view_filter ] --END-- [ RunTime:0.000000s ]

[ 2016-10-07T17:12:02+08:00 ] ::1 /doing/index.php/Admin/Index/index.php
INFO: [ app_init ] --START--
INFO: Run Behavior\BuildLiteBehavior [ RunTime:0.000000s ]
INFO: [ app_init ] --END-- [ RunTime:0.000000s ]
INFO: [ app_begin ] --START--
INFO: Run Behavior\ReadHtmlCacheBehavior [ RunTime:0.001000s ]
INFO: [ app_begin ] --END-- [ RunTime:0.001000s ]
INFO: [ view_parse ] --START--
INFO: [ template_filter ] --START--
INFO: Run Behavior\ContentReplaceBehavior [ RunTime:0.000000s ]
INFO: [ template_filter ] --END-- [ RunTime:0.000000s ]
INFO: Run Behavior\ParseTemplateBehavior [ RunTime:0.006000s ]
INFO: [ view_parse ] --END-- [ RunTime:0.007000s ]
INFO: [ view_filter ] --START--
INFO: Run Behavior\WriteHtmlCacheBehavior [ RunTime:0.000000s ]
INFO: [ view_filter ] --END-- [ RunTime:0.000000s ]

[ 2016-10-07T17:12:05+08:00 ] ::1 /doing/index.php/Admin/Index/index.php
INFO: [ app_init ] --START--
INFO: Run Behavior\BuildLiteBehavior [ RunTime:0.000000s ]
INFO: [ app_init ] --END-- [ RunTime:0.000000s ]
INFO: [ app_begin ] --START--
INFO: Run Behavior\ReadHtmlCacheBehavior [ RunTime:0.000000s ]
INFO: [ app_begin ] --END-- [ RunTime:0.000000s ]
INFO: [ view_parse ] --START--
INFO: [ template_filter ] --START--
INFO: Run Behavior\ContentReplaceBehavior [ RunTime:0.000000s ]
INFO: [ template_filter ] --END-- [ RunTime:0.000000s ]
INFO: Run Behavior\ParseTemplateBehavior [ RunTime:0.007000s ]
INFO: [ view_parse ] --END-- [ RunTime:0.007000s ]
INFO: [ view_filter ] --START--
INFO: Run Behavior\WriteHtmlCacheBehavior [ RunTime:0.000000s ]
INFO: [ view_filter ] --END-- [ RunTime:0.000000s ]

[ 2016-10-07T17:12:06+08:00 ] ::1 /doing/index.php/Admin/Index/index.php
INFO: [ app_init ] --START--
INFO: Run Behavior\BuildLiteBehavior [ RunTime:0.000000s ]
INFO: [ app_init ] --END-- [ RunTime:0.000000s ]
INFO: [ app_begin ] --START--
INFO: Run Behavior\ReadHtmlCacheBehavior [ RunTime:0.001000s ]
INFO: [ app_begin ] --END-- [ RunTime:0.001000s ]
INFO: [ view_parse ] --START--
INFO: [ template_filter ] --START--
INFO: Run Behavior\ContentReplaceBehavior [ RunTime:0.000000s ]
INFO: [ template_filter ] --END-- [ RunTime:0.000000s ]
INFO: Run Behavior\ParseTemplateBehavior [ RunTime:0.006000s ]
INFO: [ view_parse ] --END-- [ RunTime:0.006000s ]
INFO: [ view_filter ] --START--
INFO: Run Behavior\WriteHtmlCacheBehavior [ RunTime:0.001000s ]
INFO: [ view_filter ] --END-- [ RunTime:0.001000s ]

[ 2016-10-07T17:12:11+08:00 ] ::1 /doing/index.php/Admin/Index/index.php
INFO: [ app_init ] --START--
INFO: Run Behavior\BuildLiteBehavior [ RunTime:0.000000s ]
INFO: [ app_init ] --END-- [ RunTime:0.000000s ]
INFO: [ app_begin ] --START--
INFO: Run Behavior\ReadHtmlCacheBehavior [ RunTime:0.001000s ]
INFO: [ app_begin ] --END-- [ RunTime:0.001000s ]
INFO: [ view_parse ] --START--
INFO: [ template_filter ] --START--
INFO: Run Behavior\ContentReplaceBehavior [ RunTime:0.000000s ]
INFO: [ template_filter ] --END-- [ RunTime:0.000000s ]
INFO: Run Behavior\ParseTemplateBehavior [ RunTime:0.006000s ]
INFO: [ view_parse ] --END-- [ RunTime:0.006000s ]
INFO: [ view_filter ] --START--
INFO: Run Behavior\WriteHtmlCacheBehavior [ RunTime:0.000000s ]
INFO: [ view_filter ] --END-- [ RunTime:0.000000s ]

[ 2016-10-07T17:12:14+08:00 ] ::1 /doing/index.php/Admin/Index/index.php
INFO: [ app_init ] --START--
INFO: Run Behavior\BuildLiteBehavior [ RunTime:0.000000s ]
INFO: [ app_init ] --END-- [ RunTime:0.000000s ]
INFO: [ app_begin ] --START--
INFO: Run Behavior\ReadHtmlCacheBehavior [ RunTime:0.000000s ]
INFO: [ app_begin ] --END-- [ RunTime:0.000000s ]
INFO: [ view_parse ] --START--
INFO: [ template_filter ] --START--
INFO: Run Behavior\ContentReplaceBehavior [ RunTime:0.000000s ]
INFO: [ template_filter ] --END-- [ RunTime:0.001000s ]
INFO: Run Behavior\ParseTemplateBehavior [ RunTime:0.004000s ]
INFO: [ view_parse ] --END-- [ RunTime:0.004000s ]
INFO: [ view_filter ] --START--
INFO: Run Behavior\WriteHtmlCacheBehavior [ RunTime:0.000000s ]
INFO: [ view_filter ] --END-- [ RunTime:0.000000s ]

[ 2016-10-07T17:12:17+08:00 ] ::1 /doing/index.php/Admin/Index/index.php
INFO: [ app_init ] --START--
INFO: Run Behavior\BuildLiteBehavior [ RunTime:0.000000s ]
INFO: [ app_init ] --END-- [ RunTime:0.001000s ]
INFO: [ app_begin ] --START--
INFO: Run Behavior\ReadHtmlCacheBehavior [ RunTime:0.000000s ]
INFO: [ app_begin ] --END-- [ RunTime:0.000000s ]
SQL: SHOW COLUMNS FROM `do_auth_group_access` [ RunTime:0.0030s ]
SQL: SELECT `uid`,`group_id`,`title`,`rules` FROM do_auth_group_access a INNER JOIN do_auth_group g on a.group_id=g.id  WHERE ( a.uid='88' and g.status='1' )  [ RunTime:0.0000s ]
SQL: SHOW COLUMNS FROM `do_auth_rule` [ RunTime:0.0020s ]
SQL: SELECT `condition`,`name` FROM `do_auth_rule` WHERE `id` IN ('6','96','20','1','2','3','4','5','64','21','7','8','9','10','11','12','13','14','15','16','19','137','138','139','140','141','134','135','136','104','105','106','107','108','118','109','110','111','112','117','127','128','129','130','131','132','133') AND `type` = 1 AND `status` = 1  [ RunTime:0.0000s ]
NOTIC: [2048] Declaration of Common\Model\AdminNavModel::getTreeData() should be compatible with Common\Model\BaseModel::getTreeData($type = 'tree', $order = '', $name = 'name', $child = 'id', $parent = 'pid') E:\phpstudy\WWW\doing\Application\Common\Model\AdminNavModel.class.php 第 7 行.
SQL: SHOW COLUMNS FROM `do_admin_nav` [ RunTime:0.0030s ]
SQL: SELECT * FROM `do_admin_nav` ORDER BY order_number is null,`order_number`,`id`  [ RunTime:0.0000s ]
INFO: [ view_parse ] --START--
INFO: [ template_filter ] --START--
INFO: Run Behavior\ContentReplaceBehavior [ RunTime:0.000000s ]
INFO: [ template_filter ] --END-- [ RunTime:0.000000s ]
INFO: Run Behavior\ParseTemplateBehavior [ RunTime:0.006000s ]
INFO: [ view_parse ] --END-- [ RunTime:0.006000s ]
INFO: [ view_filter ] --START--
INFO: Run Behavior\WriteHtmlCacheBehavior [ RunTime:0.000000s ]
INFO: [ view_filter ] --END-- [ RunTime:0.000000s ]
INFO: [ app_end ] --START--
INFO: Run Behavior\ShowPageTraceBehavior [ RunTime:0.000000s ]
INFO: [ app_end ] --END-- [ RunTime:0.001000s ]

[ 2016-10-07T17:12:17+08:00 ] ::1 /doing/index.php/Admin/Index/welcome
INFO: [ app_init ] --START--
INFO: Run Behavior\BuildLiteBehavior [ RunTime:0.000000s ]
INFO: [ app_init ] --END-- [ RunTime:0.001000s ]
INFO: [ app_begin ] --START--
INFO: Run Behavior\ReadHtmlCacheBehavior [ RunTime:0.000000s ]
INFO: [ app_begin ] --END-- [ RunTime:0.000000s ]
SQL: SHOW COLUMNS FROM `do_auth_group_access` [ RunTime:0.0020s ]
SQL: SELECT `uid`,`group_id`,`title`,`rules` FROM do_auth_group_access a INNER JOIN do_auth_group g on a.group_id=g.id  WHERE ( a.uid='88' and g.status='1' )  [ RunTime:0.0000s ]
SQL: SHOW COLUMNS FROM `do_auth_rule` [ RunTime:0.0020s ]
SQL: SELECT `condition`,`name` FROM `do_auth_rule` WHERE `id` IN ('6','96','20','1','2','3','4','5','64','21','7','8','9','10','11','12','13','14','15','16','19','137','138','139','140','141','134','135','136','104','105','106','107','108','118','109','110','111','112','117','127','128','129','130','131','132','133') AND `type` = 1 AND `status` = 1  [ RunTime:0.0010s ]
INFO: [ view_parse ] --START--
INFO: [ template_filter ] --START--
INFO: Run Behavior\ContentReplaceBehavior [ RunTime:0.000000s ]
INFO: [ template_filter ] --END-- [ RunTime:0.000000s ]
INFO: Run Behavior\ParseTemplateBehavior [ RunTime:0.002000s ]
INFO: [ view_parse ] --END-- [ RunTime:0.002000s ]
INFO: [ view_filter ] --START--
INFO: Run Behavior\WriteHtmlCacheBehavior [ RunTime:0.000000s ]
INFO: [ view_filter ] --END-- [ RunTime:0.000000s ]
INFO: [ app_end ] --START--
INFO: Run Behavior\ShowPageTraceBehavior [ RunTime:0.001000s ]
INFO: [ app_end ] --END-- [ RunTime:0.001000s ]

[ 2016-10-07T17:13:52+08:00 ] ::1 /doing/index.php/Admin/Index/index.php
INFO: [ app_init ] --START--
INFO: Run Behavior\BuildLiteBehavior [ RunTime:0.000000s ]
INFO: [ app_init ] --END-- [ RunTime:0.001000s ]
INFO: [ app_begin ] --START--
INFO: Run Behavior\ReadHtmlCacheBehavior [ RunTime:0.001000s ]
INFO: [ app_begin ] --END-- [ RunTime:0.001000s ]
SQL: SHOW COLUMNS FROM `do_auth_group_access` [ RunTime:0.0020s ]
SQL: SELECT `uid`,`group_id`,`title`,`rules` FROM do_auth_group_access a INNER JOIN do_auth_group g on a.group_id=g.id  WHERE ( a.uid='88' and g.status='1' )  [ RunTime:0.0000s ]
SQL: SHOW COLUMNS FROM `do_auth_rule` [ RunTime:0.0020s ]
SQL: SELECT `condition`,`name` FROM `do_auth_rule` WHERE `id` IN ('6','96','20','1','2','3','4','5','64','21','7','8','9','10','11','12','13','14','15','16','19','137','138','139','140','141','134','135','136','104','105','106','107','108','118','109','110','111','112','117','127','128','129','130','131','132','133') AND `type` = 1 AND `status` = 1  [ RunTime:0.0000s ]
NOTIC: [2048] Declaration of Common\Model\AdminNavModel::getTreeData() should be compatible with Common\Model\BaseModel::getTreeData($type = 'tree', $order = '', $name = 'name', $child = 'id', $parent = 'pid') E:\phpstudy\WWW\doing\Application\Common\Model\AdminNavModel.class.php 第 7 行.
SQL: SHOW COLUMNS FROM `do_admin_nav` [ RunTime:0.0020s ]
SQL: SELECT * FROM `do_admin_nav` ORDER BY order_number is null,`order_number`,`id`  [ RunTime:0.0000s ]
INFO: [ view_parse ] --START--
INFO: [ template_filter ] --START--
INFO: Run Behavior\ContentReplaceBehavior [ RunTime:0.000000s ]
INFO: [ template_filter ] --END-- [ RunTime:0.000000s ]
INFO: Run Behavior\ParseTemplateBehavior [ RunTime:0.007000s ]
INFO: [ view_parse ] --END-- [ RunTime:0.007000s ]
INFO: [ view_filter ] --START--
INFO: Run Behavior\WriteHtmlCacheBehavior [ RunTime:0.000000s ]
INFO: [ view_filter ] --END-- [ RunTime:0.000000s ]
INFO: [ app_end ] --START--
INFO: Run Behavior\ShowPageTraceBehavior [ RunTime:0.001000s ]
INFO: [ app_end ] --END-- [ RunTime:0.001000s ]

[ 2016-10-07T17:13:53+08:00 ] ::1 /doing/index.php/Admin/Index/welcome
INFO: [ app_init ] --START--
INFO: Run Behavior\BuildLiteBehavior [ RunTime:0.000000s ]
INFO: [ app_init ] --END-- [ RunTime:0.000000s ]
INFO: [ app_begin ] --START--
INFO: Run Behavior\ReadHtmlCacheBehavior [ RunTime:0.000000s ]
INFO: [ app_begin ] --END-- [ RunTime:0.000000s ]
SQL: SHOW COLUMNS FROM `do_auth_group_access` [ RunTime:0.0020s ]
SQL: SELECT `uid`,`group_id`,`title`,`rules` FROM do_auth_group_access a INNER JOIN do_auth_group g on a.group_id=g.id  WHERE ( a.uid='88' and g.status='1' )  [ RunTime:0.0000s ]
SQL: SHOW COLUMNS FROM `do_auth_rule` [ RunTime:0.0030s ]
SQL: SELECT `condition`,`name` FROM `do_auth_rule` WHERE `id` IN ('6','96','20','1','2','3','4','5','64','21','7','8','9','10','11','12','13','14','15','16','19','137','138','139','140','141','134','135','136','104','105','106','107','108','118','109','110','111','112','117','127','128','129','130','131','132','133') AND `type` = 1 AND `status` = 1  [ RunTime:0.0000s ]
INFO: [ view_parse ] --START--
INFO: [ template_filter ] --START--
INFO: Run Behavior\ContentReplaceBehavior [ RunTime:0.000000s ]
INFO: [ template_filter ] --END-- [ RunTime:0.000000s ]
INFO: Run Behavior\ParseTemplateBehavior [ RunTime:0.002000s ]
INFO: [ view_parse ] --END-- [ RunTime:0.002000s ]
INFO: [ view_filter ] --START--
INFO: Run Behavior\WriteHtmlCacheBehavior [ RunTime:0.000000s ]
INFO: [ view_filter ] --END-- [ RunTime:0.000000s ]
INFO: [ app_end ] --START--
INFO: Run Behavior\ShowPageTraceBehavior [ RunTime:0.000000s ]
INFO: [ app_end ] --END-- [ RunTime:0.000000s ]

[ 2016-10-07T17:13:58+08:00 ] ::1 /doing/index.php/Admin/Index/index
INFO: [ app_init ] --START--
INFO: Run Behavior\BuildLiteBehavior [ RunTime:0.000000s ]
INFO: [ app_init ] --END-- [ RunTime:0.001000s ]
INFO: [ app_begin ] --START--
INFO: Run Behavior\ReadHtmlCacheBehavior [ RunTime:0.000000s ]
INFO: [ app_begin ] --END-- [ RunTime:0.000000s ]
SQL: SHOW COLUMNS FROM `do_auth_group_access` [ RunTime:0.0020s ]
SQL: SELECT `uid`,`group_id`,`title`,`rules` FROM do_auth_group_access a INNER JOIN do_auth_group g on a.group_id=g.id  WHERE ( a.uid='88' and g.status='1' )  [ RunTime:0.0000s ]
SQL: SHOW COLUMNS FROM `do_auth_rule` [ RunTime:0.0030s ]
SQL: SELECT `condition`,`name` FROM `do_auth_rule` WHERE `id` IN ('6','96','20','1','2','3','4','5','64','21','7','8','9','10','11','12','13','14','15','16','19','137','138','139','140','141','134','135','136','104','105','106','107','108','118','109','110','111','112','117','127','128','129','130','131','132','133') AND `type` = 1 AND `status` = 1  [ RunTime:0.0000s ]
NOTIC: [2048] Declaration of Common\Model\AdminNavModel::getTreeData() should be compatible with Common\Model\BaseModel::getTreeData($type = 'tree', $order = '', $name = 'name', $child = 'id', $parent = 'pid') E:\phpstudy\WWW\doing\Application\Common\Model\AdminNavModel.class.php 第 7 行.
SQL: SHOW COLUMNS FROM `do_admin_nav` [ RunTime:0.0020s ]
SQL: SELECT * FROM `do_admin_nav` ORDER BY order_number is null,`order_number`,`id`  [ RunTime:0.0000s ]
INFO: [ view_parse ] --START--
INFO: [ template_filter ] --START--
INFO: Run Behavior\ContentReplaceBehavior [ RunTime:0.001000s ]
INFO: [ template_filter ] --END-- [ RunTime:0.001000s ]
INFO: Run Behavior\ParseTemplateBehavior [ RunTime:0.006000s ]
INFO: [ view_parse ] --END-- [ RunTime:0.006000s ]
INFO: [ view_filter ] --START--
INFO: Run Behavior\WriteHtmlCacheBehavior [ RunTime:0.001000s ]
INFO: [ view_filter ] --END-- [ RunTime:0.001000s ]
INFO: [ app_end ] --START--
INFO: Run Behavior\ShowPageTraceBehavior [ RunTime:0.000000s ]
INFO: [ app_end ] --END-- [ RunTime:0.000000s ]

[ 2016-10-07T17:13:58+08:00 ] ::1 /doing/index.php/Admin/Index/welcome
INFO: [ app_init ] --START--
INFO: Run Behavior\BuildLiteBehavior [ RunTime:0.000000s ]
INFO: [ app_init ] --END-- [ RunTime:0.000000s ]
INFO: [ app_begin ] --START--
INFO: Run Behavior\ReadHtmlCacheBehavior [ RunTime:0.000000s ]
INFO: [ app_begin ] --END-- [ RunTime:0.000000s ]
SQL: SHOW COLUMNS FROM `do_auth_group_access` [ RunTime:0.0020s ]
SQL: SELECT `uid`,`group_id`,`title`,`rules` FROM do_auth_group_access a INNER JOIN do_auth_group g on a.group_id=g.id  WHERE ( a.uid='88' and g.status='1' )  [ RunTime:0.0010s ]
SQL: SHOW COLUMNS FROM `do_auth_rule` [ RunTime:0.0020s ]
SQL: SELECT `condition`,`name` FROM `do_auth_rule` WHERE `id` IN ('6','96','20','1','2','3','4','5','64','21','7','8','9','10','11','12','13','14','15','16','19','137','138','139','140','141','134','135','136','104','105','106','107','108','118','109','110','111','112','117','127','128','129','130','131','132','133') AND `type` = 1 AND `status` = 1  [ RunTime:0.0010s ]
INFO: [ view_parse ] --START--
INFO: [ template_filter ] --START--
INFO: Run Behavior\ContentReplaceBehavior [ RunTime:0.000000s ]
INFO: [ template_filter ] --END-- [ RunTime:0.000000s ]
INFO: Run Behavior\ParseTemplateBehavior [ RunTime:0.002000s ]
INFO: [ view_parse ] --END-- [ RunTime:0.002000s ]
INFO: [ view_filter ] --START--
INFO: Run Behavior\WriteHtmlCacheBehavior [ RunTime:0.000000s ]
INFO: [ view_filter ] --END-- [ RunTime:0.000000s ]
INFO: [ app_end ] --START--
INFO: Run Behavior\ShowPageTraceBehavior [ RunTime:0.001000s ]
INFO: [ app_end ] --END-- [ RunTime:0.001000s ]

[ 2016-10-07T17:14:04+08:00 ] ::1 /doing/index.php/Admin/Activity/index
INFO: [ app_init ] --START--
INFO: Run Behavior\BuildLiteBehavior [ RunTime:0.000000s ]
INFO: [ app_init ] --END-- [ RunTime:0.000000s ]
INFO: [ app_begin ] --START--
INFO: Run Behavior\ReadHtmlCacheBehavior [ RunTime:0.000000s ]
INFO: [ app_begin ] --END-- [ RunTime:0.000000s ]
SQL: SHOW COLUMNS FROM `do_auth_group_access` [ RunTime:0.0020s ]
SQL: SELECT `uid`,`group_id`,`title`,`rules` FROM do_auth_group_access a INNER JOIN do_auth_group g on a.group_id=g.id  WHERE ( a.uid='88' and g.status='1' )  [ RunTime:0.0000s ]
SQL: SHOW COLUMNS FROM `do_auth_rule` [ RunTime:0.0030s ]
SQL: SELECT `condition`,`name` FROM `do_auth_rule` WHERE `id` IN ('6','96','20','1','2','3','4','5','64','21','7','8','9','10','11','12','13','14','15','16','19','137','138','139','140','141','134','135','136','104','105','106','107','108','118','109','110','111','112','117','127','128','129','130','131','132','133') AND `type` = 1 AND `status` = 1  [ RunTime:0.0010s ]
SQL: SHOW COLUMNS FROM `do_activity` [ RunTime:0.0030s ]
SQL: SELECT COUNT(*) AS tp_count FROM `do_activity` LIMIT 1   [ RunTime:0.0000s ]
NOTIC: [2048] Only variables should be passed by reference E:\phpstudy\WWW\doing\ThinkPHP\Library\Think\Db\Driver.class.php 第 769 行.
SQL: SELECT * FROM `do_activity` ORDER BY `create_time` desc LIMIT 0,15   [ RunTime:0.0000s ]
SQL: SHOW COLUMNS FROM `do_auth_group_access` [ RunTime:0.0020s ]
SQL: SELECT `uid` FROM `do_auth_group_access` WHERE `group_id` <> 1  [ RunTime:0.0000s ]
SQL: SHOW COLUMNS FROM `do_users` [ RunTime:0.0020s ]
SQL: SELECT `id`,`nikename` FROM `do_users` WHERE `id` IN (89,90,91,92,93,94,96)  [ RunTime:0.0000s ]
INFO: [ view_parse ] --START--
INFO: [ template_filter ] --START--
INFO: Run Behavior\ContentReplaceBehavior [ RunTime:0.000000s ]
INFO: [ template_filter ] --END-- [ RunTime:0.000000s ]
NOTIC: [8] Undefined index: activity_name E:\phpstudy\WWW\doing\Runtime\Cache\Admin\a6c5fefe53e91c9ab431404d001a6160.php 第 29 行.
NOTIC: [8] Undefined index: activity_location E:\phpstudy\WWW\doing\Runtime\Cache\Admin\a6c5fefe53e91c9ab431404d001a6160.php 第 31 行.
NOTIC: [8] Undefined index: activity_leader_id E:\phpstudy\WWW\doing\Runtime\Cache\Admin\a6c5fefe53e91c9ab431404d001a6160.php 第 36 行.
NOTIC: [8] Undefined index: activity_leader_id E:\phpstudy\WWW\doing\Runtime\Cache\Admin\a6c5fefe53e91c9ab431404d001a6160.php 第 36 行.
NOTIC: [8] Undefined index: activity_leader_id E:\phpstudy\WWW\doing\Runtime\Cache\Admin\a6c5fefe53e91c9ab431404d001a6160.php 第 36 行.
NOTIC: [8] Undefined index: activity_leader_id E:\phpstudy\WWW\doing\Runtime\Cache\Admin\a6c5fefe53e91c9ab431404d001a6160.php 第 36 行.
NOTIC: [8] Undefined index: activity_leader_id E:\phpstudy\WWW\doing\Runtime\Cache\Admin\a6c5fefe53e91c9ab431404d001a6160.php 第 36 行.
NOTIC: [8] Undefined index: activity_leader_id E:\phpstudy\WWW\doing\Runtime\Cache\Admin\a6c5fefe53e91c9ab431404d001a6160.php 第 36 行.
NOTIC: [8] Undefined index: activity_leader_id E:\phpstudy\WWW\doing\Runtime\Cache\Admin\a6c5fefe53e91c9ab431404d001a6160.php 第 36 行.
NOTIC: [8] Undefined index: activity_period E:\phpstudy\WWW\doing\Runtime\Cache\Admin\a6c5fefe53e91c9ab431404d001a6160.php 第 42 行.
NOTIC: [8] Undefined index: activity_period E:\phpstudy\WWW\doing\Runtime\Cache\Admin\a6c5fefe53e91c9ab431404d001a6160.php 第 42 行.
NOTIC: [8] Undefined index: activity_period E:\phpstudy\WWW\doing\Runtime\Cache\Admin\a6c5fefe53e91c9ab431404d001a6160.php 第 42 行.
NOTIC: [8] Undefined index: activity_period E:\phpstudy\WWW\doing\Runtime\Cache\Admin\a6c5fefe53e91c9ab431404d001a6160.php 第 42 行.
NOTIC: [8] Undefined index: business_name E:\phpstudy\WWW\doing\Runtime\Cache\Admin\a6c5fefe53e91c9ab431404d001a6160.php 第 49 行.
NOTIC: [8] Undefined index: business_deals E:\phpstudy\WWW\doing\Runtime\Cache\Admin\a6c5fefe53e91c9ab431404d001a6160.php 第 51 行.
NOTIC: [8] Undefined index: activity_area E:\phpstudy\WWW\doing\Runtime\Cache\Admin\a6c5fefe53e91c9ab431404d001a6160.php 第 55 行.
NOTIC: [8] Undefined index: activity_area E:\phpstudy\WWW\doing\Runtime\Cache\Admin\a6c5fefe53e91c9ab431404d001a6160.php 第 55 行.
NOTIC: [8] Undefined index: activity_area E:\phpstudy\WWW\doing\Runtime\Cache\Admin\a6c5fefe53e91c9ab431404d001a6160.php 第 55 行.
NOTIC: [8] Undefined index: activity_area E:\phpstudy\WWW\doing\Runtime\Cache\Admin\a6c5fefe53e91c9ab431404d001a6160.php 第 55 行.
NOTIC: [8] Undefined index: activity_area E:\phpstudy\WWW\doing\Runtime\Cache\Admin\a6c5fefe53e91c9ab431404d001a6160.php 第 55 行.
NOTIC: [8] Undefined index: activity_area E:\phpstudy\WWW\doing\Runtime\Cache\Admin\a6c5fefe53e91c9ab431404d001a6160.php 第 55 行.
NOTIC: [8] Undefined index: activity_area E:\phpstudy\WWW\doing\Runtime\Cache\Admin\a6c5fefe53e91c9ab431404d001a6160.php 第 55 行.
NOTIC: [8] Undefined index: activity_duration E:\phpstudy\WWW\doing\Runtime\Cache\Admin\a6c5fefe53e91c9ab431404d001a6160.php 第 61 行.
NOTIC: [8] Undefined index: activity_duration E:\phpstudy\WWW\doing\Runtime\Cache\Admin\a6c5fefe53e91c9ab431404d001a6160.php 第 61 行.
NOTIC: [8] Undefined index: activity_duration E:\phpstudy\WWW\doing\Runtime\Cache\Admin\a6c5fefe53e91c9ab431404d001a6160.php 第 61 行.
NOTIC: [8] Undefined index: activity_mode E:\phpstudy\WWW\doing\Runtime\Cache\Admin\a6c5fefe53e91c9ab431404d001a6160.php 第 67 行.
NOTIC: [8] Undefined index: start_date E:\phpstudy\WWW\doing\Runtime\Cache\Admin\a6c5fefe53e91c9ab431404d001a6160.php 第 69 行.
NOTIC: [8] Undefined index: end_date E:\phpstudy\WWW\doing\Runtime\Cache\Admin\a6c5fefe53e91c9ab431404d001a6160.php 第 71 行.
NOTIC: [8] Undefined index: activity_name E:\phpstudy\WWW\doing\Runtime\Cache\Admin\a6c5fefe53e91c9ab431404d001a6160.php 第 87 行.
NOTIC: [8] Undefined index: activity_location E:\phpstudy\WWW\doing\Runtime\Cache\Admin\a6c5fefe53e91c9ab431404d001a6160.php 第 87 行.
NOTIC: [8] Undefined index: activity_leader_id E:\phpstudy\WWW\doing\Runtime\Cache\Admin\a6c5fefe53e91c9ab431404d001a6160.php 第 87 行.
NOTIC: [8] Undefined index: activity_period E:\phpstudy\WWW\doing\Runtime\Cache\Admin\a6c5fefe53e91c9ab431404d001a6160.php 第 87 行.
NOTIC: [8] Undefined index: business_name E:\phpstudy\WWW\doing\Runtime\Cache\Admin\a6c5fefe53e91c9ab431404d001a6160.php 第 87 行.
NOTIC: [8] Undefined index: business_deals E:\phpstudy\WWW\doing\Runtime\Cache\Admin\a6c5fefe53e91c9ab431404d001a6160.php 第 87 行.
NOTIC: [8] Undefined index: activity_area E:\phpstudy\WWW\doing\Runtime\Cache\Admin\a6c5fefe53e91c9ab431404d001a6160.php 第 87 行.
NOTIC: [8] Undefined index: activity_duration E:\phpstudy\WWW\doing\Runtime\Cache\Admin\a6c5fefe53e91c9ab431404d001a6160.php 第 87 行.
NOTIC: [8] Undefined index: activity_mode E:\phpstudy\WWW\doing\Runtime\Cache\Admin\a6c5fefe53e91c9ab431404d001a6160.php 第 87 行.
NOTIC: [8] Undefined index: start_date E:\phpstudy\WWW\doing\Runtime\Cache\Admin\a6c5fefe53e91c9ab431404d001a6160.php 第 87 行.
NOTIC: [8] Undefined index: end_date E:\phpstudy\WWW\doing\Runtime\Cache\Admin\a6c5fefe53e91c9ab431404d001a6160.php 第 87 行.
INFO: Run Behavior\ParseTemplateBehavior [ RunTime:0.009000s ]
INFO: [ view_parse ] --END-- [ RunTime:0.009000s ]
INFO: [ view_filter ] --START--
INFO: Run Behavior\WriteHtmlCacheBehavior [ RunTime:0.000000s ]
INFO: [ view_filter ] --END-- [ RunTime:0.000000s ]
INFO: [ app_end ] --START--
INFO: Run Behavior\ShowPageTraceBehavior [ RunTime:0.000000s ]
INFO: [ app_end ] --END-- [ RunTime:0.000000s ]

[ 2016-10-07T17:14:05+08:00 ] ::1 /doing/index.php/Admin/Activity/edit/id/28
INFO: [ app_init ] --START--
INFO: Run Behavior\BuildLiteBehavior [ RunTime:0.000000s ]
INFO: [ app_init ] --END-- [ RunTime:0.001000s ]
INFO: [ app_begin ] --START--
INFO: Run Behavior\ReadHtmlCacheBehavior [ RunTime:0.001000s ]
INFO: [ app_begin ] --END-- [ RunTime:0.001000s ]
SQL: SHOW COLUMNS FROM `do_auth_group_access` [ RunTime:0.0020s ]
SQL: SELECT `uid`,`group_id`,`title`,`rules` FROM do_auth_group_access a INNER JOIN do_auth_group g on a.group_id=g.id  WHERE ( a.uid='88' and g.status='1' )  [ RunTime:0.0010s ]
SQL: SHOW COLUMNS FROM `do_auth_rule` [ RunTime:0.0030s ]
SQL: SELECT `condition`,`name` FROM `do_auth_rule` WHERE `id` IN ('6','96','20','1','2','3','4','5','64','21','7','8','9','10','11','12','13','14','15','16','19','137','138','139','140','141','134','135','136','104','105','106','107','108','118','109','110','111','112','117','127','128','129','130','131','132','133') AND `type` = 1 AND `status` = 1  [ RunTime:0.0000s ]
SQL: SHOW COLUMNS FROM `do_activity` [ RunTime:0.0020s ]
SQL: SELECT * FROM `do_activity` WHERE `id` = 28 LIMIT 1   [ RunTime:0.0000s ]
INFO: [ view_parse ] --START--
INFO: [ template_filter ] --START--
INFO: Run Behavior\ContentReplaceBehavior [ RunTime:0.001000s ]
INFO: [ template_filter ] --END-- [ RunTime:0.001000s ]
INFO: Run Behavior\ParseTemplateBehavior [ RunTime:0.008000s ]
INFO: [ view_parse ] --END-- [ RunTime:0.008000s ]
INFO: [ view_filter ] --START--
INFO: Run Behavior\WriteHtmlCacheBehavior [ RunTime:0.000000s ]
INFO: [ view_filter ] --END-- [ RunTime:0.000000s ]
INFO: [ app_end ] --START--
INFO: Run Behavior\ShowPageTraceBehavior [ RunTime:0.001000s ]
INFO: [ app_end ] --END-- [ RunTime:0.001000s ]

[ 2016-10-07T17:14:06+08:00 ] ::1 /doing/index.php/Admin/Activity/edit/id/28
INFO: [ app_init ] --START--
INFO: Run Behavior\BuildLiteBehavior [ RunTime:0.000000s ]
INFO: [ app_init ] --END-- [ RunTime:0.000000s ]
INFO: [ app_begin ] --START--
INFO: Run Behavior\ReadHtmlCacheBehavior [ RunTime:0.000000s ]
INFO: [ app_begin ] --END-- [ RunTime:0.001000s ]
SQL: SHOW COLUMNS FROM `do_auth_group_access` [ RunTime:0.0020s ]
SQL: SELECT `uid`,`group_id`,`title`,`rules` FROM do_auth_group_access a INNER JOIN do_auth_group g on a.group_id=g.id  WHERE ( a.uid='88' and g.status='1' )  [ RunTime:0.0000s ]
SQL: SHOW COLUMNS FROM `do_auth_rule` [ RunTime:0.0030s ]
SQL: SELECT `condition`,`name` FROM `do_auth_rule` WHERE `id` IN ('6','96','20','1','2','3','4','5','64','21','7','8','9','10','11','12','13','14','15','16','19','137','138','139','140','141','134','135','136','104','105','106','107','108','118','109','110','111','112','117','127','128','129','130','131','132','133') AND `type` = 1 AND `status` = 1  [ RunTime:0.0000s ]
SQL: SHOW COLUMNS FROM `do_activity` [ RunTime:0.0030s ]
SQL: UPDATE `do_activity` SET `id`='28',`activity_name`='test14545',`activity_area`='2',`activity_date`='1473868800',`activity_period`='1',`activity_mode`='545454',`activity_duration`='2',`business_deals`='545454',`activity_location`='45454',`business_name`='54545',`business_address`='54545',`business_contacts`='454545',`business_tel`='54545',`new_user_number`='0',`old_user_number`='5',`flyer_number`='0',`poster_number`='544',`part_number`='0',`gift_number`='0',`part_time`='0',`staff_costs`='0.00',`feedback`='',`modify_uid`='88',`modify_time`='1475831646' WHERE (  `id` = '28' ) [ RunTime:0.0450s ]
INFO: [ view_parse ] --START--
INFO: [ template_filter ] --START--
INFO: Run Behavior\ContentReplaceBehavior [ RunTime:0.000000s ]
INFO: [ template_filter ] --END-- [ RunTime:0.000000s ]
INFO: Run Behavior\ParseTemplateBehavior [ RunTime:0.008000s ]
INFO: [ view_parse ] --END-- [ RunTime:0.009000s ]
INFO: [ view_filter ] --START--
INFO: Run Behavior\WriteHtmlCacheBehavior [ RunTime:0.000000s ]
INFO: [ view_filter ] --END-- [ RunTime:0.000000s ]
INFO: [ app_end ] --START--
INFO: Run Behavior\ShowPageTraceBehavior [ RunTime:0.001000s ]
INFO: [ app_end ] --END-- [ RunTime:0.001000s ]

[ 2016-10-07T17:14:08+08:00 ] ::1 /doing/index.php/Admin/Activity/index
INFO: [ app_init ] --START--
INFO: Run Behavior\BuildLiteBehavior [ RunTime:0.000000s ]
INFO: [ app_init ] --END-- [ RunTime:0.001000s ]
INFO: [ app_begin ] --START--
INFO: Run Behavior\ReadHtmlCacheBehavior [ RunTime:0.001000s ]
INFO: [ app_begin ] --END-- [ RunTime:0.001000s ]
SQL: SHOW COLUMNS FROM `do_auth_group_access` [ RunTime:0.0040s ]
SQL: SELECT `uid`,`group_id`,`title`,`rules` FROM do_auth_group_access a INNER JOIN do_auth_group g on a.group_id=g.id  WHERE ( a.uid='88' and g.status='1' )  [ RunTime:0.0010s ]
SQL: SHOW COLUMNS FROM `do_auth_rule` [ RunTime:0.0030s ]
SQL: SELECT `condition`,`name` FROM `do_auth_rule` WHERE `id` IN ('6','96','20','1','2','3','4','5','64','21','7','8','9','10','11','12','13','14','15','16','19','137','138','139','140','141','134','135','136','104','105','106','107','108','118','109','110','111','112','117','127','128','129','130','131','132','133') AND `type` = 1 AND `status` = 1  [ RunTime:0.0000s ]
SQL: SHOW COLUMNS FROM `do_activity` [ RunTime:0.0030s ]
SQL: SELECT COUNT(*) AS tp_count FROM `do_activity` LIMIT 1   [ RunTime:0.0000s ]
NOTIC: [2048] Only variables should be passed by reference E:\phpstudy\WWW\doing\ThinkPHP\Library\Think\Db\Driver.class.php 第 769 行.
SQL: SELECT * FROM `do_activity` ORDER BY `create_time` desc LIMIT 0,15   [ RunTime:0.0000s ]
SQL: SHOW COLUMNS FROM `do_auth_group_access` [ RunTime:0.0020s ]
SQL: SELECT `uid` FROM `do_auth_group_access` WHERE `group_id` <> 1  [ RunTime:0.0010s ]
SQL: SHOW COLUMNS FROM `do_users` [ RunTime:0.0030s ]
SQL: SELECT `id`,`nikename` FROM `do_users` WHERE `id` IN (89,90,91,92,93,94,96)  [ RunTime:0.0000s ]
INFO: [ view_parse ] --START--
INFO: [ template_filter ] --START--
INFO: Run Behavior\ContentReplaceBehavior [ RunTime:0.001000s ]
INFO: [ template_filter ] --END-- [ RunTime:0.001000s ]
NOTIC: [8] Undefined index: activity_name E:\phpstudy\WWW\doing\Runtime\Cache\Admin\a6c5fefe53e91c9ab431404d001a6160.php 第 29 行.
NOTIC: [8] Undefined index: activity_location E:\phpstudy\WWW\doing\Runtime\Cache\Admin\a6c5fefe53e91c9ab431404d001a6160.php 第 31 行.
NOTIC: [8] Undefined index: activity_leader_id E:\phpstudy\WWW\doing\Runtime\Cache\Admin\a6c5fefe53e91c9ab431404d001a6160.php 第 36 行.
NOTIC: [8] Undefined index: activity_leader_id E:\phpstudy\WWW\doing\Runtime\Cache\Admin\a6c5fefe53e91c9ab431404d001a6160.php 第 36 行.
NOTIC: [8] Undefined index: activity_leader_id E:\phpstudy\WWW\doing\Runtime\Cache\Admin\a6c5fefe53e91c9ab431404d001a6160.php 第 36 行.
NOTIC: [8] Undefined index: activity_leader_id E:\phpstudy\WWW\doing\Runtime\Cache\Admin\a6c5fefe53e91c9ab431404d001a6160.php 第 36 行.
NOTIC: [8] Undefined index: activity_leader_id E:\phpstudy\WWW\doing\Runtime\Cache\Admin\a6c5fefe53e91c9ab431404d001a6160.php 第 36 行.
NOTIC: [8] Undefined index: activity_leader_id E:\phpstudy\WWW\doing\Runtime\Cache\Admin\a6c5fefe53e91c9ab431404d001a6160.php 第 36 行.
NOTIC: [8] Undefined index: activity_leader_id E:\phpstudy\WWW\doing\Runtime\Cache\Admin\a6c5fefe53e91c9ab431404d001a6160.php 第 36 行.
NOTIC: [8] Undefined index: activity_period E:\phpstudy\WWW\doing\Runtime\Cache\Admin\a6c5fefe53e91c9ab431404d001a6160.php 第 42 行.
NOTIC: [8] Undefined index: activity_period E:\phpstudy\WWW\doing\Runtime\Cache\Admin\a6c5fefe53e91c9ab431404d001a6160.php 第 42 行.
NOTIC: [8] Undefined index: activity_period E:\phpstudy\WWW\doing\Runtime\Cache\Admin\a6c5fefe53e91c9ab431404d001a6160.php 第 42 行.
NOTIC: [8] Undefined index: activity_period E:\phpstudy\WWW\doing\Runtime\Cache\Admin\a6c5fefe53e91c9ab431404d001a6160.php 第 42 行.
NOTIC: [8] Undefined index: business_name E:\phpstudy\WWW\doing\Runtime\Cache\Admin\a6c5fefe53e91c9ab431404d001a6160.php 第 49 行.
NOTIC: [8] Undefined index: business_deals E:\phpstudy\WWW\doing\Runtime\Cache\Admin\a6c5fefe53e91c9ab431404d001a6160.php 第 51 行.
NOTIC: [8] Undefined index: activity_area E:\phpstudy\WWW\doing\Runtime\Cache\Admin\a6c5fefe53e91c9ab431404d001a6160.php 第 55 行.
NOTIC: [8] Undefined index: activity_area E:\phpstudy\WWW\doing\Runtime\Cache\Admin\a6c5fefe53e91c9ab431404d001a6160.php 第 55 行.
NOTIC: [8] Undefined index: activity_area E:\phpstudy\WWW\doing\Runtime\Cache\Admin\a6c5fefe53e91c9ab431404d001a6160.php 第 55 行.
NOTIC: [8] Undefined index: activity_area E:\phpstudy\WWW\doing\Runtime\Cache\Admin\a6c5fefe53e91c9ab431404d001a6160.php 第 55 行.
NOTIC: [8] Undefined index: activity_area E:\phpstudy\WWW\doing\Runtime\Cache\Admin\a6c5fefe53e91c9ab431404d001a6160.php 第 55 行.
NOTIC: [8] Undefined index: activity_area E:\phpstudy\WWW\doing\Runtime\Cache\Admin\a6c5fefe53e91c9ab431404d001a6160.php 第 55 行.
NOTIC: [8] Undefined index: activity_area E:\phpstudy\WWW\doing\Runtime\Cache\Admin\a6c5fefe53e91c9ab431404d001a6160.php 第 55 行.
NOTIC: [8] Undefined index: activity_duration E:\phpstudy\WWW\doing\Runtime\Cache\Admin\a6c5fefe53e91c9ab431404d001a6160.php 第 61 行.
NOTIC: [8] Undefined index: activity_duration E:\phpstudy\WWW\doing\Runtime\Cache\Admin\a6c5fefe53e91c9ab431404d001a6160.php 第 61 行.
NOTIC: [8] Undefined index: activity_duration E:\phpstudy\WWW\doing\Runtime\Cache\Admin\a6c5fefe53e91c9ab431404d001a6160.php 第 61 行.
NOTIC: [8] Undefined index: activity_mode E:\phpstudy\WWW\doing\Runtime\Cache\Admin\a6c5fefe53e91c9ab431404d001a6160.php 第 67 行.
NOTIC: [8] Undefined index: start_date E:\phpstudy\WWW\doing\Runtime\Cache\Admin\a6c5fefe53e91c9ab431404d001a6160.php 第 69 行.
NOTIC: [8] Undefined index: end_date E:\phpstudy\WWW\doing\Runtime\Cache\Admin\a6c5fefe53e91c9ab431404d001a6160.php 第 71 行.
NOTIC: [8] Undefined index: activity_name E:\phpstudy\WWW\doing\Runtime\Cache\Admin\a6c5fefe53e91c9ab431404d001a6160.php 第 87 行.
NOTIC: [8] Undefined index: activity_location E:\phpstudy\WWW\doing\Runtime\Cache\Admin\a6c5fefe53e91c9ab431404d001a6160.php 第 87 行.
NOTIC: [8] Undefined index: activity_leader_id E:\phpstudy\WWW\doing\Runtime\Cache\Admin\a6c5fefe53e91c9ab431404d001a6160.php 第 87 行.
NOTIC: [8] Undefined index: activity_period E:\phpstudy\WWW\doing\Runtime\Cache\Admin\a6c5fefe53e91c9ab431404d001a6160.php 第 87 行.
NOTIC: [8] Undefined index: business_name E:\phpstudy\WWW\doing\Runtime\Cache\Admin\a6c5fefe53e91c9ab431404d001a6160.php 第 87 行.
NOTIC: [8] Undefined index: business_deals E:\phpstudy\WWW\doing\Runtime\Cache\Admin\a6c5fefe53e91c9ab431404d001a6160.php 第 87 行.
NOTIC: [8] Undefined index: activity_area E:\phpstudy\WWW\doing\Runtime\Cache\Admin\a6c5fefe53e91c9ab431404d001a6160.php 第 87 行.
NOTIC: [8] Undefined index: activity_duration E:\phpstudy\WWW\doing\Runtime\Cache\Admin\a6c5fefe53e91c9ab431404d001a6160.php 第 87 行.
NOTIC: [8] Undefined index: activity_mode E:\phpstudy\WWW\doing\Runtime\Cache\Admin\a6c5fefe53e91c9ab431404d001a6160.php 第 87 行.
NOTIC: [8] Undefined index: start_date E:\phpstudy\WWW\doing\Runtime\Cache\Admin\a6c5fefe53e91c9ab431404d001a6160.php 第 87 行.
NOTIC: [8] Undefined index: end_date E:\phpstudy\WWW\doing\Runtime\Cache\Admin\a6c5fefe53e91c9ab431404d001a6160.php 第 87 行.
INFO: Run Behavior\ParseTemplateBehavior [ RunTime:0.011000s ]
INFO: [ view_parse ] --END-- [ RunTime:0.011000s ]
INFO: [ view_filter ] --START--
INFO: Run Behavior\WriteHtmlCacheBehavior [ RunTime:0.001000s ]
INFO: [ view_filter ] --END-- [ RunTime:0.001000s ]
INFO: [ app_end ] --START--
INFO: Run Behavior\ShowPageTraceBehavior [ RunTime:0.000000s ]
INFO: [ app_end ] --END-- [ RunTime:0.000000s ]

[ 2016-10-07T17:14:20+08:00 ] ::1 /doing/index.php/Admin/Activity/edit/id/14
INFO: [ app_init ] --START--
INFO: Run Behavior\BuildLiteBehavior [ RunTime:0.000000s ]
INFO: [ app_init ] --END-- [ RunTime:0.000000s ]
INFO: [ app_begin ] --START--
INFO: Run Behavior\ReadHtmlCacheBehavior [ RunTime:0.001000s ]
INFO: [ app_begin ] --END-- [ RunTime:0.001000s ]
INFO: [ view_parse ] --START--
INFO: [ template_filter ] --START--
INFO: Run Behavior\ContentReplaceBehavior [ RunTime:0.000000s ]
INFO: [ template_filter ] --END-- [ RunTime:0.000000s ]
INFO: Run Behavior\ParseTemplateBehavior [ RunTime:0.006000s ]
INFO: [ view_parse ] --END-- [ RunTime:0.006000s ]
INFO: [ view_filter ] --START--
INFO: Run Behavior\WriteHtmlCacheBehavior [ RunTime:0.000000s ]
INFO: [ view_filter ] --END-- [ RunTime:0.000000s ]

[ 2016-10-07T17:14:28+08:00 ] ::1 /doing/index.php/Admin/Index/index
INFO: [ app_init ] --START--
INFO: Run Behavior\BuildLiteBehavior [ RunTime:0.000000s ]
INFO: [ app_init ] --END-- [ RunTime:0.001000s ]
INFO: [ app_begin ] --START--
INFO: Run Behavior\ReadHtmlCacheBehavior [ RunTime:0.001000s ]
INFO: [ app_begin ] --END-- [ RunTime:0.001000s ]
INFO: [ view_parse ] --START--
INFO: [ template_filter ] --START--
INFO: Run Behavior\ContentReplaceBehavior [ RunTime:0.001000s ]
INFO: [ template_filter ] --END-- [ RunTime:0.001000s ]
INFO: Run Behavior\ParseTemplateBehavior [ RunTime:0.008000s ]
INFO: [ view_parse ] --END-- [ RunTime:0.008000s ]
INFO: [ view_filter ] --START--
INFO: Run Behavior\WriteHtmlCacheBehavior [ RunTime:0.000000s ]
INFO: [ view_filter ] --END-- [ RunTime:0.000000s ]

[ 2016-10-07T17:14:47+08:00 ] ::1 /doing/index.php/Admin/Index/index
INFO: [ app_init ] --START--
INFO: Run Behavior\BuildLiteBehavior [ RunTime:0.000000s ]
INFO: [ app_init ] --END-- [ RunTime:0.001000s ]
INFO: [ app_begin ] --START--
INFO: Run Behavior\ReadHtmlCacheBehavior [ RunTime:0.000000s ]
INFO: [ app_begin ] --END-- [ RunTime:0.000000s ]
SQL: SHOW COLUMNS FROM `do_auth_group_access` [ RunTime:0.0030s ]
SQL: SELECT `uid`,`group_id`,`title`,`rules` FROM do_auth_group_access a INNER JOIN do_auth_group g on a.group_id=g.id  WHERE ( a.uid='88' and g.status='1' )  [ RunTime:0.0000s ]
SQL: SHOW COLUMNS FROM `do_auth_rule` [ RunTime:0.0040s ]
SQL: SELECT `condition`,`name` FROM `do_auth_rule` WHERE `id` IN ('6','96','20','1','2','3','4','5','64','21','7','8','9','10','11','12','13','14','15','16','19','137','138','139','140','141','134','135','136','104','105','106','107','108','118','109','110','111','112','117','127','128','129','130','131','132','133') AND `type` = 1 AND `status` = 1  [ RunTime:0.0010s ]
NOTIC: [2048] Declaration of Common\Model\AdminNavModel::getTreeData() should be compatible with Common\Model\BaseModel::getTreeData($type = 'tree', $order = '', $name = 'name', $child = 'id', $parent = 'pid') E:\phpstudy\WWW\doing\Application\Common\Model\AdminNavModel.class.php 第 7 行.
SQL: SHOW COLUMNS FROM `do_admin_nav` [ RunTime:0.0040s ]
SQL: SELECT * FROM `do_admin_nav` ORDER BY order_number is null,`order_number`,`id`  [ RunTime:0.0010s ]
INFO: [ view_parse ] --START--
INFO: [ template_filter ] --START--
INFO: Run Behavior\ContentReplaceBehavior [ RunTime:0.000000s ]
INFO: [ template_filter ] --END-- [ RunTime:0.000000s ]
INFO: Run Behavior\ParseTemplateBehavior [ RunTime:0.010000s ]
INFO: [ view_parse ] --END-- [ RunTime:0.010000s ]
INFO: [ view_filter ] --START--
INFO: Run Behavior\WriteHtmlCacheBehavior [ RunTime:0.001000s ]
INFO: [ view_filter ] --END-- [ RunTime:0.001000s ]
INFO: [ app_end ] --START--
INFO: Run Behavior\ShowPageTraceBehavior [ RunTime:0.000000s ]
INFO: [ app_end ] --END-- [ RunTime:0.000000s ]

[ 2016-10-07T17:14:47+08:00 ] ::1 /doing/index.php/Admin/Index/welcome
INFO: [ app_init ] --START--
INFO: Run Behavior\BuildLiteBehavior [ RunTime:0.000000s ]
INFO: [ app_init ] --END-- [ RunTime:0.000000s ]
INFO: [ app_begin ] --START--
INFO: Run Behavior\ReadHtmlCacheBehavior [ RunTime:0.000000s ]
INFO: [ app_begin ] --END-- [ RunTime:0.000000s ]
SQL: SHOW COLUMNS FROM `do_auth_group_access` [ RunTime:0.0030s ]
SQL: SELECT `uid`,`group_id`,`title`,`rules` FROM do_auth_group_access a INNER JOIN do_auth_group g on a.group_id=g.id  WHERE ( a.uid='88' and g.status='1' )  [ RunTime:0.0010s ]
SQL: SHOW COLUMNS FROM `do_auth_rule` [ RunTime:0.0020s ]
SQL: SELECT `condition`,`name` FROM `do_auth_rule` WHERE `id` IN ('6','96','20','1','2','3','4','5','64','21','7','8','9','10','11','12','13','14','15','16','19','137','138','139','140','141','134','135','136','104','105','106','107','108','118','109','110','111','112','117','127','128','129','130','131','132','133') AND `type` = 1 AND `status` = 1  [ RunTime:0.0010s ]
INFO: [ view_parse ] --START--
INFO: [ template_filter ] --START--
INFO: Run Behavior\ContentReplaceBehavior [ RunTime:0.001000s ]
INFO: [ template_filter ] --END-- [ RunTime:0.001000s ]
INFO: Run Behavior\ParseTemplateBehavior [ RunTime:0.002000s ]
INFO: [ view_parse ] --END-- [ RunTime:0.002000s ]
INFO: [ view_filter ] --START--
INFO: Run Behavior\WriteHtmlCacheBehavior [ RunTime:0.000000s ]
INFO: [ view_filter ] --END-- [ RunTime:0.000000s ]
INFO: [ app_end ] --START--
INFO: Run Behavior\ShowPageTraceBehavior [ RunTime:0.001000s ]
INFO: [ app_end ] --END-- [ RunTime:0.001000s ]

[ 2016-10-07T17:15:14+08:00 ] ::1 /doing/index.php/Admin/Index/index
INFO: [ app_init ] --START--
INFO: Run Behavior\BuildLiteBehavior [ RunTime:0.000000s ]
INFO: [ app_init ] --END-- [ RunTime:0.000000s ]
INFO: [ app_begin ] --START--
INFO: Run Behavior\ReadHtmlCacheBehavior [ RunTime:0.001000s ]
INFO: [ app_begin ] --END-- [ RunTime:0.001000s ]
SQL: SHOW COLUMNS FROM `do_auth_group_access` [ RunTime:0.0040s ]
SQL: SELECT `uid`,`group_id`,`title`,`rules` FROM do_auth_group_access a INNER JOIN do_auth_group g on a.group_id=g.id  WHERE ( a.uid='88' and g.status='1' )  [ RunTime:0.0000s ]
SQL: SHOW COLUMNS FROM `do_auth_rule` [ RunTime:0.0030s ]
SQL: SELECT `condition`,`name` FROM `do_auth_rule` WHERE `id` IN ('6','96','20','1','2','3','4','5','64','21','7','8','9','10','11','12','13','14','15','16','19','137','138','139','140','141','134','135','136','104','105','106','107','108','118','109','110','111','112','117','127','128','129','130','131','132','133') AND `type` = 1 AND `status` = 1  [ RunTime:0.0000s ]
NOTIC: [2048] Declaration of Common\Model\AdminNavModel::getTreeData() should be compatible with Common\Model\BaseModel::getTreeData($type = 'tree', $order = '', $name = 'name', $child = 'id', $parent = 'pid') E:\phpstudy\WWW\doing\Application\Common\Model\AdminNavModel.class.php 第 7 行.
SQL: SHOW COLUMNS FROM `do_admin_nav` [ RunTime:0.0020s ]
SQL: SELECT * FROM `do_admin_nav` ORDER BY order_number is null,`order_number`,`id`  [ RunTime:0.0000s ]
INFO: [ view_parse ] --START--
INFO: [ template_filter ] --START--
INFO: Run Behavior\ContentReplaceBehavior [ RunTime:0.000000s ]
INFO: [ template_filter ] --END-- [ RunTime:0.000000s ]
INFO: Run Behavior\ParseTemplateBehavior [ RunTime:0.006000s ]
INFO: [ view_parse ] --END-- [ RunTime:0.006000s ]
INFO: [ view_filter ] --START--
INFO: Run Behavior\WriteHtmlCacheBehavior [ RunTime:0.000000s ]
INFO: [ view_filter ] --END-- [ RunTime:0.000000s ]
INFO: [ app_end ] --START--
INFO: Run Behavior\ShowPageTraceBehavior [ RunTime:0.000000s ]
INFO: [ app_end ] --END-- [ RunTime:0.000000s ]

[ 2016-10-07T17:15:14+08:00 ] ::1 /doing/index.php/Admin/Index/welcome
INFO: [ app_init ] --START--
INFO: Run Behavior\BuildLiteBehavior [ RunTime:0.000000s ]
INFO: [ app_init ] --END-- [ RunTime:0.001000s ]
INFO: [ app_begin ] --START--
INFO: Run Behavior\ReadHtmlCacheBehavior [ RunTime:0.000000s ]
INFO: [ app_begin ] --END-- [ RunTime:0.001000s ]
SQL: SHOW COLUMNS FROM `do_auth_group_access` [ RunTime:0.0030s ]
SQL: SELECT `uid`,`group_id`,`title`,`rules` FROM do_auth_group_access a INNER JOIN do_auth_group g on a.group_id=g.id  WHERE ( a.uid='88' and g.status='1' )  [ RunTime:0.0010s ]
SQL: SHOW COLUMNS FROM `do_auth_rule` [ RunTime:0.0020s ]
SQL: SELECT `condition`,`name` FROM `do_auth_rule` WHERE `id` IN ('6','96','20','1','2','3','4','5','64','21','7','8','9','10','11','12','13','14','15','16','19','137','138','139','140','141','134','135','136','104','105','106','107','108','118','109','110','111','112','117','127','128','129','130','131','132','133') AND `type` = 1 AND `status` = 1  [ RunTime:0.0000s ]
INFO: [ view_parse ] --START--
INFO: [ template_filter ] --START--
INFO: Run Behavior\ContentReplaceBehavior [ RunTime:0.000000s ]
INFO: [ template_filter ] --END-- [ RunTime:0.000000s ]
INFO: Run Behavior\ParseTemplateBehavior [ RunTime:0.002000s ]
INFO: [ view_parse ] --END-- [ RunTime:0.002000s ]
INFO: [ view_filter ] --START--
INFO: Run Behavior\WriteHtmlCacheBehavior [ RunTime:0.000000s ]
INFO: [ view_filter ] --END-- [ RunTime:0.000000s ]
INFO: [ app_end ] --START--
INFO: Run Behavior\ShowPageTraceBehavior [ RunTime:0.000000s ]
INFO: [ app_end ] --END-- [ RunTime:0.000000s ]

